#
# A fatal error has been detected by the Java Runtime Environment:
#
#  EXCEPTION_ACCESS_VIOLATION (0xc0000005) at pc=0x00007ffe46304f69, pid=12548, tid=4880
#
# JRE version: Java(TM) SE Runtime Environment (16.0+36) (build 16+36-2231)
# Java VM: Java HotSpot(TM) 64-Bit Server VM (16+36-2231, mixed mode, sharing, tiered, compressed oops, g1 gc, windows-amd64)
# Problematic frame:
# C  [KERNELBASE.dll+0x34f69]
#
# No core dump will be written. Minidumps are not enabled by default on client versions of Windows
#
# If you would like to submit a bug report, please visit:
#   https://bugreport.java.com/bugreport/crash.jsp
# The crash happened outside the Java Virtual Machine in native code.
# See problematic frame for where to report the bug.
#

---------------  S U M M A R Y ------------

Command Line: -javaagent:D:\Programs\IntelliJ IDEA 2020.3.2\lib\idea_rt.jar=54972:D:\Programs\IntelliJ IDEA 2020.3.2\bin -Dfile.encoding=UTF-8 MaizeDiseaseDetectionModel

Host: Intel(R) Core(TM) i5-9500T CPU @ 2.20GHz, 6 cores, 15G,  Windows 10 , 64 bit Build 19041 (10.0.19041.1348)
Time: Tue Jan  4 23:00:29 2022 South Africa Standard Time elapsed time: 994.099654 seconds (0d 0h 16m 34s)

---------------  T H R E A D  ---------------

Current thread (0x0000011cf37c6010):  JavaThread "ADSI prefetch thread" daemon [_thread_in_native, id=4880, stack(0x0000000310300000,0x0000000310400000)]

Stack: [0x0000000310300000,0x0000000310400000],  sp=0x00000003103fbd50,  free space=1007k
Native frames: (J=compiled Java code, j=interpreted, Vv=VM code, C=native code)
C  [KERNELBASE.dll+0x34f69]
C  [vcruntime140_1.dll+0x2753]
C  [ntdll.dll+0xa1456]
C  [opencv_core451.dll+0x1e65eb]

Java frames: (J=compiled Java code, j=interpreted, Vv=VM code)
j  org.bytedeco.opencv.global.opencv_imgproc.cvtColor(Lorg/bytedeco/opencv/opencv_core/Mat;Lorg/bytedeco/opencv/opencv_core/Mat;I)V+0
J 2127 c1 org.datavec.image.loader.NativeImageLoader.transformImage(Lorg/bytedeco/opencv/opencv_core/Mat;Lorg/nd4j/linalg/api/ndarray/INDArray;)Lorg/nd4j/linalg/api/ndarray/INDArray; (459 bytes) @ 0x0000011cd3f25514 [0x0000011cd3f245c0+0x0000000000000f54]
J 2130 c1 org.datavec.image.loader.NativeImageLoader.asMatrixView(Ljava/io/InputStream;Lorg/nd4j/linalg/api/ndarray/INDArray;)V (94 bytes) @ 0x0000011cd3f28ca4 [0x0000011cd3f28980+0x0000000000000324]
J 2270 c1 org.datavec.image.loader.NativeImageLoader.asMatrixView(Ljava/io/File;Lorg/nd4j/linalg/api/ndarray/INDArray;)V (107 bytes) @ 0x0000011cd3f6cd3c [0x0000011cd3f6cb40+0x00000000000001fc]
j  org.datavec.image.recordreader.BaseImageRecordReader.next(I)Ljava/util/List;+416
j  org.deeplearning4j.datasets.datavec.RecordReaderMultiDataSetIterator.next(I)Lorg/nd4j/linalg/dataset/api/MultiDataSet;+126
j  org.deeplearning4j.datasets.datavec.RecordReaderDataSetIterator.next(I)Lorg/nd4j/linalg/dataset/DataSet;+64
j  org.deeplearning4j.datasets.datavec.RecordReaderDataSetIterator.next()Lorg/nd4j/linalg/dataset/DataSet;+5
j  org.deeplearning4j.datasets.datavec.RecordReaderDataSetIterator.next()Ljava/lang/Object;+1
j  org.nd4j.linalg.dataset.AsyncDataSetIterator$AsyncPrefetchThread.run()V+108
v  ~StubRoutines::call_stub

siginfo: EXCEPTION_ACCESS_VIOLATION (0xc0000005), reading address 0x0000011d15034600


Register to memory mapping:

RIP=0x00007ffe46304f69 KERNELBASE.dll
RAX=0x00000003103fb5e0 is pointing into the stack for thread: 0x0000011cf37c6010
RBX=0x00000003103fd910 is pointing into the stack for thread: 0x0000011cf37c6010
RCX=0x00000003103fb649 is pointing into the stack for thread: 0x0000011cf37c6010
RDX=0x0000011cf015e500 points into unknown readable memory: 0x726f001cc778036f | 6f 03 78 c7 1c 00 6f 72
RSP=0x00000003103fbd50 is pointing into the stack for thread: 0x0000011cf37c6010
RBP=0x00000003103fc430 is pointing into the stack for thread: 0x0000011cf37c6010
RSI=0x00000003103fe160 is pointing into the stack for thread: 0x0000011cf37c6010
RDI=0x00000003103fcbd0 is pointing into the stack for thread: 0x0000011cf37c6010
R8 =0x0000011cf0e95840 points into unknown readable memory: 0x4a2800239fd30001 | 01 00 d3 9f 23 00 28 4a
R9 =0x0 is NULL
R10=0x0000011cd3f2452c is at entry_point+-148 in (nmethod*)0x0000011cd3f24110
R11=0x0000011cd3f245c0 is at entry_point+0 in (nmethod*)0x0000011cd3f24110
R12=0x0 is NULL
R13=0x00000003103fbeb8 is pointing into the stack for thread: 0x0000011cf37c6010
R14=0x00000003103fcbd0 is pointing into the stack for thread: 0x0000011cf37c6010
R15=0x00000003103fcd38 is pointing into the stack for thread: 0x0000011cf37c6010


Registers:
RAX=0x00000003103fb5e0, RBX=0x00000003103fd910, RCX=0x00000003103fb649, RDX=0x0000011cf015e500
RSP=0x00000003103fbd50, RBP=0x00000003103fc430, RSI=0x00000003103fe160, RDI=0x00000003103fcbd0
R8 =0x0000011cf0e95840, R9 =0x0000000000000000, R10=0x0000011cd3f2452c, R11=0x0000011cd3f245c0
R12=0x0000000000000000, R13=0x00000003103fbeb8, R14=0x00000003103fcbd0, R15=0x00000003103fcd38
RIP=0x00007ffe46304f69, EFLAGS=0x0000000000000206

Top of Stack: (sp=0x00000003103fbd50)
0x00000003103fbd50:   0000fe2000000000 00000003103fd910
0x00000003103fbd60:   00000003103fe160 00007ffe438d6220
0x00000003103fbd70:   00000001c0000005 0000000000000000
0x00000003103fbd80:   00007ffe46304f69 0000000000000002
0x00000003103fbd90:   0000000000000000 0000011d15034600
0x00000003103fbda0:   0000000000000006 00000003103fc430
0x00000003103fbdb0:   00005f0c311ef373 0000000000000000
0x00000003103fbdc0:   00000003103fd910 00007ffe43863499
0x00000003103fbdd0:   0000011c00000000 0000011cf3b89f20
0x00000003103fbde0:   00000003103fd910 00000003103fe160
0x00000003103fbdf0:   00000003103fcbd0 00007ffe438633d9
0x00000003103fbe00:   00000003103fd910 00000003103fe160
0x00000003103fbe10:   0000fe205c811bd1 0000011cf2523720
0x00000003103fbe20:   00000003103fd910 00007ffe43862753
0x00000003103fbe30:   00007ffdd58270e0 00000003103fcd38
0x00000003103fbe40:   0000000300000100 0000000000000003 

Instructions: (pc=0x00007ffe46304f69)
0x00007ffe46304e69:   d8 21 00 00 41 0f 44 c0 89 43 24 8b 41 18 89 43
0x00007ffe46304e79:   28 65 48 8b 04 25 60 00 00 00 48 8b 48 20 39 79
0x00007ffe46304e89:   08 7c 36 41 b9 40 00 00 00 48 89 7c 24 20 4c 8d
0x00007ffe46304e99:   44 24 30 48 83 c9 ff 41 8d 51 e5 48 ff 15 7d 9d
0x00007ffe46304ea9:   18 00 0f 1f 44 00 00 85 c0 0f 88 7f ef 06 00 81
0x00007ffe46304eb9:   7c 24 54 33 00 03 00 72 0f 48 8b 9c 24 80 00 00
0x00007ffe46304ec9:   00 48 83 c4 70 5f c3 cc 89 7b 2c eb ec cc cc cc
0x00007ffe46304ed9:   cc cc cc cc cc cc cc 65 48 8b 04 25 30 00 00 00
0x00007ffe46304ee9:   8b 40 68 c3 cc cc cc cc cc cc cc cc cc cc cc cc
0x00007ffe46304ef9:   cc cc cc cc cc cc cc 48 81 ec d8 00 00 00 48 8b
0x00007ffe46304f09:   05 62 5f 25 00 48 33 c4 48 89 84 24 c0 00 00 00
0x00007ffe46304f19:   48 83 64 24 28 00 48 8d 05 da ff ff ff 83 e2 01
0x00007ffe46304f29:   89 4c 24 20 89 54 24 24 48 89 44 24 30 4d 85 c9
0x00007ffe46304f39:   74 4c b8 0f 00 00 00 48 8d 4c 24 40 44 3b c0 49
0x00007ffe46304f49:   8b d1 44 0f 47 c0 44 89 44 24 38 49 c1 e0 03 e8
0x00007ffe46304f59:   1a d5 05 00 48 8d 4c 24 20 48 ff 15 9f 9d 18 00
0x00007ffe46304f69:   0f 1f 44 00 00 48 8b 8c 24 c0 00 00 00 48 33 cc
0x00007ffe46304f79:   e8 52 97 05 00 48 81 c4 d8 00 00 00 c3 cc 83 64
0x00007ffe46304f89:   24 38 00 eb cf cc cc cc cc cc cc cc cc cc cc cc
0x00007ffe46304f99:   cc cc cc cc cc cc cc 40 53 48 83 ec 30 48 8b d1
0x00007ffe46304fa9:   48 8d 4c 24 20 e8 e5 cc ff ff 85 c0 74 26 48 8b
0x00007ffe46304fb9:   4c 24 28 e8 8f 6f ff ff 48 8d 4c 24 20 8b d8 48
0x00007ffe46304fc9:   ff 15 91 95 18 00 0f 1f 44 00 00 8b c3 48 83 c4
0x00007ffe46304fd9:   30 5b c3 cc 83 c8 ff eb f4 cc cc cc cc cc cc cc
0x00007ffe46304fe9:   cc cc cc cc cc cc cc 48 8b c4 48 89 58 10 48 89
0x00007ffe46304ff9:   70 18 57 48 83 ec 60 0f 57 c0 0f 11 40 b8 48 8d
0x00007ffe46305009:   35 b2 f5 18 00 33 db 48 85 c9 48 0f 45 f1 48 8b
0x00007ffe46305019:   d6 48 8d 48 c8 48 ff 15 c3 9b 18 00 0f 1f 44 00
0x00007ffe46305029:   00 8b f8 89 44 24 70 85 c0 78 1f 41 b0 01 48 8d
0x00007ffe46305039:   54 24 30 48 8d 4c 24 20 48 ff 15 40 95 18 00 0f
0x00007ffe46305049:   1f 44 00 00 8b f8 89 44 24 70 85 ff 0f 88 e9 ed
0x00007ffe46305059:   06 00 48 83 c8 ff 48 8b c8 48 ff c1 66 39 1c 4e 


Stack slot to memory mapping:
stack at sp + 0 slots: 0x0000fe2000000000 is an unknown value
stack at sp + 1 slots: 0x00000003103fd910 is pointing into the stack for thread: 0x0000011cf37c6010
stack at sp + 2 slots: 0x00000003103fe160 is pointing into the stack for thread: 0x0000011cf37c6010
stack at sp + 3 slots: 0x00007ffe438d6220 VCRUNTIME140.dll
stack at sp + 4 slots: 0x00000001c0000005 is an unknown value
stack at sp + 5 slots: 0x0 is NULL
stack at sp + 6 slots: 0x00007ffe46304f69 KERNELBASE.dll
stack at sp + 7 slots: 0x0000000000000002 is an unknown value


---------------  P R O C E S S  ---------------

Threads class SMR info:
_java_thread_list=0x0000011cf01444d0, length=17, elements={
0x0000011ccbd8a780, 0x0000011cee420b40, 0x0000011cee4221a0, 0x0000011cee42f050,
0x0000011cee432b70, 0x0000011cee433570, 0x0000011cee434710, 0x0000011cee4399f0,
0x0000011cee43ab90, 0x0000011cee43f180, 0x0000011cef0aaa40, 0x0000011cefeeb870,
0x0000011cefa42110, 0x0000011cf1283a40, 0x0000011cf3af3870, 0x0000011cf3af3d90,
0x0000011cf37c6010
}

Java Threads: ( => current thread )
  0x0000011ccbd8a780 JavaThread "main" [_thread_in_native, id=4780, stack(0x000000030d600000,0x000000030d700000)]
  0x0000011cee420b40 JavaThread "Reference Handler" daemon [_thread_blocked, id=10452, stack(0x000000030dd00000,0x000000030de00000)]
  0x0000011cee4221a0 JavaThread "Finalizer" daemon [_thread_blocked, id=13880, stack(0x000000030de00000,0x000000030df00000)]
  0x0000011cee42f050 JavaThread "Signal Dispatcher" daemon [_thread_blocked, id=13248, stack(0x000000030df00000,0x000000030e000000)]
  0x0000011cee432b70 JavaThread "Attach Listener" daemon [_thread_blocked, id=13296, stack(0x000000030e000000,0x000000030e100000)]
  0x0000011cee433570 JavaThread "Service Thread" daemon [_thread_blocked, id=11920, stack(0x000000030e100000,0x000000030e200000)]
  0x0000011cee434710 JavaThread "Monitor Deflation Thread" daemon [_thread_blocked, id=2064, stack(0x000000030e200000,0x000000030e300000)]
  0x0000011cee4399f0 JavaThread "C2 CompilerThread0" daemon [_thread_blocked, id=5156, stack(0x000000030e300000,0x000000030e400000)]
  0x0000011cee43ab90 JavaThread "C1 CompilerThread0" daemon [_thread_blocked, id=688, stack(0x000000030e400000,0x000000030e500000)]
  0x0000011cee43f180 JavaThread "Sweeper thread" daemon [_thread_blocked, id=1556, stack(0x000000030e500000,0x000000030e600000)]
  0x0000011cef0aaa40 JavaThread "Common-Cleaner" daemon [_thread_blocked, id=11576, stack(0x000000030e600000,0x000000030e700000)]
  0x0000011cefeeb870 JavaThread "Monitor Ctrl-Break" daemon [_thread_in_native, id=9880, stack(0x000000030ed00000,0x000000030ee00000)]
  0x0000011cefa42110 JavaThread "Notification Thread" daemon [_thread_blocked, id=6208, stack(0x000000030ee00000,0x000000030ef00000)]
  0x0000011cf1283a40 JavaThread "JavaCPP Deallocator" daemon [_thread_blocked, id=1892, stack(0x000000030f000000,0x000000030f100000)]
  0x0000011cf3af3870 JavaThread "DeallocatorServiceThread_0" daemon [_thread_blocked, id=13920, stack(0x000000030ec00000,0x000000030ed00000)]
  0x0000011cf3af3d90 JavaThread "DeallocatorServiceThread_1" daemon [_thread_blocked, id=11180, stack(0x000000030fb00000,0x000000030fc00000)]
=>0x0000011cf37c6010 JavaThread "ADSI prefetch thread" daemon [_thread_in_native, id=4880, stack(0x0000000310300000,0x0000000310400000)]

Other Threads:
  0x0000011cee41b750 VMThread "VM Thread" [stack: 0x000000030dc00000,0x000000030dd00000] [id=11768]
  0x0000011cefcac510 WatcherThread [stack: 0x000000030ef00000,0x000000030f000000] [id=12236]
  0x0000011ccbdda410 GCTaskThread "GC Thread#0" [stack: 0x000000030d700000,0x000000030d800000] [id=9148]
  0x0000011cef7eb2e0 GCTaskThread "GC Thread#1" [stack: 0x000000030e700000,0x000000030e800000] [id=10936]
  0x0000011cef96d120 GCTaskThread "GC Thread#2" [stack: 0x000000030e800000,0x000000030e900000] [id=10488]
  0x0000011cef7eb5f0 GCTaskThread "GC Thread#3" [stack: 0x000000030e900000,0x000000030ea00000] [id=5608]
  0x0000011cef7eb900 GCTaskThread "GC Thread#4" [stack: 0x000000030ea00000,0x000000030eb00000] [id=10136]
  0x0000011cef420620 GCTaskThread "GC Thread#5" [stack: 0x000000030eb00000,0x000000030ec00000] [id=1712]
  0x0000011ccbdeb1d0 ConcurrentGCThread "G1 Main Marker" [stack: 0x000000030d800000,0x000000030d900000] [id=7164]
  0x0000011ccbded3f0 ConcurrentGCThread "G1 Conc#0" [stack: 0x000000030d900000,0x000000030da00000] [id=13008]
  0x0000011cee2d20d0 ConcurrentGCThread "G1 Refine#0" [stack: 0x000000030da00000,0x000000030db00000] [id=8784]
  0x0000011cee2d2b50 ConcurrentGCThread "G1 Service" [stack: 0x000000030db00000,0x000000030dc00000] [id=10956]

Threads with active compile tasks:

VM state: not at safepoint (normal execution)

VM Mutex/Monitor currently owned by a thread: None

Heap address: 0x0000000703800000, size: 4040 MB, Compressed Oops mode: Zero based, Oop shift amount: 3
CDS archive(s) mapped at: [0x0000000800000000-0x0000000800bb0000-0x0000000800bb0000), size 12255232, SharedBaseAddress: 0x0000000800000000, ArchiveRelocationMode: 0.
Compressed class space mapped at: 0x0000000800c00000-0x0000000840c00000, reserved size: 1073741824
Narrow klass base: 0x0000000800000000, Narrow klass shift: 3, Narrow klass range: 0x100000000

GC Precious Log:
 CPUs: 6 total, 6 available
 Memory: 16158M
 Large Page Support: Disabled
 NUMA Support: Disabled
 Compressed Oops: Enabled (Zero based)
 Heap Region Size: 2M
 Heap Min Capacity: 8M
 Heap Initial Capacity: 254M
 Heap Max Capacity: 4040M
 Pre-touch: Disabled
 Parallel Workers: 6
 Concurrent Workers: 2
 Concurrent Refinement Workers: 6
 Periodic GC: Disabled

Heap:
 garbage-first heap   total 260096K, used 155514K [0x0000000703800000, 0x0000000800000000)
  region size 2048K, 56 young (114688K), 2 survivors (4096K)
 Metaspace       used 21011K, committed 21184K, reserved 1073152K
  class space    used 1826K, committed 1920K, reserved 1048576K

Heap Regions: E=young(eden), S=young(survivor), O=old, HS=humongous(starts), HC=humongous(continues), CS=collection set, F=free, OA=open archive, CA=closed archive, TAMS=top-at-mark-start (previous, next)
|   0|0x0000000703800000, 0x0000000703a00000, 0x0000000703a00000|100%|HS|  |TAMS 0x0000000703800000, 0x0000000703800000| Complete 
|   1|0x0000000703a00000, 0x0000000703c00000, 0x0000000703c00000|100%| O|  |TAMS 0x0000000703a00000, 0x0000000703a00000| Untracked 
|   2|0x0000000703c00000, 0x0000000703e00000, 0x0000000703e00000|100%| O|  |TAMS 0x0000000703c00000, 0x0000000703c00000| Untracked 
|   3|0x0000000703e00000, 0x0000000704000000, 0x0000000704000000|100%| O|  |TAMS 0x0000000703e00000, 0x0000000703e00000| Untracked 
|   4|0x0000000704000000, 0x0000000704200000, 0x0000000704200000|100%| O|  |TAMS 0x0000000704000000, 0x0000000704000000| Untracked 
|   5|0x0000000704200000, 0x0000000704400000, 0x0000000704400000|100%| O|  |TAMS 0x0000000704200000, 0x0000000704200000| Untracked 
|   6|0x0000000704400000, 0x0000000704600000, 0x0000000704600000|100%|HS|  |TAMS 0x0000000704400000, 0x0000000704400000| Complete 
|   7|0x0000000704600000, 0x0000000704800000, 0x0000000704800000|100%|HC|  |TAMS 0x0000000704600000, 0x0000000704600000| Complete 
|   8|0x0000000704800000, 0x0000000704a00000, 0x0000000704a00000|100%|HC|  |TAMS 0x0000000704800000, 0x0000000704800000| Complete 
|   9|0x0000000704a00000, 0x0000000704c00000, 0x0000000704c00000|100%|HC|  |TAMS 0x0000000704a00000, 0x0000000704a00000| Complete 
|  10|0x0000000704c00000, 0x0000000704e00000, 0x0000000704e00000|100%|HC|  |TAMS 0x0000000704c00000, 0x0000000704c00000| Complete 
|  11|0x0000000704e00000, 0x0000000705000000, 0x0000000705000000|100%|HS|  |TAMS 0x0000000704e00000, 0x0000000704e00000| Complete 
|  12|0x0000000705000000, 0x0000000705200000, 0x0000000705200000|100%| O|  |TAMS 0x0000000705000000, 0x0000000705000000| Untracked 
|  13|0x0000000705200000, 0x00000007052c0000, 0x0000000705400000| 37%| O|  |TAMS 0x0000000705200000, 0x0000000705200000| Untracked 
|  14|0x0000000705400000, 0x0000000705600000, 0x0000000705600000|100%|HS|  |TAMS 0x0000000705400000, 0x0000000705400000| Complete 
|  15|0x0000000705600000, 0x0000000705800000, 0x0000000705800000|100%|HC|  |TAMS 0x0000000705600000, 0x0000000705600000| Complete 
|  16|0x0000000705800000, 0x0000000705a00000, 0x0000000705a00000|100%|HC|  |TAMS 0x0000000705800000, 0x0000000705800000| Complete 
|  17|0x0000000705a00000, 0x0000000705c00000, 0x0000000705c00000|100%|HC|  |TAMS 0x0000000705a00000, 0x0000000705a00000| Complete 
|  18|0x0000000705c00000, 0x0000000705e00000, 0x0000000705e00000|100%|HC|  |TAMS 0x0000000705c00000, 0x0000000705c00000| Complete 
|  19|0x0000000705e00000, 0x0000000706000000, 0x0000000706000000|100%|HS|  |TAMS 0x0000000705e00000, 0x0000000705e00000| Complete 
|  20|0x0000000706000000, 0x0000000706200000, 0x0000000706200000|100%|HS|  |TAMS 0x0000000706000000, 0x0000000706000000| Complete 
|  21|0x0000000706200000, 0x0000000706400000, 0x0000000706400000|100%|HS|  |TAMS 0x0000000706200000, 0x0000000706200000| Complete 
|  22|0x0000000706400000, 0x0000000706600000, 0x0000000706600000|100%|HC|  |TAMS 0x0000000706400000, 0x0000000706400000| Complete 
|  23|0x0000000706600000, 0x0000000706600000, 0x0000000706800000|  0%| F|  |TAMS 0x0000000706600000, 0x0000000706600000| Untracked 
|  24|0x0000000706800000, 0x0000000706800000, 0x0000000706a00000|  0%| F|  |TAMS 0x0000000706800000, 0x0000000706800000| Untracked 
|  25|0x0000000706a00000, 0x0000000706a00000, 0x0000000706c00000|  0%| F|  |TAMS 0x0000000706a00000, 0x0000000706a00000| Untracked 
|  26|0x0000000706c00000, 0x0000000706c00000, 0x0000000706e00000|  0%| F|  |TAMS 0x0000000706c00000, 0x0000000706c00000| Untracked 
|  27|0x0000000706e00000, 0x0000000706e00000, 0x0000000707000000|  0%| F|  |TAMS 0x0000000706e00000, 0x0000000706e00000| Untracked 
|  28|0x0000000707000000, 0x0000000707000000, 0x0000000707200000|  0%| F|  |TAMS 0x0000000707000000, 0x0000000707000000| Untracked 
|  29|0x0000000707200000, 0x0000000707200000, 0x0000000707400000|  0%| F|  |TAMS 0x0000000707200000, 0x0000000707200000| Untracked 
|  30|0x0000000707400000, 0x0000000707400000, 0x0000000707600000|  0%| F|  |TAMS 0x0000000707400000, 0x0000000707400000| Untracked 
|  31|0x0000000707600000, 0x0000000707600000, 0x0000000707800000|  0%| F|  |TAMS 0x0000000707600000, 0x0000000707600000| Untracked 
|  32|0x0000000707800000, 0x0000000707800000, 0x0000000707a00000|  0%| F|  |TAMS 0x0000000707800000, 0x0000000707800000| Untracked 
|  33|0x0000000707a00000, 0x0000000707a00000, 0x0000000707c00000|  0%| F|  |TAMS 0x0000000707a00000, 0x0000000707a00000| Untracked 
|  34|0x0000000707c00000, 0x0000000707c00000, 0x0000000707e00000|  0%| F|  |TAMS 0x0000000707c00000, 0x0000000707c00000| Untracked 
|  35|0x0000000707e00000, 0x0000000707e00000, 0x0000000708000000|  0%| F|  |TAMS 0x0000000707e00000, 0x0000000707e00000| Untracked 
|  36|0x0000000708000000, 0x0000000708000000, 0x0000000708200000|  0%| F|  |TAMS 0x0000000708000000, 0x0000000708000000| Untracked 
|  37|0x0000000708200000, 0x0000000708200000, 0x0000000708400000|  0%| F|  |TAMS 0x0000000708200000, 0x0000000708200000| Untracked 
|  38|0x0000000708400000, 0x0000000708400000, 0x0000000708600000|  0%| F|  |TAMS 0x0000000708400000, 0x0000000708400000| Untracked 
|  39|0x0000000708600000, 0x0000000708600000, 0x0000000708800000|  0%| F|  |TAMS 0x0000000708600000, 0x0000000708600000| Untracked 
|  40|0x0000000708800000, 0x0000000708800000, 0x0000000708a00000|  0%| F|  |TAMS 0x0000000708800000, 0x0000000708800000| Untracked 
|  41|0x0000000708a00000, 0x0000000708a00000, 0x0000000708c00000|  0%| F|  |TAMS 0x0000000708a00000, 0x0000000708a00000| Untracked 
|  42|0x0000000708c00000, 0x0000000708c00000, 0x0000000708e00000|  0%| F|  |TAMS 0x0000000708c00000, 0x0000000708c00000| Untracked 
|  43|0x0000000708e00000, 0x0000000708e00000, 0x0000000709000000|  0%| F|  |TAMS 0x0000000708e00000, 0x0000000708e00000| Untracked 
|  44|0x0000000709000000, 0x0000000709000000, 0x0000000709200000|  0%| F|  |TAMS 0x0000000709000000, 0x0000000709000000| Untracked 
|  45|0x0000000709200000, 0x0000000709200000, 0x0000000709400000|  0%| F|  |TAMS 0x0000000709200000, 0x0000000709200000| Untracked 
|  46|0x0000000709400000, 0x0000000709400000, 0x0000000709600000|  0%| F|  |TAMS 0x0000000709400000, 0x0000000709400000| Untracked 
|  47|0x0000000709600000, 0x0000000709600000, 0x0000000709800000|  0%| F|  |TAMS 0x0000000709600000, 0x0000000709600000| Untracked 
|  48|0x0000000709800000, 0x0000000709800000, 0x0000000709a00000|  0%| F|  |TAMS 0x0000000709800000, 0x0000000709800000| Untracked 
|  49|0x0000000709a00000, 0x0000000709b1eaa0, 0x0000000709c00000| 55%| S|CS|TAMS 0x0000000709a00000, 0x0000000709a00000| Complete 
|  50|0x0000000709c00000, 0x0000000709e00000, 0x0000000709e00000|100%| S|CS|TAMS 0x0000000709c00000, 0x0000000709c00000| Complete 
|  51|0x0000000709e00000, 0x0000000709e00000, 0x000000070a000000|  0%| F|  |TAMS 0x0000000709e00000, 0x0000000709e00000| Untracked 
|  52|0x000000070a000000, 0x000000070a000000, 0x000000070a200000|  0%| F|  |TAMS 0x000000070a000000, 0x000000070a000000| Untracked 
|  53|0x000000070a200000, 0x000000070a200000, 0x000000070a400000|  0%| F|  |TAMS 0x000000070a200000, 0x000000070a200000| Untracked 
|  54|0x000000070a400000, 0x000000070a400000, 0x000000070a600000|  0%| F|  |TAMS 0x000000070a400000, 0x000000070a400000| Untracked 
|  55|0x000000070a600000, 0x000000070a600000, 0x000000070a800000|  0%| F|  |TAMS 0x000000070a600000, 0x000000070a600000| Untracked 
|  56|0x000000070a800000, 0x000000070a800000, 0x000000070aa00000|  0%| F|  |TAMS 0x000000070a800000, 0x000000070a800000| Untracked 
|  57|0x000000070aa00000, 0x000000070aa00000, 0x000000070ac00000|  0%| F|  |TAMS 0x000000070aa00000, 0x000000070aa00000| Untracked 
|  58|0x000000070ac00000, 0x000000070ac00000, 0x000000070ae00000|  0%| F|  |TAMS 0x000000070ac00000, 0x000000070ac00000| Untracked 
|  59|0x000000070ae00000, 0x000000070ae00000, 0x000000070b000000|  0%| F|  |TAMS 0x000000070ae00000, 0x000000070ae00000| Untracked 
|  60|0x000000070b000000, 0x000000070b000000, 0x000000070b200000|  0%| F|  |TAMS 0x000000070b000000, 0x000000070b000000| Untracked 
|  61|0x000000070b200000, 0x000000070b200000, 0x000000070b400000|  0%| F|  |TAMS 0x000000070b200000, 0x000000070b200000| Untracked 
|  62|0x000000070b400000, 0x000000070b400000, 0x000000070b600000|  0%| F|  |TAMS 0x000000070b400000, 0x000000070b400000| Untracked 
|  63|0x000000070b600000, 0x000000070b600000, 0x000000070b800000|  0%| F|  |TAMS 0x000000070b600000, 0x000000070b600000| Untracked 
|  64|0x000000070b800000, 0x000000070b800000, 0x000000070ba00000|  0%| F|  |TAMS 0x000000070b800000, 0x000000070b800000| Untracked 
|  65|0x000000070ba00000, 0x000000070ba00000, 0x000000070bc00000|  0%| F|  |TAMS 0x000000070ba00000, 0x000000070ba00000| Untracked 
|  66|0x000000070bc00000, 0x000000070bc00000, 0x000000070be00000|  0%| F|  |TAMS 0x000000070bc00000, 0x000000070bc00000| Untracked 
|  67|0x000000070be00000, 0x000000070be00000, 0x000000070c000000|  0%| F|  |TAMS 0x000000070be00000, 0x000000070be00000| Untracked 
|  68|0x000000070c000000, 0x000000070c000000, 0x000000070c200000|  0%| F|  |TAMS 0x000000070c000000, 0x000000070c000000| Untracked 
|  69|0x000000070c200000, 0x000000070c200000, 0x000000070c400000|  0%| F|  |TAMS 0x000000070c200000, 0x000000070c200000| Untracked 
|  70|0x000000070c400000, 0x000000070c400000, 0x000000070c600000|  0%| F|  |TAMS 0x000000070c400000, 0x000000070c400000| Untracked 
|  71|0x000000070c600000, 0x000000070c600000, 0x000000070c800000|  0%| F|  |TAMS 0x000000070c600000, 0x000000070c600000| Untracked 
|  72|0x000000070c800000, 0x000000070c800000, 0x000000070ca00000|  0%| F|  |TAMS 0x000000070c800000, 0x000000070c800000| Untracked 
|  73|0x000000070ca00000, 0x000000070cc00000, 0x000000070cc00000|100%| E|  |TAMS 0x000000070ca00000, 0x000000070ca00000| Complete 
|  74|0x000000070cc00000, 0x000000070ce00000, 0x000000070ce00000|100%| E|CS|TAMS 0x000000070cc00000, 0x000000070cc00000| Complete 
|  75|0x000000070ce00000, 0x000000070d000000, 0x000000070d000000|100%| E|CS|TAMS 0x000000070ce00000, 0x000000070ce00000| Complete 
|  76|0x000000070d000000, 0x000000070d200000, 0x000000070d200000|100%| E|CS|TAMS 0x000000070d000000, 0x000000070d000000| Complete 
|  77|0x000000070d200000, 0x000000070d400000, 0x000000070d400000|100%| E|  |TAMS 0x000000070d200000, 0x000000070d200000| Complete 
|  78|0x000000070d400000, 0x000000070d600000, 0x000000070d600000|100%| E|CS|TAMS 0x000000070d400000, 0x000000070d400000| Complete 
|  79|0x000000070d600000, 0x000000070d800000, 0x000000070d800000|100%| E|CS|TAMS 0x000000070d600000, 0x000000070d600000| Complete 
|  80|0x000000070d800000, 0x000000070da00000, 0x000000070da00000|100%| E|CS|TAMS 0x000000070d800000, 0x000000070d800000| Complete 
|  81|0x000000070da00000, 0x000000070dc00000, 0x000000070dc00000|100%| E|CS|TAMS 0x000000070da00000, 0x000000070da00000| Complete 
|  82|0x000000070dc00000, 0x000000070de00000, 0x000000070de00000|100%| E|CS|TAMS 0x000000070dc00000, 0x000000070dc00000| Complete 
|  83|0x000000070de00000, 0x000000070e000000, 0x000000070e000000|100%| E|CS|TAMS 0x000000070de00000, 0x000000070de00000| Complete 
|  84|0x000000070e000000, 0x000000070e200000, 0x000000070e200000|100%| E|CS|TAMS 0x000000070e000000, 0x000000070e000000| Complete 
|  85|0x000000070e200000, 0x000000070e400000, 0x000000070e400000|100%| E|CS|TAMS 0x000000070e200000, 0x000000070e200000| Complete 
|  86|0x000000070e400000, 0x000000070e600000, 0x000000070e600000|100%| E|CS|TAMS 0x000000070e400000, 0x000000070e400000| Complete 
|  87|0x000000070e600000, 0x000000070e800000, 0x000000070e800000|100%| E|CS|TAMS 0x000000070e600000, 0x000000070e600000| Complete 
|  88|0x000000070e800000, 0x000000070ea00000, 0x000000070ea00000|100%| E|CS|TAMS 0x000000070e800000, 0x000000070e800000| Complete 
|  89|0x000000070ea00000, 0x000000070ec00000, 0x000000070ec00000|100%| E|CS|TAMS 0x000000070ea00000, 0x000000070ea00000| Complete 
|  90|0x000000070ec00000, 0x000000070ee00000, 0x000000070ee00000|100%| E|CS|TAMS 0x000000070ec00000, 0x000000070ec00000| Complete 
|  91|0x000000070ee00000, 0x000000070f000000, 0x000000070f000000|100%| E|CS|TAMS 0x000000070ee00000, 0x000000070ee00000| Complete 
|  92|0x000000070f000000, 0x000000070f200000, 0x000000070f200000|100%| E|CS|TAMS 0x000000070f000000, 0x000000070f000000| Complete 
|  93|0x000000070f200000, 0x000000070f400000, 0x000000070f400000|100%| E|CS|TAMS 0x000000070f200000, 0x000000070f200000| Complete 
|  94|0x000000070f400000, 0x000000070f600000, 0x000000070f600000|100%| E|CS|TAMS 0x000000070f400000, 0x000000070f400000| Complete 
|  95|0x000000070f600000, 0x000000070f800000, 0x000000070f800000|100%| E|CS|TAMS 0x000000070f600000, 0x000000070f600000| Complete 
|  96|0x000000070f800000, 0x000000070fa00000, 0x000000070fa00000|100%| E|CS|TAMS 0x000000070f800000, 0x000000070f800000| Complete 
|  97|0x000000070fa00000, 0x000000070fc00000, 0x000000070fc00000|100%| E|CS|TAMS 0x000000070fa00000, 0x000000070fa00000| Complete 
|  98|0x000000070fc00000, 0x000000070fe00000, 0x000000070fe00000|100%| E|CS|TAMS 0x000000070fc00000, 0x000000070fc00000| Complete 
|  99|0x000000070fe00000, 0x0000000710000000, 0x0000000710000000|100%| E|CS|TAMS 0x000000070fe00000, 0x000000070fe00000| Complete 
| 100|0x0000000710000000, 0x0000000710200000, 0x0000000710200000|100%| E|CS|TAMS 0x0000000710000000, 0x0000000710000000| Complete 
| 101|0x0000000710200000, 0x0000000710400000, 0x0000000710400000|100%| E|CS|TAMS 0x0000000710200000, 0x0000000710200000| Complete 
| 102|0x0000000710400000, 0x0000000710600000, 0x0000000710600000|100%| E|CS|TAMS 0x0000000710400000, 0x0000000710400000| Complete 
| 103|0x0000000710600000, 0x0000000710800000, 0x0000000710800000|100%| E|CS|TAMS 0x0000000710600000, 0x0000000710600000| Complete 
| 104|0x0000000710800000, 0x0000000710a00000, 0x0000000710a00000|100%| E|CS|TAMS 0x0000000710800000, 0x0000000710800000| Complete 
| 105|0x0000000710a00000, 0x0000000710c00000, 0x0000000710c00000|100%| E|CS|TAMS 0x0000000710a00000, 0x0000000710a00000| Complete 
| 106|0x0000000710c00000, 0x0000000710e00000, 0x0000000710e00000|100%| E|CS|TAMS 0x0000000710c00000, 0x0000000710c00000| Complete 
| 107|0x0000000710e00000, 0x0000000711000000, 0x0000000711000000|100%| E|CS|TAMS 0x0000000710e00000, 0x0000000710e00000| Complete 
| 108|0x0000000711000000, 0x0000000711200000, 0x0000000711200000|100%| E|CS|TAMS 0x0000000711000000, 0x0000000711000000| Complete 
| 109|0x0000000711200000, 0x0000000711400000, 0x0000000711400000|100%| E|CS|TAMS 0x0000000711200000, 0x0000000711200000| Complete 
| 110|0x0000000711400000, 0x0000000711600000, 0x0000000711600000|100%| E|CS|TAMS 0x0000000711400000, 0x0000000711400000| Complete 
| 111|0x0000000711600000, 0x0000000711800000, 0x0000000711800000|100%| E|CS|TAMS 0x0000000711600000, 0x0000000711600000| Complete 
| 112|0x0000000711800000, 0x0000000711a00000, 0x0000000711a00000|100%| E|CS|TAMS 0x0000000711800000, 0x0000000711800000| Complete 
| 113|0x0000000711a00000, 0x0000000711c00000, 0x0000000711c00000|100%| E|CS|TAMS 0x0000000711a00000, 0x0000000711a00000| Complete 
| 114|0x0000000711c00000, 0x0000000711e00000, 0x0000000711e00000|100%| E|CS|TAMS 0x0000000711c00000, 0x0000000711c00000| Complete 
| 115|0x0000000711e00000, 0x0000000712000000, 0x0000000712000000|100%| E|CS|TAMS 0x0000000711e00000, 0x0000000711e00000| Complete 
| 116|0x0000000712000000, 0x0000000712200000, 0x0000000712200000|100%| E|CS|TAMS 0x0000000712000000, 0x0000000712000000| Complete 
| 117|0x0000000712200000, 0x0000000712400000, 0x0000000712400000|100%| E|CS|TAMS 0x0000000712200000, 0x0000000712200000| Complete 
| 118|0x0000000712400000, 0x0000000712600000, 0x0000000712600000|100%| E|CS|TAMS 0x0000000712400000, 0x0000000712400000| Complete 
| 119|0x0000000712600000, 0x0000000712800000, 0x0000000712800000|100%| E|CS|TAMS 0x0000000712600000, 0x0000000712600000| Complete 
| 120|0x0000000712800000, 0x0000000712a00000, 0x0000000712a00000|100%| E|CS|TAMS 0x0000000712800000, 0x0000000712800000| Complete 
| 121|0x0000000712a00000, 0x0000000712c00000, 0x0000000712c00000|100%| E|CS|TAMS 0x0000000712a00000, 0x0000000712a00000| Complete 
| 122|0x0000000712c00000, 0x0000000712e00000, 0x0000000712e00000|100%| E|CS|TAMS 0x0000000712c00000, 0x0000000712c00000| Complete 
| 123|0x0000000712e00000, 0x0000000713000000, 0x0000000713000000|100%| E|CS|TAMS 0x0000000712e00000, 0x0000000712e00000| Complete 
| 124|0x0000000713000000, 0x0000000713200000, 0x0000000713200000|100%| E|CS|TAMS 0x0000000713000000, 0x0000000713000000| Complete 
| 125|0x0000000713200000, 0x0000000713400000, 0x0000000713400000|100%| E|CS|TAMS 0x0000000713200000, 0x0000000713200000| Complete 
| 126|0x0000000713400000, 0x0000000713600000, 0x0000000713600000|100%| E|CS|TAMS 0x0000000713400000, 0x0000000713400000| Complete 

Card table byte_map: [0x0000011ce2dd0000,0x0000011ce35c0000] _byte_map_base: 0x0000011cdf5b4000

Marking Bits (Prev, Next): (CMBitMap*) 0x0000011ccbddab00, (CMBitMap*) 0x0000011ccbddab40
 Prev Bits: [0x0000011ce3db0000, 0x0000011ce7cd0000)
 Next Bits: [0x0000011ce7cd0000, 0x0000011cebbf0000)

Polling page: 0x0000011cc9d40000

Metaspace:

Usage:
  Non-class:     18.74 MB used.
      Class:      1.78 MB used.
       Both:     20.52 MB used.

Virtual space:
  Non-class space:       24.00 MB reserved,      18.81 MB ( 78%) committed,  3 nodes.
      Class space:        1.00 GB reserved,       1.88 MB ( <1%) committed,  1 nodes.
              Both:        1.02 GB reserved,      20.69 MB (  2%) committed. 

Chunk freelists:
   Non-Class:  848.00 KB
       Class:  1.98 MB
        Both:  2.81 MB

MaxMetaspaceSize: 17179869184.00 GB
CompressedClassSpaceSize: 1.00 GB
 - commit_granule_bytes: 65536.
 - commit_granule_words: 8192.
 - virtual_space_node_default_size: 1048576.
 - enlarge_chunks_in_place: 1.
 - new_chunks_are_fully_committed: 0.
 - uncommit_free_chunks: 1.
 - use_allocation_guard: 0.
 - handle_deallocations: 1.


Internal statistics:

num_allocs_failed_limit: 0.
num_arena_births: 42.
num_arena_deaths: 0.
num_vsnodes_births: 4.
num_vsnodes_deaths: 0.
num_space_committed: 329.
num_space_uncommitted: 0.
num_chunks_returned_to_freelist: 0.
num_chunks_taken_from_freelist: 615.
num_chunk_merges: 0.
num_chunk_splits: 549.
num_chunks_enlarged: 515.
num_purges: 0.

CodeHeap 'non-profiled nmethods': size=120000Kb used=2487Kb max_used=2487Kb free=117512Kb
 bounds [0x0000011cdafa0000, 0x0000011cdb210000, 0x0000011ce24d0000]
CodeHeap 'profiled nmethods': size=120000Kb used=7069Kb max_used=7069Kb free=112930Kb
 bounds [0x0000011cd3a70000, 0x0000011cd4160000, 0x0000011cdafa0000]
CodeHeap 'non-nmethods': size=5760Kb used=1949Kb max_used=1978Kb free=3810Kb
 bounds [0x0000011cd34d0000, 0x0000011cd3740000, 0x0000011cd3a70000]
 total_blobs=4327 nmethods=2906 adapters=1333
 compilation: enabled
              stopped_count=0, restarted_count=0
 full_count=0

Compilation events (20 events):
Event: 993.861 Thread 0x0000011cee43ab90 nmethod 2920 0x0000011cd4155d90 code [0x0000011cd4155f20, 0x0000011cd4156038]
Event: 993.878 Thread 0x0000011cee4399f0 nmethod 2916 0x0000011cdb202f90 code [0x0000011cdb203220, 0x0000011cdb2056f0]
Event: 993.878 Thread 0x0000011cee4399f0 2918   !   4       java.util.zip.ZipFile::getEntry (59 bytes)
Event: 993.915 Thread 0x0000011cee4399f0 nmethod 2918 0x0000011cdb206890 code [0x0000011cdb206b00, 0x0000011cdb208af0]
Event: 993.965 Thread 0x0000011cee4399f0 2921       4       sun.reflect.generics.parser.SignatureParser::current (59 bytes)
Event: 993.965 Thread 0x0000011cee43ab90 2923   !   3       jdk.proxy2.$Proxy2::link (29 bytes)
Event: 993.965 Thread 0x0000011cee43ab90 nmethod 2923 0x0000011cd4156110 code [0x0000011cd41562e0, 0x0000011cd41566b8]
Event: 993.966 Thread 0x0000011cee4399f0 nmethod 2921 0x0000011cdb209d90 code [0x0000011cdb209f20, 0x0000011cdb20a048]
Event: 993.966 Thread 0x0000011cee4399f0 2922       4       java.util.HashMap$HashIterator::hasNext (13 bytes)
Event: 993.966 Thread 0x0000011cee4399f0 nmethod 2922 0x0000011cdb20a190 code [0x0000011cdb20a300, 0x0000011cdb20a398]
Event: 994.034 Thread 0x0000011cee4399f0 2924       4       jdk.internal.loader.NativeLibraries$NativeLibraryImpl::find (6 bytes)
Event: 994.035 Thread 0x0000011cee4399f0 nmethod 2924 0x0000011cdb20a490 code [0x0000011cdb20a620, 0x0000011cdb20a6c8]
Event: 994.035 Thread 0x0000011cee43ab90 2925   !   3       jdk.proxy2.$Proxy2::compiler (29 bytes)
Event: 994.035 Thread 0x0000011cee43ab90 nmethod 2925 0x0000011cd4156890 code [0x0000011cd4156a60, 0x0000011cd4156e38]
Event: 994.035 Thread 0x0000011cee43ab90 2926   !   3       jdk.proxy2.$Proxy2::define (29 bytes)
Event: 994.035 Thread 0x0000011cee43ab90 nmethod 2926 0x0000011cd4157010 code [0x0000011cd41571e0, 0x0000011cd41575b8]
Event: 994.055 Thread 0x0000011cee4399f0 2927       4       java.util.ArrayList::toArray (57 bytes)
Event: 994.058 Thread 0x0000011cee4399f0 nmethod 2927 0x0000011cdb20a790 code [0x0000011cdb20a920, 0x0000011cdb20aed8]
Event: 994.059 Thread 0x0000011cee4399f0 2928   !   4       sun.net.www.ParseUtil::decode (317 bytes)
Event: 994.081 Thread 0x0000011cee4399f0 nmethod 2928 0x0000011cdb20b090 code [0x0000011cdb20b360, 0x0000011cdb20cd80]

GC Heap History (12 events):
Event: 0.368 GC heap before
{Heap before GC invocations=0 (full 0):
 garbage-first heap   total 260096K, used 20480K [0x0000000703800000, 0x0000000800000000)
  region size 2048K, 10 young (20480K), 0 survivors (0K)
 Metaspace       used 738K, committed 960K, reserved 1056768K
  class space    used 18K, committed 128K, reserved 1048576K
}
Event: 0.373 GC heap after
{Heap after GC invocations=1 (full 0):
 garbage-first heap   total 260096K, used 14953K [0x0000000703800000, 0x0000000800000000)
  region size 2048K, 2 young (4096K), 2 survivors (4096K)
 Metaspace       used 738K, committed 960K, reserved 1056768K
  class space    used 18K, committed 128K, reserved 1048576K
}
Event: 0.530 GC heap before
{Heap before GC invocations=1 (full 0):
 garbage-first heap   total 260096K, used 37481K [0x0000000703800000, 0x0000000800000000)
  region size 2048K, 7 young (14336K), 2 survivors (4096K)
 Metaspace       used 1688K, committed 1792K, reserved 1056768K
  class space    used 112K, committed 192K, reserved 1048576K
}
Event: 0.532 GC heap after
{Heap after GC invocations=2 (full 0):
 garbage-first heap   total 260096K, used 29440K [0x0000000703800000, 0x0000000800000000)
  region size 2048K, 1 young (2048K), 1 survivors (2048K)
 Metaspace       used 1688K, committed 1792K, reserved 1056768K
  class space    used 112K, committed 192K, reserved 1048576K
}
Event: 0.794 GC heap before
{Heap before GC invocations=2 (full 0):
 garbage-first heap   total 260096K, used 58112K [0x0000000703800000, 0x0000000800000000)
  region size 2048K, 15 young (30720K), 1 survivors (2048K)
 Metaspace       used 2886K, committed 3072K, reserved 1056768K
  class space    used 187K, committed 256K, reserved 1048576K
}
Event: 0.795 GC heap after
{Heap after GC invocations=3 (full 0):
 garbage-first heap   total 260096K, used 28581K [0x0000000703800000, 0x0000000800000000)
  region size 2048K, 1 young (2048K), 1 survivors (2048K)
 Metaspace       used 2886K, committed 3072K, reserved 1056768K
  class space    used 187K, committed 256K, reserved 1048576K
}
Event: 2.075 GC heap before
{Heap before GC invocations=3 (full 0):
 garbage-first heap   total 260096K, used 188325K [0x0000000703800000, 0x0000000800000000)
  region size 2048K, 76 young (155648K), 1 survivors (2048K)
 Metaspace       used 7235K, committed 7424K, reserved 1064960K
  class space    used 244K, committed 320K, reserved 1048576K
}
Event: 2.077 GC heap after
{Heap after GC invocations=4 (full 0):
 garbage-first heap   total 260096K, used 29252K [0x0000000703800000, 0x0000000800000000)
  region size 2048K, 1 young (2048K), 1 survivors (2048K)
 Metaspace       used 7235K, committed 7424K, reserved 1064960K
  class space    used 244K, committed 320K, reserved 1048576K
}
Event: 2.972 GC heap before
{Heap before GC invocations=4 (full 0):
 garbage-first heap   total 260096K, used 182852K [0x0000000703800000, 0x0000000800000000)
  region size 2048K, 76 young (155648K), 1 survivors (2048K)
 Metaspace       used 7240K, committed 7424K, reserved 1064960K
  class space    used 244K, committed 320K, reserved 1048576K
}
Event: 2.973 GC heap after
{Heap after GC invocations=5 (full 0):
 garbage-first heap   total 260096K, used 29287K [0x0000000703800000, 0x0000000800000000)
  region size 2048K, 1 young (2048K), 1 survivors (2048K)
 Metaspace       used 7240K, committed 7424K, reserved 1064960K
  class space    used 244K, committed 320K, reserved 1048576K
}
Event: 4.413 GC heap before
{Heap before GC invocations=5 (full 0):
 garbage-first heap   total 260096K, used 195175K [0x0000000703800000, 0x0000000800000000)
  region size 2048K, 76 young (155648K), 1 survivors (2048K)
 Metaspace       used 15342K, committed 15552K, reserved 1064960K
  class space    used 1437K, committed 1536K, reserved 1048576K
}
Event: 4.415 GC heap after
{Heap after GC invocations=6 (full 0):
 garbage-first heap   total 260096K, used 42874K [0x0000000703800000, 0x0000000800000000)
  region size 2048K, 2 young (4096K), 2 survivors (4096K)
 Metaspace       used 15342K, committed 15552K, reserved 1064960K
  class space    used 1437K, committed 1536K, reserved 1048576K
}

Deoptimization events (20 events):
Event: 993.452 Thread 0x0000011cf37c6010 Uncommon trap: trap_request=0xffffff45 fr.pc=0x0000011cdb1ee254 relative=0x00000000000002b4
Event: 993.452 Thread 0x0000011cf37c6010 Uncommon trap: reason=unstable_if action=reinterpret pc=0x0000011cdb1ee254 method=java.lang.ThreadLocal$ThreadLocalMap.set(Ljava/lang/ThreadLocal;Ljava/lang/Object;)V @ 28 c2
Event: 993.452 Thread 0x0000011cf37c6010 DEOPT PACKING pc=0x0000011cdb1ee254 sp=0x00000003103f9730
Event: 993.452 Thread 0x0000011cf37c6010 DEOPT UNPACKING pc=0x0000011cd351d72e sp=0x00000003103f9660 mode 2
Event: 993.530 Thread 0x0000011cf37c6010 Uncommon trap: trap_request=0xffffffdc fr.pc=0x0000011cdb1ed254 relative=0x00000000000002b4
Event: 993.530 Thread 0x0000011cf37c6010 Uncommon trap: reason=class_check action=make_not_entrant pc=0x0000011cdb1ed254 method=java.util.ArrayList.toArray([Ljava/lang/Object;)[Ljava/lang/Object; @ 21 c2
Event: 993.530 Thread 0x0000011cf37c6010 DEOPT PACKING pc=0x0000011cdb1ed254 sp=0x00000003103f9aa0
Event: 993.530 Thread 0x0000011cf37c6010 DEOPT UNPACKING pc=0x0000011cd351d72e sp=0x00000003103f9a70 mode 2
Event: 993.530 Thread 0x0000011cf37c6010 Uncommon trap: trap_request=0xffffffcc fr.pc=0x0000011cdb1baee8 relative=0x00000000000001c8
Event: 993.530 Thread 0x0000011cf37c6010 Uncommon trap: reason=intrinsic_or_type_checked_inlining action=make_not_entrant pc=0x0000011cdb1baee8 method=java.util.Arrays.copyOf([Ljava/lang/Object;ILjava/lang/Class;)[Ljava/lang/Object; @ 35 c2
Event: 993.530 Thread 0x0000011cf37c6010 DEOPT PACKING pc=0x0000011cdb1baee8 sp=0x00000003103f9a30
Event: 993.530 Thread 0x0000011cf37c6010 DEOPT UNPACKING pc=0x0000011cd351d72e sp=0x00000003103f99d8 mode 2
Event: 993.648 Thread 0x0000011cf37c6010 Uncommon trap: trap_request=0xffffff45 fr.pc=0x0000011cdb14a03c relative=0x00000000000016dc
Event: 993.648 Thread 0x0000011cf37c6010 Uncommon trap: reason=unstable_if action=reinterpret pc=0x0000011cdb14a03c method=java.util.zip.ZipFile$Source.getEntryPos(Ljava/lang/String;Z)I @ 105 c2
Event: 993.648 Thread 0x0000011cf37c6010 DEOPT PACKING pc=0x0000011cdb14a03c sp=0x00000003103f90d0
Event: 993.648 Thread 0x0000011cf37c6010 DEOPT UNPACKING pc=0x0000011cd351d72e sp=0x00000003103f9030 mode 2
Event: 993.854 Thread 0x0000011cf37c6010 Uncommon trap: trap_request=0xffffff45 fr.pc=0x0000011cdb147b74 relative=0x0000000000000b94
Event: 993.854 Thread 0x0000011cf37c6010 Uncommon trap: reason=unstable_if action=reinterpret pc=0x0000011cdb147b74 method=java.util.zip.ZipFile$Source.getEntryPos(Ljava/lang/String;Z)I @ 105 c2
Event: 993.854 Thread 0x0000011cf37c6010 DEOPT PACKING pc=0x0000011cdb147b74 sp=0x00000003103f9080
Event: 993.854 Thread 0x0000011cf37c6010 DEOPT UNPACKING pc=0x0000011cd351d72e sp=0x00000003103f9048 mode 2

Classes unloaded (0 events):
No events

Classes redefined (0 events):
No events

Internal exceptions (13 events):
Event: 0.391 Thread 0x0000011cefeeb870 Exception <a 'java/lang/NoSuchMethodError'{0x0000000713504930}: 'java.lang.Object java.lang.invoke.DirectMethodHandle$Holder.invokeStatic(java.lang.Object)'> (0x0000000713504930) 
thrown [t:\workspace\open\src\hotspot\share\interpreter\linkResolver.cpp, line 790]
Event: 0.392 Thread 0x0000011cefeeb870 Exception <a 'java/lang/NoSuchMethodError'{0x0000000713508240}: 'java.lang.Object java.lang.invoke.DirectMethodHandle$Holder.invokeStaticInit(java.lang.Object)'> (0x0000000713508240) 
thrown [t:\workspace\open\src\hotspot\share\interpreter\linkResolver.cpp, line 790]
Event: 0.397 Thread 0x0000011cefeeb870 Exception <a 'java/lang/NoSuchMethodError'{0x00000007135f9b08}: 'void java.lang.invoke.DirectMethodHandle$Holder.invokeStatic(java.lang.Object, java.lang.Object)'> (0x00000007135f9b08) 
thrown [t:\workspace\open\src\hotspot\share\interpreter\linkResolver.cpp, line 790]
Event: 0.420 Thread 0x0000011ccbd8a780 Exception <a 'java/lang/NoSuchMethodError'{0x00000007132c2ea8}: 'void java.lang.invoke.DirectMethodHandle$Holder.invokeSpecial(java.lang.Object, java.lang.Object, java.lang.Object)'> (0x00000007132c2ea8) 
thrown [t:\workspace\open\src\hotspot\share\interpreter\linkResolver.cpp, line 790]
Event: 0.611 Thread 0x0000011ccbd8a780 Exception <a 'java/lang/NoSuchMethodError'{0x0000000711eaf9c8}: 'int java.lang.invoke.DirectMethodHandle$Holder.invokeStaticInit(java.lang.Object, java.lang.Object, java.lang.Object, java.lang.Object)'> (0x0000000711eaf9c8) 
thrown [t:\workspace\open\src\hotspot\share\interpreter\linkResolver.cpp, line 790]
Event: 0.612 Thread 0x0000011ccbd8a780 Exception <a 'java/lang/NoSuchMethodError'{0x0000000711eba3a8}: 'java.lang.Object java.lang.invoke.DirectMethodHandle$Holder.invokeInterface(java.lang.Object, java.lang.Object)'> (0x0000000711eba3a8) 
thrown [t:\workspace\open\src\hotspot\share\interpreter\linkResolver.cpp, line 790]
Event: 0.612 Thread 0x0000011ccbd8a780 Exception <a 'java/lang/IncompatibleClassChangeError'{0x0000000711ebdc20}: Found class java.lang.Object, but interface was expected> (0x0000000711ebdc20) 
thrown [t:\workspace\open\src\hotspot\share\interpreter\linkResolver.cpp, line 857]
Event: 0.613 Thread 0x0000011ccbd8a780 Exception <a 'java/lang/NoSuchMethodError'{0x0000000711ec0cd8}: 'void java.lang.invoke.DirectMethodHandle$Holder.invokeStaticInit(java.lang.Object, java.lang.Object)'> (0x0000000711ec0cd8) 
thrown [t:\workspace\open\src\hotspot\share\interpreter\linkResolver.cpp, line 790]
Event: 0.614 Thread 0x0000011ccbd8a780 Exception <a 'java/lang/NoSuchMethodError'{0x0000000711ec6c60}: 'int java.lang.invoke.DirectMethodHandle$Holder.invokeStaticInit(java.lang.Object, java.lang.Object)'> (0x0000000711ec6c60) 
thrown [t:\workspace\open\src\hotspot\share\interpreter\linkResolver.cpp, line 790]
Event: 1.069 Thread 0x0000011ccbd8a780 Exception <a 'sun/nio/fs/WindowsException'{0x0000000712029858}> (0x0000000712029858) 
thrown [t:\workspace\open\src\hotspot\share\prims\jni.cpp, line 579]
Event: 1.069 Thread 0x0000011ccbd8a780 Exception <a 'sun/nio/fs/WindowsException'{0x0000000712029888}> (0x0000000712029888) 
thrown [t:\workspace\open\src\hotspot\share\prims\jni.cpp, line 579]
Event: 5.954 Thread 0x0000011ccbd8a780 Exception <a 'java/lang/NoSuchMethodError'{0x00000007133de898}: 'java.lang.Object java.lang.invoke.DirectMethodHandle$Holder.invokeStaticInit(java.lang.Object, int, int, int, int)'> (0x00000007133de898) 
thrown [t:\workspace\open\src\hotspot\share\interpreter\linkResolver.cpp, line 790]
Event: 5.991 Thread 0x0000011ccbd8a780 Exception <a 'java/lang/NoSuchMethodError'{0x00000007133fc740}: 'java.lang.Object java.lang.invoke.DirectMethodHandle$Holder.invokeStaticInit(java.lang.Object, java.lang.Object, int, int, int, int)'> (0x00000007133fc740) 
thrown [t:\workspace\open\src\hotspot\share\interpreter\linkResolver.cpp, line 790]

Events (20 events):
Event: 993.647 loading class sun/nio/ch/FileLockImpl
Event: 993.647 loading class java/nio/channels/FileLock
Event: 993.647 loading class java/nio/channels/FileLock done
Event: 993.647 loading class sun/nio/ch/FileLockImpl done
Event: 993.647 loading class sun/nio/ch/FileLockTable
Event: 993.647 loading class sun/nio/ch/FileLockTable done
Event: 993.647 loading class sun/nio/ch/FileKey
Event: 993.647 loading class sun/nio/ch/FileKey done
Event: 993.647 loading class sun/nio/ch/FileLockTable$FileLockReference
Event: 993.648 loading class sun/nio/ch/FileLockTable$FileLockReference done
Event: 993.648 loading class java/nio/channels/spi/AbstractInterruptibleChannel$1
Event: 993.648 loading class sun/nio/ch/Interruptible
Event: 993.648 loading class sun/nio/ch/Interruptible done
Event: 993.648 loading class java/nio/channels/spi/AbstractInterruptibleChannel$1 done
Event: 993.688 loading class java/io/FileOutputStream$1
Event: 993.688 loading class java/io/FileOutputStream$1 done
Event: 993.768 Executing  VM operation: Cleanup
Event: 993.769 Executing  VM operation: Cleanup done
Event: 993.837 Loaded shared library C:\Users\bsc_49_16\.javacpp\cache\leptonica-1.80.0-1.5.5-windows-x86_64.jar\org\bytedeco\leptonica\windows-x86_64\liblept-5.dll
Event: 993.922 Loaded shared library C:\Users\bsc_49_16\.javacpp\cache\leptonica-1.80.0-1.5.5-windows-x86_64.jar\org\bytedeco\leptonica\windows-x86_64\jnilept.dll


Dynamic libraries:
0x00007ff6de790000 - 0x00007ff6de7a0000 	C:\Program Files\Java\jdk-16\bin\java.exe
0x00007ffe48910000 - 0x00007ffe48b05000 	C:\WINDOWS\SYSTEM32\ntdll.dll
0x00007ffe46bb0000 - 0x00007ffe46c6e000 	C:\WINDOWS\System32\KERNEL32.DLL
0x00007ffe462d0000 - 0x00007ffe46598000 	C:\WINDOWS\System32\KERNELBASE.dll
0x00007ffe465a0000 - 0x00007ffe466a0000 	C:\WINDOWS\System32\ucrtbase.dll
0x00007ffe438d0000 - 0x00007ffe438e9000 	C:\Program Files\Java\jdk-16\bin\VCRUNTIME140.dll
0x00007ffe43870000 - 0x00007ffe43888000 	C:\Program Files\Java\jdk-16\bin\jli.dll
0x00007ffe46a20000 - 0x00007ffe46acc000 	C:\WINDOWS\System32\ADVAPI32.dll
0x00007ffe48180000 - 0x00007ffe4821e000 	C:\WINDOWS\System32\msvcrt.dll
0x00007ffe480e0000 - 0x00007ffe4817b000 	C:\WINDOWS\System32\sechost.dll
0x00007ffe46cd0000 - 0x00007ffe46dfa000 	C:\WINDOWS\System32\RPCRT4.dll
0x00007ffe47eb0000 - 0x00007ffe48051000 	C:\WINDOWS\System32\USER32.dll
0x00007ffe46730000 - 0x00007ffe46752000 	C:\WINDOWS\System32\win32u.dll
0x00007ffe19a80000 - 0x00007ffe19d1a000 	C:\WINDOWS\WinSxS\amd64_microsoft.windows.common-controls_6595b64144ccf1df_6.0.19041.1110_none_60b5254171f9507e\COMCTL32.dll
0x00007ffe48490000 - 0x00007ffe484bb000 	C:\WINDOWS\System32\GDI32.dll
0x00007ffe46810000 - 0x00007ffe4691d000 	C:\WINDOWS\System32\gdi32full.dll
0x00007ffe46020000 - 0x00007ffe460bd000 	C:\WINDOWS\System32\msvcp_win.dll
0x00007ffe3f590000 - 0x00007ffe3f59a000 	C:\WINDOWS\SYSTEM32\VERSION.dll
0x00007ffe46970000 - 0x00007ffe469a0000 	C:\WINDOWS\System32\IMM32.DLL
0x00007ffe43860000 - 0x00007ffe4386c000 	C:\Program Files\Java\jdk-16\bin\vcruntime140_1.dll
0x00007ffe0d550000 - 0x00007ffe0d5e1000 	C:\Program Files\Java\jdk-16\bin\msvcp140.dll
0x00007ffdd13e0000 - 0x00007ffdd1f8b000 	C:\Program Files\Java\jdk-16\bin\server\jvm.dll
0x00007ffe46950000 - 0x00007ffe46958000 	C:\WINDOWS\System32\PSAPI.DLL
0x00007ffe43890000 - 0x00007ffe43899000 	C:\WINDOWS\SYSTEM32\WSOCK32.dll
0x00007ffe1c300000 - 0x00007ffe1c327000 	C:\WINDOWS\SYSTEM32\WINMM.dll
0x00007ffe48300000 - 0x00007ffe4836b000 	C:\WINDOWS\System32\WS2_32.dll
0x00007ffe43f30000 - 0x00007ffe43f42000 	C:\WINDOWS\SYSTEM32\kernel.appcore.dll
0x00007ffe43850000 - 0x00007ffe4385a000 	C:\Program Files\Java\jdk-16\bin\jimage.dll
0x00007ffe39740000 - 0x00007ffe39924000 	C:\WINDOWS\SYSTEM32\DBGHELP.DLL
0x00007ffe39d40000 - 0x00007ffe39d6c000 	C:\WINDOWS\SYSTEM32\dbgcore.DLL
0x00007ffe466a0000 - 0x00007ffe46722000 	C:\WINDOWS\System32\bcryptPrimitives.dll
0x00007ffe40150000 - 0x00007ffe4015e000 	C:\Program Files\Java\jdk-16\bin\instrument.dll
0x00007ffe3bd20000 - 0x00007ffe3bd45000 	C:\Program Files\Java\jdk-16\bin\java.dll
0x00007ffe47700000 - 0x00007ffe47e44000 	C:\WINDOWS\System32\SHELL32.dll
0x00007ffe44130000 - 0x00007ffe448c4000 	C:\WINDOWS\SYSTEM32\windows.storage.dll
0x00007ffe48570000 - 0x00007ffe488c5000 	C:\WINDOWS\System32\combase.dll
0x00007ffe45a70000 - 0x00007ffe45a9e000 	C:\WINDOWS\SYSTEM32\Wldp.dll
0x00007ffe46e00000 - 0x00007ffe46ead000 	C:\WINDOWS\System32\SHCORE.dll
0x00007ffe476a0000 - 0x00007ffe476f5000 	C:\WINDOWS\System32\shlwapi.dll
0x00007ffe45f60000 - 0x00007ffe45f7f000 	C:\WINDOWS\SYSTEM32\profapi.dll
0x00007ffe1e5f0000 - 0x00007ffe1e608000 	C:\Program Files\Java\jdk-16\bin\zip.dll
0x00007ffe1e760000 - 0x00007ffe1e779000 	C:\Program Files\Java\jdk-16\bin\net.dll
0x00007ffe3c3d0000 - 0x00007ffe3c4dc000 	C:\WINDOWS\SYSTEM32\WINHTTP.dll
0x00007ffe457d0000 - 0x00007ffe4583a000 	C:\WINDOWS\system32\mswsock.dll
0x00007ffe1e630000 - 0x00007ffe1e643000 	C:\Program Files\Java\jdk-16\bin\nio.dll
0x00007ffe11ce0000 - 0x00007ffe11cfa000 	D:\Programs\IntelliJ IDEA 2020.3.2\bin\breakgen64.dll
0x00007ffe437b0000 - 0x00007ffe437c0000 	C:\Program Files\Java\jdk-16\bin\verify.dll
0x0000011ccbd00000 - 0x0000011ccbd03000 	C:\Users\bsc_49_16\.javacpp\cache\javacpp-1.5.5-windows-x86_64.jar\org\bytedeco\javacpp\windows-x86_64\api-ms-win-crt-locale-l1-1-0.dll
0x0000011ccbd10000 - 0x0000011ccbd14000 	C:\Users\bsc_49_16\.javacpp\cache\javacpp-1.5.5-windows-x86_64.jar\org\bytedeco\javacpp\windows-x86_64\api-ms-win-crt-string-l1-1-0.dll
0x0000011ccbd20000 - 0x0000011ccbd24000 	C:\Users\bsc_49_16\.javacpp\cache\javacpp-1.5.5-windows-x86_64.jar\org\bytedeco\javacpp\windows-x86_64\api-ms-win-crt-stdio-l1-1-0.dll
0x0000011ccbd30000 - 0x0000011ccbd35000 	C:\Users\bsc_49_16\.javacpp\cache\javacpp-1.5.5-windows-x86_64.jar\org\bytedeco\javacpp\windows-x86_64\api-ms-win-crt-math-l1-1-0.dll
0x0000011cee550000 - 0x0000011cee553000 	C:\Users\bsc_49_16\.javacpp\cache\javacpp-1.5.5-windows-x86_64.jar\org\bytedeco\javacpp\windows-x86_64\api-ms-win-crt-heap-l1-1-0.dll
0x0000011cee560000 - 0x0000011cee564000 	C:\Users\bsc_49_16\.javacpp\cache\javacpp-1.5.5-windows-x86_64.jar\org\bytedeco\javacpp\windows-x86_64\api-ms-win-crt-runtime-l1-1-0.dll
0x0000011cee570000 - 0x0000011cee574000 	C:\Users\bsc_49_16\.javacpp\cache\javacpp-1.5.5-windows-x86_64.jar\org\bytedeco\javacpp\windows-x86_64\api-ms-win-crt-convert-l1-1-0.dll
0x0000011cee580000 - 0x0000011cee583000 	C:\Users\bsc_49_16\.javacpp\cache\javacpp-1.5.5-windows-x86_64.jar\org\bytedeco\javacpp\windows-x86_64\api-ms-win-crt-environment-l1-1-0.dll
0x0000011cee590000 - 0x0000011cee593000 	C:\Users\bsc_49_16\.javacpp\cache\javacpp-1.5.5-windows-x86_64.jar\org\bytedeco\javacpp\windows-x86_64\api-ms-win-crt-time-l1-1-0.dll
0x0000011cee5a0000 - 0x0000011cee5a3000 	C:\Users\bsc_49_16\.javacpp\cache\javacpp-1.5.5-windows-x86_64.jar\org\bytedeco\javacpp\windows-x86_64\api-ms-win-crt-filesystem-l1-1-0.dll
0x0000011cee5b0000 - 0x0000011cee5b3000 	C:\Users\bsc_49_16\.javacpp\cache\javacpp-1.5.5-windows-x86_64.jar\org\bytedeco\javacpp\windows-x86_64\api-ms-win-crt-utility-l1-1-0.dll
0x0000011cee5c0000 - 0x0000011cee5c5000 	C:\Users\bsc_49_16\.javacpp\cache\javacpp-1.5.5-windows-x86_64.jar\org\bytedeco\javacpp\windows-x86_64\api-ms-win-crt-multibyte-l1-1-0.dll
0x0000011cee5d0000 - 0x0000011cee5d3000 	C:\Users\bsc_49_16\.javacpp\cache\javacpp-1.5.5-windows-x86_64.jar\org\bytedeco\javacpp\windows-x86_64\api-ms-win-core-string-l1-1-0.dll
0x0000011cee5e0000 - 0x0000011cee5e3000 	C:\Users\bsc_49_16\.javacpp\cache\javacpp-1.5.5-windows-x86_64.jar\org\bytedeco\javacpp\windows-x86_64\api-ms-win-core-errorhandling-l1-1-0.dll
0x0000011cee5f0000 - 0x0000011cee5f3000 	C:\Users\bsc_49_16\.javacpp\cache\javacpp-1.5.5-windows-x86_64.jar\org\bytedeco\javacpp\windows-x86_64\api-ms-win-core-timezone-l1-1-0.dll
0x0000011cee600000 - 0x0000011cee604000 	C:\Users\bsc_49_16\.javacpp\cache\javacpp-1.5.5-windows-x86_64.jar\org\bytedeco\javacpp\windows-x86_64\api-ms-win-core-file-l1-1-0.dll
0x0000011cee610000 - 0x0000011cee613000 	C:\Users\bsc_49_16\.javacpp\cache\javacpp-1.5.5-windows-x86_64.jar\org\bytedeco\javacpp\windows-x86_64\api-ms-win-core-namedpipe-l1-1-0.dll
0x0000011cee620000 - 0x0000011cee623000 	C:\Users\bsc_49_16\.javacpp\cache\javacpp-1.5.5-windows-x86_64.jar\org\bytedeco\javacpp\windows-x86_64\api-ms-win-core-handle-l1-1-0.dll
0x0000011cee630000 - 0x0000011cee633000 	C:\Users\bsc_49_16\.javacpp\cache\javacpp-1.5.5-windows-x86_64.jar\org\bytedeco\javacpp\windows-x86_64\api-ms-win-core-file-l2-1-0.dll
0x0000011cee640000 - 0x0000011cee643000 	C:\Users\bsc_49_16\.javacpp\cache\javacpp-1.5.5-windows-x86_64.jar\org\bytedeco\javacpp\windows-x86_64\api-ms-win-core-heap-l1-1-0.dll
0x0000011cee650000 - 0x0000011cee653000 	C:\Users\bsc_49_16\.javacpp\cache\javacpp-1.5.5-windows-x86_64.jar\org\bytedeco\javacpp\windows-x86_64\api-ms-win-core-libraryloader-l1-1-0.dll
0x0000011cee660000 - 0x0000011cee663000 	C:\Users\bsc_49_16\.javacpp\cache\javacpp-1.5.5-windows-x86_64.jar\org\bytedeco\javacpp\windows-x86_64\api-ms-win-core-synch-l1-1-0.dll
0x0000011cee670000 - 0x0000011cee673000 	C:\Users\bsc_49_16\.javacpp\cache\javacpp-1.5.5-windows-x86_64.jar\org\bytedeco\javacpp\windows-x86_64\api-ms-win-core-processthreads-l1-1-0.dll
0x0000011cee680000 - 0x0000011cee683000 	C:\Users\bsc_49_16\.javacpp\cache\javacpp-1.5.5-windows-x86_64.jar\org\bytedeco\javacpp\windows-x86_64\api-ms-win-core-processenvironment-l1-1-0.dll
0x0000011cee7f0000 - 0x0000011cee7f3000 	C:\Users\bsc_49_16\.javacpp\cache\javacpp-1.5.5-windows-x86_64.jar\org\bytedeco\javacpp\windows-x86_64\api-ms-win-core-datetime-l1-1-0.dll
0x0000011cee690000 - 0x0000011cee693000 	C:\Users\bsc_49_16\.javacpp\cache\javacpp-1.5.5-windows-x86_64.jar\org\bytedeco\javacpp\windows-x86_64\api-ms-win-core-localization-l1-2-0.dll
0x0000011cee6a0000 - 0x0000011cee6a3000 	C:\Users\bsc_49_16\.javacpp\cache\javacpp-1.5.5-windows-x86_64.jar\org\bytedeco\javacpp\windows-x86_64\api-ms-win-core-sysinfo-l1-1-0.dll
0x0000011cee6b0000 - 0x0000011cee6b3000 	C:\Users\bsc_49_16\.javacpp\cache\javacpp-1.5.5-windows-x86_64.jar\org\bytedeco\javacpp\windows-x86_64\api-ms-win-core-synch-l1-2-0.dll
0x0000011cee6c0000 - 0x0000011cee6c3000 	C:\Users\bsc_49_16\.javacpp\cache\javacpp-1.5.5-windows-x86_64.jar\org\bytedeco\javacpp\windows-x86_64\api-ms-win-core-console-l1-1-0.dll
0x0000011cee6d0000 - 0x0000011cee6d3000 	C:\Users\bsc_49_16\.javacpp\cache\javacpp-1.5.5-windows-x86_64.jar\org\bytedeco\javacpp\windows-x86_64\api-ms-win-core-debug-l1-1-0.dll
0x0000011cee6e0000 - 0x0000011cee6e3000 	C:\Users\bsc_49_16\.javacpp\cache\javacpp-1.5.5-windows-x86_64.jar\org\bytedeco\javacpp\windows-x86_64\api-ms-win-core-rtlsupport-l1-1-0.dll
0x0000011cee6f0000 - 0x0000011cee6f3000 	C:\Users\bsc_49_16\.javacpp\cache\javacpp-1.5.5-windows-x86_64.jar\org\bytedeco\javacpp\windows-x86_64\api-ms-win-core-processthreads-l1-1-1.dll
0x0000011cee700000 - 0x0000011cee703000 	C:\Users\bsc_49_16\.javacpp\cache\javacpp-1.5.5-windows-x86_64.jar\org\bytedeco\javacpp\windows-x86_64\api-ms-win-core-file-l1-2-0.dll
0x0000011cee710000 - 0x0000011cee713000 	C:\Users\bsc_49_16\.javacpp\cache\javacpp-1.5.5-windows-x86_64.jar\org\bytedeco\javacpp\windows-x86_64\api-ms-win-core-profile-l1-1-0.dll
0x0000011cee720000 - 0x0000011cee723000 	C:\Users\bsc_49_16\.javacpp\cache\javacpp-1.5.5-windows-x86_64.jar\org\bytedeco\javacpp\windows-x86_64\api-ms-win-core-memory-l1-1-0.dll
0x0000011cee730000 - 0x0000011cee733000 	C:\Users\bsc_49_16\.javacpp\cache\javacpp-1.5.5-windows-x86_64.jar\org\bytedeco\javacpp\windows-x86_64\api-ms-win-core-util-l1-1-0.dll
0x0000011cee740000 - 0x0000011cee743000 	C:\Users\bsc_49_16\.javacpp\cache\javacpp-1.5.5-windows-x86_64.jar\org\bytedeco\javacpp\windows-x86_64\api-ms-win-core-interlocked-l1-1-0.dll
0x00007ffe04930000 - 0x00007ffe04a2a000 	C:\Users\bsc_49_16\.javacpp\cache\javacpp-1.5.5-windows-x86_64.jar\org\bytedeco\javacpp\windows-x86_64\ucrtbase.dll
0x00007ffe117c0000 - 0x00007ffe117d5000 	C:\Users\bsc_49_16\.javacpp\cache\javacpp-1.5.5-windows-x86_64.jar\org\bytedeco\javacpp\windows-x86_64\vcruntime140.dll
0x00007ffe11cd0000 - 0x00007ffe11cdc000 	C:\Users\bsc_49_16\.javacpp\cache\javacpp-1.5.5-windows-x86_64.jar\org\bytedeco\javacpp\windows-x86_64\vcruntime140_1.dll
0x00007ffe0c520000 - 0x00007ffe0c5bb000 	C:\Users\bsc_49_16\.javacpp\cache\javacpp-1.5.5-windows-x86_64.jar\org\bytedeco\javacpp\windows-x86_64\msvcp140.dll
0x00007ffe11b50000 - 0x00007ffe11b59000 	C:\Users\bsc_49_16\.javacpp\cache\javacpp-1.5.5-windows-x86_64.jar\org\bytedeco\javacpp\windows-x86_64\msvcp140_1.dll
0x00007ffe0dfa0000 - 0x00007ffe0dff1000 	C:\Users\bsc_49_16\.javacpp\cache\javacpp-1.5.5-windows-x86_64.jar\org\bytedeco\javacpp\windows-x86_64\concrt140.dll
0x00007ffe11710000 - 0x00007ffe11737000 	C:\Users\bsc_49_16\.javacpp\cache\javacpp-1.5.5-windows-x86_64.jar\org\bytedeco\javacpp\windows-x86_64\vcomp140.dll
0x00007ffe117b0000 - 0x00007ffe117be000 	C:\Users\bsc_49_16\.javacpp\cache\javacpp-1.5.5-windows-x86_64.jar\org\bytedeco\javacpp\windows-x86_64\jnijavacpp.dll
0x000000006d7c0000 - 0x000000006f2cd000 	C:\Users\bsc_49_16\.javacpp\cache\openblas-0.3.13-1.5.5-windows-x86_64.jar\org\bytedeco\openblas\windows-x86_64\libopenblas_nolapack.dll
0x00007ffe0d340000 - 0x00007ffe0d39d000 	C:\Users\bsc_49_16\.javacpp\cache\openblas-0.3.13-1.5.5-windows-x86_64.jar\org\bytedeco\openblas\windows-x86_64\jniopenblas_nolapack.dll
0x0000000000a30000 - 0x000000000253d000 	C:\Users\bsc_49_16\.javacpp\cache\openblas-0.3.13-1.5.5-windows-x86_64.jar\org\bytedeco\openblas\windows-x86_64\libopenblas.dll
0x00007ffdc8400000 - 0x00007ffdc97f4000 	C:\Users\bsc_49_16\.javacpp\cache\openblas-0.3.13-1.5.5-windows-x86_64.jar\org\bytedeco\openblas\windows-x86_64\jniopenblas.dll
0x00007ffdd5500000 - 0x00007ffdd5963000 	C:\Users\bsc_49_16\.javacpp\cache\opencv-4.5.1-1.5.5-windows-x86_64.jar\org\bytedeco\opencv\windows-x86_64\opencv_core451.dll
0x00007ffdc7ce0000 - 0x00007ffdc83f8000 	C:\Users\bsc_49_16\.javacpp\cache\opencv-4.5.1-1.5.5-windows-x86_64.jar\org\bytedeco\opencv\windows-x86_64\opencv_imgproc451.dll
0x00007ffdd5270000 - 0x00007ffdd54f3000 	C:\Users\bsc_49_16\.javacpp\cache\opencv-4.5.1-1.5.5-windows-x86_64.jar\org\bytedeco\opencv\windows-x86_64\jniopencv_core.dll
0x00007ffe110e0000 - 0x00007ffe110f6000 	C:\Users\bsc_49_16\.javacpp\cache\nd4j-native-1.0.0-M1.1-windows-x86_64.jar\org\nd4j\nativeblas\windows-x86_64\libwinpthread-1.dll
0x00007ffe0e2f0000 - 0x00007ffe0e30c000 	C:\Users\bsc_49_16\.javacpp\cache\nd4j-native-1.0.0-M1.1-windows-x86_64.jar\org\nd4j\nativeblas\windows-x86_64\libgcc_s_seh-1.dll
0x00007ffe0d1e0000 - 0x00007ffe0d222000 	C:\Users\bsc_49_16\.javacpp\cache\nd4j-native-1.0.0-M1.1-windows-x86_64.jar\org\nd4j\nativeblas\windows-x86_64\libgomp-1.dll
0x00007ffdd50c0000 - 0x00007ffdd526e000 	C:\Users\bsc_49_16\.javacpp\cache\nd4j-native-1.0.0-M1.1-windows-x86_64.jar\org\nd4j\nativeblas\windows-x86_64\libstdc++-6.dll
0x00007ffdb8490000 - 0x00007ffdc7cdf000 	C:\Users\bsc_49_16\.javacpp\cache\nd4j-native-1.0.0-M1.1-windows-x86_64.jar\org\nd4j\nativeblas\windows-x86_64\libnd4jcpu.dll
0x00007ffdd4420000 - 0x00007ffdd46d1000 	C:\Users\bsc_49_16\.javacpp\cache\nd4j-native-1.0.0-M1.1-windows-x86_64.jar\org\nd4j\nativeblas\windows-x86_64\jnind4jcpu.dll
0x00007ffe459c0000 - 0x00007ffe459d8000 	C:\WINDOWS\SYSTEM32\CRYPTSP.dll
0x00007ffe450e0000 - 0x00007ffe45114000 	C:\WINDOWS\system32\rsaenh.dll
0x00007ffe46920000 - 0x00007ffe46947000 	C:\WINDOWS\System32\bcrypt.dll
0x00007ffe45f20000 - 0x00007ffe45f4e000 	C:\WINDOWS\SYSTEM32\USERENV.dll
0x00007ffe459e0000 - 0x00007ffe459ec000 	C:\WINDOWS\SYSTEM32\CRYPTBASE.dll
0x00007ffe45470000 - 0x00007ffe454ab000 	C:\WINDOWS\SYSTEM32\IPHLPAPI.DLL
0x00007ffe46ad0000 - 0x00007ffe46ad8000 	C:\WINDOWS\System32\NSI.dll
0x00007ffe3fff0000 - 0x00007ffe40007000 	C:\WINDOWS\SYSTEM32\dhcpcsvc6.DLL
0x00007ffe3ffd0000 - 0x00007ffe3ffed000 	C:\WINDOWS\SYSTEM32\dhcpcsvc.DLL
0x00007ffe454b0000 - 0x00007ffe4557b000 	C:\WINDOWS\SYSTEM32\DNSAPI.dll
0x00007ffdf38c0000 - 0x00007ffdf39e1000 	C:\Users\bsc_49_16\.javacpp\cache\opencv-4.5.1-1.5.5-windows-x86_64.jar\org\bytedeco\opencv\windows-x86_64\jniopencv_imgproc.dll
0x00007ffdd0fc0000 - 0x00007ffdd13d8000 	C:\Users\bsc_49_16\.javacpp\cache\opencv-4.5.1-1.5.5-windows-x86_64.jar\org\bytedeco\opencv\windows-x86_64\opencv_imgcodecs451.dll
0x00007ffe0e2c0000 - 0x00007ffe0e2f0000 	C:\Users\bsc_49_16\.javacpp\cache\opencv-4.5.1-1.5.5-windows-x86_64.jar\org\bytedeco\opencv\windows-x86_64\jniopencv_imgcodecs.dll
0x00007ffdcf0f0000 - 0x00007ffdcf5c2000 	C:\Users\bsc_49_16\.javacpp\cache\leptonica-1.80.0-1.5.5-windows-x86_64.jar\org\bytedeco\leptonica\windows-x86_64\liblept-5.dll
0x00007ffe0ccf0000 - 0x00007ffe0cfcd000 	C:\Users\bsc_49_16\.javacpp\cache\leptonica-1.80.0-1.5.5-windows-x86_64.jar\org\bytedeco\leptonica\windows-x86_64\jnilept.dll

dbghelp: loaded successfully - version: 4.0.5 - missing functions: none
symbol engine: initialized successfully - sym options: 0x614 - pdb path: .;C:\Program Files\Java\jdk-16\bin;C:\WINDOWS\SYSTEM32;C:\WINDOWS\WinSxS\amd64_microsoft.windows.common-controls_6595b64144ccf1df_6.0.19041.1110_none_60b5254171f9507e;C:\Program Files\Java\jdk-16\bin\server;D:\Programs\IntelliJ IDEA 2020.3.2\bin;C:\Users\bsc_49_16\.javacpp\cache\javacpp-1.5.5-windows-x86_64.jar\org\bytedeco\javacpp\windows-x86_64;C:\Users\bsc_49_16\.javacpp\cache\openblas-0.3.13-1.5.5-windows-x86_64.jar\org\bytedeco\openblas\windows-x86_64;C:\Users\bsc_49_16\.javacpp\cache\opencv-4.5.1-1.5.5-windows-x86_64.jar\org\bytedeco\opencv\windows-x86_64;C:\Users\bsc_49_16\.javacpp\cache\nd4j-native-1.0.0-M1.1-windows-x86_64.jar\org\nd4j\nativeblas\windows-x86_64;C:\Users\bsc_49_16\.javacpp\cache\leptonica-1.80.0-1.5.5-windows-x86_64.jar\org\bytedeco\leptonica\windows-x86_64

VM Arguments:
jvm_args: -javaagent:D:\Programs\IntelliJ IDEA 2020.3.2\lib\idea_rt.jar=54972:D:\Programs\IntelliJ IDEA 2020.3.2\bin -Dfile.encoding=UTF-8 
java_command: MaizeDiseaseDetectionModel
java_class_path (initial): E:\projects\New folder\example-maize-model\target\classes;C:\Users\bsc_49_16\.m2\repository\org\nd4j\nd4j-native\1.0.0-M1.1\nd4j-native-1.0.0-M1.1.jar;C:\Users\bsc_49_16\.m2\repository\org\nd4j\nd4j-native\1.0.0-M1.1\nd4j-native-1.0.0-M1.1-windows-x86_64.jar;C:\Users\bsc_49_16\.m2\repository\org\bytedeco\javacpp\1.5.5\javacpp-1.5.5.jar;C:\Users\bsc_49_16\.m2\repository\org\bytedeco\javacpp\1.5.5\javacpp-1.5.5-windows-x86_64.jar;C:\Users\bsc_49_16\.m2\repository\org\bytedeco\openblas\0.3.13-1.5.5\openblas-0.3.13-1.5.5.jar;C:\Users\bsc_49_16\.m2\repository\org\bytedeco\openblas\0.3.13-1.5.5\openblas-0.3.13-1.5.5-windows-x86_64.jar;C:\Users\bsc_49_16\.m2\repository\org\nd4j\nd4j-api\1.0.0-M1.1\nd4j-api-1.0.0-M1.1.jar;C:\Users\bsc_49_16\.m2\repository\com\jakewharton\byteunits\byteunits\0.9.1\byteunits-0.9.1.jar;C:\Users\bsc_49_16\.m2\repository\org\apache\commons\commons-collections4\4.1\commons-collections4-4.1.jar;C:\Users\bsc_49_16\.m2\repository\com\google\flatbuffers\flatbuffers-java\1.10.0\flatbuffers-java-1.10.0.jar;C:\Users\bsc_49_16\.m2\repository\org\nd4j\protobuf\1.0.0-M1.1\protobuf-1.0.0-M1.1.jar;C:\Users\bsc_49_16\.m2\repository\commons-net\commons-net\3.1\commons-net-3.1.jar;C:\Users\bsc_49_16\.m2\repository\net\ericaro\neoitertools\1.0.0\neoitertools-1.0.0.jar;C:\Users\bsc_49_16\.m2\repository\org\nd4j\nd4j-native-api\1.0.0-M1.1\nd4j-native-api-1.0.0-M1.1.jar;C:\Users\bsc_49_16\.m2\repository\org\nd4j\nd4j-native-preset\1.0.0-M1.1\nd4j-native-preset-1.0.0-M1.1.jar;C:\Users\bsc_49_16\.m2\repository\org\nd4j\nd4j-native-preset\1.0.0-M1.1\nd4j-native-preset-1.0.0-M1.1-windows-x86_64.jar;C:\Users\bsc_49_16\.m2\repository\org\datavec\datavec-api\1.0.0-M1.1\datavec-api-1.0.0-M1.1.jar;C:\Users\bsc_49_16\.m2\repository\org\apache\commons\commons-lang3\3.6\commons-lang3-3.6.jar;C:\Users\bsc_49_16\.m2\repository\commons-io\commons-io\2.5\commons-io-2.5.jar;C:\Users\bsc_49_16\.m2\repository\commons-codec\commons-codec\1.10\commons-codec
Launcher Type: SUN_STANDARD

[Global flags]
     intx CICompilerCount                          = 3                                         {product} {ergonomic}
     uint ConcGCThreads                            = 2                                         {product} {ergonomic}
     uint G1ConcRefinementThreads                  = 6                                         {product} {ergonomic}
   size_t G1HeapRegionSize                         = 2097152                                   {product} {ergonomic}
    uintx GCDrainStackTargetSize                   = 64                                        {product} {ergonomic}
   size_t InitialHeapSize                          = 266338304                                 {product} {ergonomic}
   size_t MarkStackSize                            = 4194304                                   {product} {ergonomic}
   size_t MaxHeapSize                              = 4236247040                                {product} {ergonomic}
   size_t MaxNewSize                               = 2541748224                                {product} {ergonomic}
   size_t MinHeapDeltaBytes                        = 2097152                                   {product} {ergonomic}
   size_t MinHeapSize                              = 8388608                                   {product} {ergonomic}
    uintx NonNMethodCodeHeapSize                   = 5832780                                {pd product} {ergonomic}
    uintx NonProfiledCodeHeapSize                  = 122912730                              {pd product} {ergonomic}
    uintx ProfiledCodeHeapSize                     = 122912730                              {pd product} {ergonomic}
    uintx ReservedCodeCacheSize                    = 251658240                              {pd product} {ergonomic}
     bool SegmentedCodeCache                       = true                                      {product} {ergonomic}
   size_t SoftMaxHeapSize                          = 4236247040                             {manageable} {ergonomic}
     bool UseCompressedClassPointers               = true                           {product lp64_product} {ergonomic}
     bool UseCompressedOops                        = true                           {product lp64_product} {ergonomic}
     bool UseG1GC                                  = true                                      {product} {ergonomic}
     bool UseLargePagesIndividualAllocation        = false                                  {pd product} {ergonomic}

Logging:
Log output configuration:
 #0: stdout all=warning uptime,level,tags
 #1: stderr all=off uptime,level,tags

Environment Variables:
PATH=C:\Program Files (x86)\MiKTeX 2.9\miktex\bin;C:\WINDOWS\system32;C:\WINDOWS;C:\WINDOWS\System32\Wbem;C:\WINDOWS\System32\WindowsPowerShell\v1.0\;C:\WINDOWS\System32\OpenSSH\;C:\Program Files\Git\cmd;C:\Program Files\MATLAB\MATLAB Production Server\R2015a\runtime\win64;C:\Program Files\MATLAB\MATLAB Production Server\R2015a\bin;C:\Program Files\MATLAB\MATLAB Production Server\R2015a\polyspace\bin;C:\Program Files\Gradle\gradle-6.5-all\gradle-6.5\bin;C:\Users\HP\.jdks\corretto-1.8.0_302\bin;C:\Program Files\nodejs\;C:\Users\bsc_49_16\AppData\Local\Microsoft\WindowsApps;
USERNAME=BSC_49_16
OS=Windows_NT
PROCESSOR_IDENTIFIER=Intel64 Family 6 Model 158 Stepping 10, GenuineIntel



---------------  S Y S T E M  ---------------

OS:
 Windows 10 , 64 bit Build 19041 (10.0.19041.1348)
OS uptime: 0 days 13:28 hours

CPU: total 6 (initial active 6) (6 cores per cpu, 1 threads per core) family 6 model 158 stepping 10 microcode 0xd6, cx8, cmov, fxsr, mmx, 3dnowpref, sse, sse2, sse3, ssse3, sse4.1, sse4.2, popcnt, lzcnt, tsc, tscinvbit, avx, avx2, aes, erms, clmul, bmi1, bmi2, rtm, adx, fma, vzeroupper, clflush, clflushopt

Memory: 4k page, system-wide physical 16158M (2371M free)
TotalPageFile size 19634M (AvailPageFile size 2705M)
current process WorkingSet (physical memory assigned to process): 7686M, peak: 7718M
current process commit charge ("private bytes"): 9061M, peak: 9096M

vm_info: Java HotSpot(TM) 64-Bit Server VM (16+36-2231) for windows-amd64 JRE (16+36-2231), built on Feb  8 2021 11:43:10 by "mach5one" with MS VC++ 16.7 (VS2019)

END.
