#
# A fatal error has been detected by the Java Runtime Environment:
#
#  EXCEPTION_ACCESS_VIOLATION (0xc0000005) at pc=0x00007ffd37fc4f69, pid=11792, tid=3504
#
# JRE version: Java(TM) SE Runtime Environment (16.0+36) (build 16+36-2231)
# Java VM: Java HotSpot(TM) 64-Bit Server VM (16+36-2231, mixed mode, sharing, tiered, compressed oops, g1 gc, windows-amd64)
# Problematic frame:
# C  [KERNELBASE.dll+0x34f69]
#
# No core dump will be written. Minidumps are not enabled by default on client versions of Windows
#
# If you would like to submit a bug report, please visit:
#   https://bugreport.java.com/bugreport/crash.jsp
# The crash happened outside the Java Virtual Machine in native code.
# See problematic frame for where to report the bug.
#

---------------  S U M M A R Y ------------

Command Line: -javaagent:E:\intelj\IntelliJ IDEA 2021.3.1\lib\idea_rt.jar=63226:E:\intelj\IntelliJ IDEA 2021.3.1\bin -Dfile.encoding=UTF-8 MaizeDiseaseDetectionModel

Host: Intel(R) Core(TM) i5-9500T CPU @ 2.20GHz, 6 cores, 15G,  Windows 10 , 64 bit Build 19041 (10.0.19041.1466)
Time: Tue Feb  8 18:44:39 2022 South Africa Standard Time elapsed time: 691.031761 seconds (0d 0h 11m 31s)

---------------  T H R E A D  ---------------

Current thread (0x0000011c60d95b20):  JavaThread "ADSI prefetch thread" daemon [_thread_in_native, id=3504, stack(0x00000014b8100000,0x00000014b8200000)]

Stack: [0x00000014b8100000,0x00000014b8200000],  sp=0x00000014b81fbf30,  free space=1007k
Native frames: (J=compiled Java code, j=interpreted, Vv=VM code, C=native code)
C  [KERNELBASE.dll+0x34f69]
C  [vcruntime140_1.dll+0x2753]
C  [ntdll.dll+0xa1456]
C  [opencv_core451.dll+0x1e65eb]

Java frames: (J=compiled Java code, j=interpreted, Vv=VM code)
j  org.bytedeco.opencv.global.opencv_imgproc.cvtColor(Lorg/bytedeco/opencv/opencv_core/Mat;Lorg/bytedeco/opencv/opencv_core/Mat;I)V+0
J 3234 c1 org.datavec.image.loader.NativeImageLoader.transformImage(Lorg/bytedeco/opencv/opencv_core/Mat;Lorg/nd4j/linalg/api/ndarray/INDArray;)Lorg/nd4j/linalg/api/ndarray/INDArray; (459 bytes) @ 0x0000011c44846c94 [0x0000011c44845d40+0x0000000000000f54]
J 3424 c1 org.datavec.image.loader.NativeImageLoader.asMatrixView(Ljava/io/InputStream;Lorg/nd4j/linalg/api/ndarray/INDArray;)V (94 bytes) @ 0x0000011c44cc7524 [0x0000011c44cc7200+0x0000000000000324]
J 3591 c1 org.datavec.image.loader.NativeImageLoader.asMatrixView(Ljava/io/File;Lorg/nd4j/linalg/api/ndarray/INDArray;)V (107 bytes) @ 0x0000011c44d1bfbc [0x0000011c44d1bdc0+0x00000000000001fc]
j  org.datavec.image.recordreader.BaseImageRecordReader.next(I)Ljava/util/List;+416
j  org.deeplearning4j.datasets.datavec.RecordReaderMultiDataSetIterator.next(I)Lorg/nd4j/linalg/dataset/api/MultiDataSet;+126
j  org.deeplearning4j.datasets.datavec.RecordReaderDataSetIterator.next(I)Lorg/nd4j/linalg/dataset/DataSet;+64
j  org.deeplearning4j.datasets.datavec.RecordReaderDataSetIterator.next()Lorg/nd4j/linalg/dataset/DataSet;+5
j  org.deeplearning4j.datasets.datavec.RecordReaderDataSetIterator.next()Ljava/lang/Object;+1
j  org.nd4j.linalg.dataset.AsyncDataSetIterator$AsyncPrefetchThread.run()V+108
v  ~StubRoutines::call_stub

siginfo: EXCEPTION_ACCESS_VIOLATION (0xc0000005), reading address 0x0000011c8fbbf5b0


Register to memory mapping:

RIP=0x00007ffd37fc4f69 KERNELBASE.dll
RAX=0x00000014b81fb7c0 is pointing into the stack for thread: 0x0000011c60d95b20
RBX=0x00000014b81fdaf0 is pointing into the stack for thread: 0x0000011c60d95b20
RCX=0x00000014b81fb829 is pointing into the stack for thread: 0x0000011c60d95b20
RDX=0x0000011c607afa40 points into unknown readable memory: 0x726f001ca0830370 | 70 03 83 a0 1c 00 6f 72
RSP=0x00000014b81fbf30 is pointing into the stack for thread: 0x0000011c60d95b20
RBP=0x00000014b81fc610 is pointing into the stack for thread: 0x0000011c60d95b20
RSI=0x00000014b81fe340 is pointing into the stack for thread: 0x0000011c60d95b20
RDI=0x00000014b81fcdb0 is pointing into the stack for thread: 0x0000011c60d95b20
R8 =0x0000011c60c17fb0 points into unknown readable memory: 0x4a28002355e20001 | 01 00 e2 55 23 00 28 4a
R9 =0x0 is NULL
R10=0x0000011c44845cac is at entry_point+-148 in (nmethod*)0x0000011c44845890
R11=0x0000011c44845d40 is at entry_point+0 in (nmethod*)0x0000011c44845890
R12=0x0 is NULL
R13=0x00000014b81fc098 is pointing into the stack for thread: 0x0000011c60d95b20
R14=0x00000014b81fcdb0 is pointing into the stack for thread: 0x0000011c60d95b20
R15=0x00000014b81fcf18 is pointing into the stack for thread: 0x0000011c60d95b20


Registers:
RAX=0x00000014b81fb7c0, RBX=0x00000014b81fdaf0, RCX=0x00000014b81fb829, RDX=0x0000011c607afa40
RSP=0x00000014b81fbf30, RBP=0x00000014b81fc610, RSI=0x00000014b81fe340, RDI=0x00000014b81fcdb0
R8 =0x0000011c60c17fb0, R9 =0x0000000000000000, R10=0x0000011c44845cac, R11=0x0000011c44845d40
R12=0x0000000000000000, R13=0x00000014b81fc098, R14=0x00000014b81fcdb0, R15=0x00000014b81fcf18
RIP=0x00007ffd37fc4f69, EFLAGS=0x0000000000000206

Top of Stack: (sp=0x00000014b81fbf30)
0x00000014b81fbf30:   00000a3900000000 00000014b81fdaf0
0x00000014b81fbf40:   00000014b81fe340 00007ffd34eb6220
0x00000014b81fbf50:   00000001c0000005 0000000000000000
0x00000014b81fbf60:   00007ffd37fc4f69 0000000000000002
0x00000014b81fbf70:   0000000000000000 0000011c8fbbf5b0
0x00000014b81fbf80:   0000000000000006 00000014b81fc610
0x00000014b81fbf90:   00000b7e63d8df33 0000000000000000
0x00000014b81fbfa0:   00000014b81fdaf0 00007ffd34e73499
0x00000014b81fbfb0:   0000011c00000000 0000011c617effb0
0x00000014b81fbfc0:   00000014b81fdaf0 00000014b81fe340
0x00000014b81fbfd0:   00000014b81fcdb0 00007ffd34e733d9
0x00000014b81fbfe0:   00000014b81fdaf0 00000014b81fe340
0x00000014b81fbff0:   00000a390191834c 0000011c61aad3b0
0x00000014b81fc000:   00000014b81fdaf0 00007ffd34e72753
0x00000014b81fc010:   00007ffcd70a70e0 00000014b81fcf18
0x00000014b81fc020:   0000001400000100 0000000000000003 

Instructions: (pc=0x00007ffd37fc4f69)
0x00007ffd37fc4e69:   d8 21 00 00 41 0f 44 c0 89 43 24 8b 41 18 89 43
0x00007ffd37fc4e79:   28 65 48 8b 04 25 60 00 00 00 48 8b 48 20 39 79
0x00007ffd37fc4e89:   08 7c 36 41 b9 40 00 00 00 48 89 7c 24 20 4c 8d
0x00007ffd37fc4e99:   44 24 30 48 83 c9 ff 41 8d 51 e5 48 ff 15 fd 9d
0x00007ffd37fc4ea9:   18 00 0f 1f 44 00 00 85 c0 0f 88 df ef 06 00 81
0x00007ffd37fc4eb9:   7c 24 54 33 00 03 00 72 0f 48 8b 9c 24 80 00 00
0x00007ffd37fc4ec9:   00 48 83 c4 70 5f c3 cc 89 7b 2c eb ec cc cc cc
0x00007ffd37fc4ed9:   cc cc cc cc cc cc cc 65 48 8b 04 25 30 00 00 00
0x00007ffd37fc4ee9:   8b 40 68 c3 cc cc cc cc cc cc cc cc cc cc cc cc
0x00007ffd37fc4ef9:   cc cc cc cc cc cc cc 48 81 ec d8 00 00 00 48 8b
0x00007ffd37fc4f09:   05 62 5f 25 00 48 33 c4 48 89 84 24 c0 00 00 00
0x00007ffd37fc4f19:   48 83 64 24 28 00 48 8d 05 da ff ff ff 83 e2 01
0x00007ffd37fc4f29:   89 4c 24 20 89 54 24 24 48 89 44 24 30 4d 85 c9
0x00007ffd37fc4f39:   74 4c b8 0f 00 00 00 48 8d 4c 24 40 44 3b c0 49
0x00007ffd37fc4f49:   8b d1 44 0f 47 c0 44 89 44 24 38 49 c1 e0 03 e8
0x00007ffd37fc4f59:   7a d5 05 00 48 8d 4c 24 20 48 ff 15 1f 9e 18 00
0x00007ffd37fc4f69:   0f 1f 44 00 00 48 8b 8c 24 c0 00 00 00 48 33 cc
0x00007ffd37fc4f79:   e8 c2 96 05 00 48 81 c4 d8 00 00 00 c3 cc 83 64
0x00007ffd37fc4f89:   24 38 00 eb cf cc cc cc cc cc cc cc cc cc cc cc
0x00007ffd37fc4f99:   cc cc cc cc cc cc cc 40 53 48 83 ec 30 48 8b d1
0x00007ffd37fc4fa9:   48 8d 4c 24 20 e8 e5 cc ff ff 85 c0 74 26 48 8b
0x00007ffd37fc4fb9:   4c 24 28 e8 8f 6f ff ff 48 8d 4c 24 20 8b d8 48
0x00007ffd37fc4fc9:   ff 15 11 96 18 00 0f 1f 44 00 00 8b c3 48 83 c4
0x00007ffd37fc4fd9:   30 5b c3 cc 83 c8 ff eb f4 cc cc cc cc cc cc cc
0x00007ffd37fc4fe9:   cc cc cc cc cc cc cc 48 8b c4 48 89 58 10 48 89
0x00007ffd37fc4ff9:   70 18 57 48 83 ec 60 0f 57 c0 0f 11 40 b8 48 8d
0x00007ffd37fc5009:   35 32 f6 18 00 33 db 48 85 c9 48 0f 45 f1 48 8b
0x00007ffd37fc5019:   d6 48 8d 48 c8 48 ff 15 43 9c 18 00 0f 1f 44 00
0x00007ffd37fc5029:   00 8b f8 89 44 24 70 85 c0 78 1f 41 b0 01 48 8d
0x00007ffd37fc5039:   54 24 30 48 8d 4c 24 20 48 ff 15 c0 95 18 00 0f
0x00007ffd37fc5049:   1f 44 00 00 8b f8 89 44 24 70 85 ff 0f 88 49 ee
0x00007ffd37fc5059:   06 00 48 83 c8 ff 48 8b c8 48 ff c1 66 39 1c 4e 


Stack slot to memory mapping:
stack at sp + 0 slots: 0x00000a3900000000 is an unknown value
stack at sp + 1 slots: 0x00000014b81fdaf0 is pointing into the stack for thread: 0x0000011c60d95b20
stack at sp + 2 slots: 0x00000014b81fe340 is pointing into the stack for thread: 0x0000011c60d95b20
stack at sp + 3 slots: 0x00007ffd34eb6220 VCRUNTIME140.dll
stack at sp + 4 slots: 0x00000001c0000005 is an unknown value
stack at sp + 5 slots: 0x0 is NULL
stack at sp + 6 slots: 0x00007ffd37fc4f69 KERNELBASE.dll
stack at sp + 7 slots: 0x0000000000000002 is an unknown value


---------------  P R O C E S S  ---------------

Threads class SMR info:
_java_thread_list=0x0000011c61b12e30, length=23, elements={
0x0000011c3ca4b680, 0x0000011c5f0e2860, 0x0000011c5f0e45e0, 0x0000011c5f0f2320,
0x0000011c5f0f3e40, 0x0000011c5f0f6f00, 0x0000011c5f0f7810, 0x0000011c5f0f8ca0,
0x0000011c5f107a60, 0x0000011c5fc10060, 0x0000011c5f0c4f50, 0x0000011c60ab20e0,
0x0000011c60ab2600, 0x0000011c619d8a40, 0x0000011c608de5b0, 0x0000011c616e4890,
0x0000011c60c99980, 0x0000011c61e19610, 0x0000011c60d965c0, 0x0000011c60d985a0,
0x0000011c60d955d0, 0x0000011c60d975b0, 0x0000011c60d95b20
}

Java Threads: ( => current thread )
  0x0000011c3ca4b680 JavaThread "main" [_thread_in_native, id=3296, stack(0x00000014b4d00000,0x00000014b4e00000)]
  0x0000011c5f0e2860 JavaThread "Reference Handler" daemon [_thread_blocked, id=7728, stack(0x00000014b5400000,0x00000014b5500000)]
  0x0000011c5f0e45e0 JavaThread "Finalizer" daemon [_thread_blocked, id=7360, stack(0x00000014b5500000,0x00000014b5600000)]
  0x0000011c5f0f2320 JavaThread "Signal Dispatcher" daemon [_thread_blocked, id=12708, stack(0x00000014b5600000,0x00000014b5700000)]
  0x0000011c5f0f3e40 JavaThread "Attach Listener" daemon [_thread_blocked, id=1184, stack(0x00000014b5700000,0x00000014b5800000)]
  0x0000011c5f0f6f00 JavaThread "Service Thread" daemon [_thread_blocked, id=8196, stack(0x00000014b5800000,0x00000014b5900000)]
  0x0000011c5f0f7810 JavaThread "Monitor Deflation Thread" daemon [_thread_blocked, id=13116, stack(0x00000014b5900000,0x00000014b5a00000)]
  0x0000011c5f0f8ca0 JavaThread "C2 CompilerThread0" daemon [_thread_blocked, id=10504, stack(0x00000014b5a00000,0x00000014b5b00000)]
  0x0000011c5f107a60 JavaThread "C1 CompilerThread0" daemon [_thread_blocked, id=11380, stack(0x00000014b5b00000,0x00000014b5c00000)]
  0x0000011c5fc10060 JavaThread "Sweeper thread" daemon [_thread_blocked, id=2924, stack(0x00000014b5c00000,0x00000014b5d00000)]
  0x0000011c5f0c4f50 JavaThread "Common-Cleaner" daemon [_thread_blocked, id=9372, stack(0x00000014b5d00000,0x00000014b5e00000)]
  0x0000011c60ab20e0 JavaThread "Monitor Ctrl-Break" daemon [_thread_in_native, id=6472, stack(0x00000014b6400000,0x00000014b6500000)]
  0x0000011c60ab2600 JavaThread "Notification Thread" daemon [_thread_blocked, id=9464, stack(0x00000014b6500000,0x00000014b6600000)]
  0x0000011c619d8a40 JavaThread "JavaCPP Deallocator" daemon [_thread_blocked, id=2812, stack(0x00000014b6700000,0x00000014b6800000)]
  0x0000011c608de5b0 JavaThread "DeallocatorServiceThread_0" daemon [_thread_blocked, id=8092, stack(0x00000014b5e00000,0x00000014b5f00000)]
  0x0000011c616e4890 JavaThread "DeallocatorServiceThread_1" daemon [_thread_blocked, id=11204, stack(0x00000014b7200000,0x00000014b7300000)]
  0x0000011c60c99980 JavaThread "vertx-blocked-thread-checker" daemon [_thread_blocked, id=620, stack(0x00000014b7b00000,0x00000014b7c00000)]
  0x0000011c61e19610 JavaThread "Thread-5" daemon [_thread_in_native, id=5968, stack(0x00000014b7c00000,0x00000014b7d00000)]
  0x0000011c60d965c0 JavaThread "vert.x-eventloop-thread-0" [_thread_in_native, id=10184, stack(0x00000014b7d00000,0x00000014b7e00000)]
  0x0000011c60d985a0 JavaThread "Thread-7" daemon [_thread_blocked, id=6772, stack(0x00000014b7e00000,0x00000014b7f00000)]
  0x0000011c60d955d0 JavaThread "vert.x-acceptor-thread-0" [_thread_in_native, id=3352, stack(0x00000014b7f00000,0x00000014b8000000)]
  0x0000011c60d975b0 JavaThread "vert.x-eventloop-thread-1" [_thread_in_native, id=1344, stack(0x00000014b8000000,0x00000014b8100000)]
=>0x0000011c60d95b20 JavaThread "ADSI prefetch thread" daemon [_thread_in_native, id=3504, stack(0x00000014b8100000,0x00000014b8200000)]

Other Threads:
  0x0000011c5f0de730 VMThread "VM Thread" [stack: 0x00000014b5300000,0x00000014b5400000] [id=5424]
  0x0000011c60ab2b20 WatcherThread [stack: 0x00000014b6600000,0x00000014b6700000] [id=2916]
  0x0000011c3ca9d100 GCTaskThread "GC Thread#0" [stack: 0x00000014b4e00000,0x00000014b4f00000] [id=12824]
  0x0000011c60648440 GCTaskThread "GC Thread#1" [stack: 0x00000014b5f00000,0x00000014b6000000] [id=4968]
  0x0000011c605bc790 GCTaskThread "GC Thread#2" [stack: 0x00000014b6000000,0x00000014b6100000] [id=1584]
  0x0000011c605bcaa0 GCTaskThread "GC Thread#3" [stack: 0x00000014b6100000,0x00000014b6200000] [id=8060]
  0x0000011c607325b0 GCTaskThread "GC Thread#4" [stack: 0x00000014b6200000,0x00000014b6300000] [id=11784]
  0x0000011c606587a0 GCTaskThread "GC Thread#5" [stack: 0x00000014b6300000,0x00000014b6400000] [id=5256]
  0x0000011c3caaf1e0 ConcurrentGCThread "G1 Main Marker" [stack: 0x00000014b4f00000,0x00000014b5000000] [id=8972]
  0x0000011c3caafbe0 ConcurrentGCThread "G1 Conc#0" [stack: 0x00000014b5000000,0x00000014b5100000] [id=3760]
  0x0000011c60837600 ConcurrentGCThread "G1 Conc#1" [stack: 0x00000014b7a00000,0x00000014b7b00000] [id=1368]
  0x0000011c5ef924d0 ConcurrentGCThread "G1 Refine#0" [stack: 0x00000014b5100000,0x00000014b5200000] [id=10348]
  0x0000011c63229a20 ConcurrentGCThread "G1 Refine#1" [stack: 0x00000014b4a00000,0x00000014b4b00000] [id=11532]
  0x0000011c62f767a0 ConcurrentGCThread "G1 Refine#2" [stack: 0x00000014b4b00000,0x00000014b4c00000] [id=12460]
  0x0000011c5ef92ee0 ConcurrentGCThread "G1 Service" [stack: 0x00000014b5200000,0x00000014b5300000] [id=7984]

Threads with active compile tasks:

VM state: not at safepoint (normal execution)

VM Mutex/Monitor currently owned by a thread: None

Heap address: 0x0000000703800000, size: 4040 MB, Compressed Oops mode: Zero based, Oop shift amount: 3
CDS archive(s) mapped at: [0x0000000800000000-0x0000000800bb0000-0x0000000800bb0000), size 12255232, SharedBaseAddress: 0x0000000800000000, ArchiveRelocationMode: 0.
Compressed class space mapped at: 0x0000000800c00000-0x0000000840c00000, reserved size: 1073741824
Narrow klass base: 0x0000000800000000, Narrow klass shift: 3, Narrow klass range: 0x100000000

GC Precious Log:
 CPUs: 6 total, 6 available
 Memory: 16158M
 Large Page Support: Disabled
 NUMA Support: Disabled
 Compressed Oops: Enabled (Zero based)
 Heap Region Size: 2M
 Heap Min Capacity: 8M
 Heap Initial Capacity: 254M
 Heap Max Capacity: 4040M
 Pre-touch: Disabled
 Parallel Workers: 6
 Concurrent Workers: 2
 Concurrent Refinement Workers: 6
 Periodic GC: Disabled

Heap:
 garbage-first heap   total 178176K, used 126997K [0x0000000703800000, 0x0000000800000000)
  region size 2048K, 34 young (69632K), 6 survivors (12288K)
 Metaspace       used 39770K, committed 40000K, reserved 1089536K
  class space    used 3860K, committed 3968K, reserved 1048576K

Heap Regions: E=young(eden), S=young(survivor), O=old, HS=humongous(starts), HC=humongous(continues), CS=collection set, F=free, OA=open archive, CA=closed archive, TAMS=top-at-mark-start (previous, next)
|   0|0x0000000703800000, 0x0000000703a00000, 0x0000000703a00000|100%|HS|  |TAMS 0x0000000703a00000, 0x0000000703800000| Complete 
|   1|0x0000000703a00000, 0x0000000703c00000, 0x0000000703c00000|100%| O|  |TAMS 0x0000000703c00000, 0x0000000703a00000| Untracked 
|   2|0x0000000703c00000, 0x0000000703e00000, 0x0000000703e00000|100%| O|  |TAMS 0x0000000703e00000, 0x0000000703c00000| Untracked 
|   3|0x0000000703e00000, 0x0000000704000000, 0x0000000704000000|100%| O|  |TAMS 0x0000000704000000, 0x0000000703e00000| Untracked 
|   4|0x0000000704000000, 0x0000000704200000, 0x0000000704200000|100%| O|  |TAMS 0x0000000704200000, 0x0000000704000000| Untracked 
|   5|0x0000000704200000, 0x0000000704400000, 0x0000000704400000|100%| O|  |TAMS 0x0000000704400000, 0x0000000704200000| Untracked 
|   6|0x0000000704400000, 0x0000000704600000, 0x0000000704600000|100%| O|  |TAMS 0x0000000704600000, 0x0000000704400000| Untracked 
|   7|0x0000000704600000, 0x0000000704800000, 0x0000000704800000|100%|HS|  |TAMS 0x0000000704800000, 0x0000000704600000| Complete 
|   8|0x0000000704800000, 0x0000000704a00000, 0x0000000704a00000|100%|HC|  |TAMS 0x0000000704a00000, 0x0000000704800000| Complete 
|   9|0x0000000704a00000, 0x0000000704c00000, 0x0000000704c00000|100%|HC|  |TAMS 0x0000000704c00000, 0x0000000704a00000| Complete 
|  10|0x0000000704c00000, 0x0000000704e00000, 0x0000000704e00000|100%|HC|  |TAMS 0x0000000704e00000, 0x0000000704c00000| Complete 
|  11|0x0000000704e00000, 0x0000000705000000, 0x0000000705000000|100%|HC|  |TAMS 0x0000000705000000, 0x0000000704e00000| Complete 
|  12|0x0000000705000000, 0x0000000705200000, 0x0000000705200000|100%|HS|  |TAMS 0x0000000705200000, 0x0000000705000000| Complete 
|  13|0x0000000705200000, 0x0000000705400000, 0x0000000705400000|100%| O|  |TAMS 0x0000000705400000, 0x0000000705200000| Untracked 
|  14|0x0000000705400000, 0x000000070541ea00, 0x0000000705600000|  5%| O|  |TAMS 0x000000070541ea00, 0x0000000705400000| Untracked 
|  15|0x0000000705600000, 0x0000000705800000, 0x0000000705800000|100%|HS|  |TAMS 0x0000000705800000, 0x0000000705600000| Complete 
|  16|0x0000000705800000, 0x0000000705a00000, 0x0000000705a00000|100%|HC|  |TAMS 0x0000000705a00000, 0x0000000705800000| Complete 
|  17|0x0000000705a00000, 0x0000000705c00000, 0x0000000705c00000|100%|HC|  |TAMS 0x0000000705c00000, 0x0000000705a00000| Complete 
|  18|0x0000000705c00000, 0x0000000705e00000, 0x0000000705e00000|100%|HC|  |TAMS 0x0000000705e00000, 0x0000000705c00000| Complete 
|  19|0x0000000705e00000, 0x0000000706000000, 0x0000000706000000|100%|HC|  |TAMS 0x0000000706000000, 0x0000000705e00000| Complete 
|  20|0x0000000706000000, 0x0000000706200000, 0x0000000706200000|100%|HS|  |TAMS 0x0000000706200000, 0x0000000706000000| Complete 
|  21|0x0000000706200000, 0x0000000706400000, 0x0000000706400000|100%| O|  |TAMS 0x0000000706200000, 0x0000000706200000| Untracked 
|  22|0x0000000706400000, 0x0000000706600000, 0x0000000706600000|100%|HS|  |TAMS 0x0000000706600000, 0x0000000706400000| Complete 
|  23|0x0000000706600000, 0x0000000706800000, 0x0000000706800000|100%|HC|  |TAMS 0x0000000706800000, 0x0000000706600000| Complete 
|  24|0x0000000706800000, 0x0000000706a00000, 0x0000000706a00000|100%| O|  |TAMS 0x0000000706800000, 0x0000000706800000| Untracked 
|  25|0x0000000706a00000, 0x0000000706c00000, 0x0000000706c00000|100%| O|  |TAMS 0x0000000706a00000, 0x0000000706a00000| Untracked 
|  26|0x0000000706c00000, 0x0000000706e00000, 0x0000000706e00000|100%| O|  |TAMS 0x0000000706c00000, 0x0000000706c00000| Untracked 
|  27|0x0000000706e00000, 0x0000000707000000, 0x0000000707000000|100%| O|  |TAMS 0x0000000706e00000, 0x0000000706e00000| Untracked 
|  28|0x0000000707000000, 0x0000000707200000, 0x0000000707200000|100%| O|  |TAMS 0x0000000707000000, 0x0000000707000000| Untracked 
|  29|0x0000000707200000, 0x0000000707400000, 0x0000000707400000|100%| O|  |TAMS 0x0000000707200000, 0x0000000707200000| Untracked 
|  30|0x0000000707400000, 0x00000007075e6c00, 0x0000000707600000| 95%| O|  |TAMS 0x0000000707400000, 0x0000000707400000| Untracked 
|  31|0x0000000707600000, 0x0000000707600000, 0x0000000707800000|  0%| F|  |TAMS 0x0000000707600000, 0x0000000707600000| Untracked 
|  32|0x0000000707800000, 0x0000000707800000, 0x0000000707a00000|  0%| F|  |TAMS 0x0000000707800000, 0x0000000707800000| Untracked 
|  33|0x0000000707a00000, 0x0000000707a00000, 0x0000000707c00000|  0%| F|  |TAMS 0x0000000707a00000, 0x0000000707a00000| Untracked 
|  34|0x0000000707c00000, 0x0000000707c00000, 0x0000000707e00000|  0%| F|  |TAMS 0x0000000707c00000, 0x0000000707c00000| Untracked 
|  35|0x0000000707e00000, 0x0000000708000000, 0x0000000708000000|100%| S|CS|TAMS 0x0000000707e00000, 0x0000000707e00000| Complete 
|  36|0x0000000708000000, 0x0000000708200000, 0x0000000708200000|100%| S|CS|TAMS 0x0000000708000000, 0x0000000708000000| Complete 
|  37|0x0000000708200000, 0x0000000708400000, 0x0000000708400000|100%| S|CS|TAMS 0x0000000708200000, 0x0000000708200000| Complete 
|  38|0x0000000708400000, 0x0000000708600000, 0x0000000708600000|100%| S|CS|TAMS 0x0000000708400000, 0x0000000708400000| Complete 
|  39|0x0000000708600000, 0x0000000708600000, 0x0000000708800000|  0%| F|  |TAMS 0x0000000708600000, 0x0000000708600000| Untracked 
|  40|0x0000000708800000, 0x0000000708800000, 0x0000000708a00000|  0%| F|  |TAMS 0x0000000708800000, 0x0000000708800000| Untracked 
|  41|0x0000000708a00000, 0x0000000708a00000, 0x0000000708c00000|  0%| F|  |TAMS 0x0000000708a00000, 0x0000000708a00000| Untracked 
|  42|0x0000000708c00000, 0x0000000708c00000, 0x0000000708e00000|  0%| F|  |TAMS 0x0000000708c00000, 0x0000000708c00000| Untracked 
|  43|0x0000000708e00000, 0x0000000708e00000, 0x0000000709000000|  0%| F|  |TAMS 0x0000000708e00000, 0x0000000708e00000| Untracked 
|  44|0x0000000709000000, 0x0000000709000000, 0x0000000709200000|  0%| F|  |TAMS 0x0000000709000000, 0x0000000709000000| Untracked 
|  45|0x0000000709200000, 0x0000000709400000, 0x0000000709400000|100%| S|CS|TAMS 0x0000000709200000, 0x0000000709200000| Complete 
|  46|0x0000000709400000, 0x0000000709600000, 0x0000000709600000|100%| S|CS|TAMS 0x0000000709400000, 0x0000000709400000| Complete 
|  47|0x0000000709600000, 0x0000000709600000, 0x0000000709800000|  0%| F|  |TAMS 0x0000000709600000, 0x0000000709600000| Untracked 
|  48|0x0000000709800000, 0x0000000709800000, 0x0000000709a00000|  0%| F|  |TAMS 0x0000000709800000, 0x0000000709800000| Untracked 
|  49|0x0000000709a00000, 0x0000000709a00000, 0x0000000709c00000|  0%| F|  |TAMS 0x0000000709a00000, 0x0000000709a00000| Untracked 
|  50|0x0000000709c00000, 0x0000000709c00000, 0x0000000709e00000|  0%| F|  |TAMS 0x0000000709c00000, 0x0000000709c00000| Untracked 
|  51|0x0000000709e00000, 0x0000000709e00000, 0x000000070a000000|  0%| F|  |TAMS 0x0000000709e00000, 0x0000000709e00000| Untracked 
|  52|0x000000070a000000, 0x000000070a000000, 0x000000070a200000|  0%| F|  |TAMS 0x000000070a000000, 0x000000070a000000| Untracked 
|  53|0x000000070a200000, 0x000000070a200000, 0x000000070a400000|  0%| F|  |TAMS 0x000000070a200000, 0x000000070a200000| Untracked 
|  54|0x000000070a400000, 0x000000070a400000, 0x000000070a600000|  0%| F|  |TAMS 0x000000070a400000, 0x000000070a400000| Untracked 
|  55|0x000000070a600000, 0x000000070a600000, 0x000000070a800000|  0%| F|  |TAMS 0x000000070a600000, 0x000000070a600000| Untracked 
|  56|0x000000070a800000, 0x000000070a800000, 0x000000070aa00000|  0%| F|  |TAMS 0x000000070a800000, 0x000000070a800000| Untracked 
|  57|0x000000070aa00000, 0x000000070aa00000, 0x000000070ac00000|  0%| F|  |TAMS 0x000000070aa00000, 0x000000070aa00000| Untracked 
|  58|0x000000070ac00000, 0x000000070ac00000, 0x000000070ae00000|  0%| F|  |TAMS 0x000000070ac00000, 0x000000070ac00000| Untracked 
|  59|0x000000070ae00000, 0x000000070ae51048, 0x000000070b000000| 15%| E|  |TAMS 0x000000070ae00000, 0x000000070ae00000| Complete 
|  60|0x000000070b000000, 0x000000070b200000, 0x000000070b200000|100%| E|CS|TAMS 0x000000070b000000, 0x000000070b000000| Complete 
|  61|0x000000070b200000, 0x000000070b400000, 0x000000070b400000|100%| E|CS|TAMS 0x000000070b200000, 0x000000070b200000| Complete 
|  62|0x000000070b400000, 0x000000070b600000, 0x000000070b600000|100%| E|CS|TAMS 0x000000070b400000, 0x000000070b400000| Complete 
|  63|0x000000070b600000, 0x000000070b800000, 0x000000070b800000|100%| E|CS|TAMS 0x000000070b600000, 0x000000070b600000| Complete 
|  64|0x000000070b800000, 0x000000070ba00000, 0x000000070ba00000|100%| E|CS|TAMS 0x000000070b800000, 0x000000070b800000| Complete 
|  65|0x000000070ba00000, 0x000000070bc00000, 0x000000070bc00000|100%| E|CS|TAMS 0x000000070ba00000, 0x000000070ba00000| Complete 
|  66|0x000000070bc00000, 0x000000070be00000, 0x000000070be00000|100%| E|CS|TAMS 0x000000070bc00000, 0x000000070bc00000| Complete 
|  67|0x000000070be00000, 0x000000070c000000, 0x000000070c000000|100%| E|CS|TAMS 0x000000070be00000, 0x000000070be00000| Complete 
|  68|0x000000070c000000, 0x000000070c200000, 0x000000070c200000|100%| E|CS|TAMS 0x000000070c000000, 0x000000070c000000| Complete 
|  69|0x000000070c200000, 0x000000070c400000, 0x000000070c400000|100%| E|CS|TAMS 0x000000070c200000, 0x000000070c200000| Complete 
|  70|0x000000070c400000, 0x000000070c600000, 0x000000070c600000|100%| E|CS|TAMS 0x000000070c400000, 0x000000070c400000| Complete 
|  71|0x000000070c600000, 0x000000070c800000, 0x000000070c800000|100%| E|CS|TAMS 0x000000070c600000, 0x000000070c600000| Complete 
|  72|0x000000070c800000, 0x000000070ca00000, 0x000000070ca00000|100%| E|CS|TAMS 0x000000070c800000, 0x000000070c800000| Complete 
|  73|0x000000070ca00000, 0x000000070cc00000, 0x000000070cc00000|100%| E|CS|TAMS 0x000000070ca00000, 0x000000070ca00000| Complete 
|  74|0x000000070cc00000, 0x000000070ce00000, 0x000000070ce00000|100%| E|CS|TAMS 0x000000070cc00000, 0x000000070cc00000| Complete 
|  75|0x000000070ce00000, 0x000000070d000000, 0x000000070d000000|100%| E|CS|TAMS 0x000000070ce00000, 0x000000070ce00000| Complete 
|  76|0x000000070d000000, 0x000000070d200000, 0x000000070d200000|100%| E|CS|TAMS 0x000000070d000000, 0x000000070d000000| Complete 
|  77|0x000000070d200000, 0x000000070d400000, 0x000000070d400000|100%| E|CS|TAMS 0x000000070d200000, 0x000000070d200000| Complete 
|  78|0x000000070d400000, 0x000000070d600000, 0x000000070d600000|100%| E|CS|TAMS 0x000000070d400000, 0x000000070d400000| Complete 
|  79|0x000000070d600000, 0x000000070d800000, 0x000000070d800000|100%| E|CS|TAMS 0x000000070d600000, 0x000000070d600000| Complete 
|  80|0x000000070d800000, 0x000000070da00000, 0x000000070da00000|100%| E|CS|TAMS 0x000000070d800000, 0x000000070d800000| Complete 
|  81|0x000000070da00000, 0x000000070dc00000, 0x000000070dc00000|100%| E|CS|TAMS 0x000000070da00000, 0x000000070da00000| Complete 
| 100|0x0000000710000000, 0x0000000710200000, 0x0000000710200000|100%| E|CS|TAMS 0x0000000710000000, 0x0000000710000000| Complete 
| 101|0x0000000710200000, 0x0000000710400000, 0x0000000710400000|100%| E|CS|TAMS 0x0000000710200000, 0x0000000710200000| Complete 
| 102|0x0000000710400000, 0x0000000710600000, 0x0000000710600000|100%| E|CS|TAMS 0x0000000710400000, 0x0000000710400000| Complete 
| 103|0x0000000710600000, 0x0000000710800000, 0x0000000710800000|100%| E|  |TAMS 0x0000000710600000, 0x0000000710600000| Complete 
| 126|0x0000000713400000, 0x0000000713600000, 0x0000000713600000|100%| E|CS|TAMS 0x0000000713400000, 0x0000000713400000| Complete 

Card table byte_map: [0x0000011c53a90000,0x0000011c54280000] _byte_map_base: 0x0000011c50274000

Marking Bits (Prev, Next): (CMBitMap*) 0x0000011c3ca9eb10, (CMBitMap*) 0x0000011c3ca9eb50
 Prev Bits: [0x0000011c54a70000, 0x0000011c58990000)
 Next Bits: [0x0000011c58990000, 0x0000011c5c8b0000)

Polling page: 0x0000011c3aa20000

Metaspace:

Usage:
  Non-class:     35.07 MB used.
      Class:      3.77 MB used.
       Both:     38.84 MB used.

Virtual space:
  Non-class space:       40.00 MB reserved,      35.19 MB ( 88%) committed,  5 nodes.
      Class space:        1.00 GB reserved,       3.88 MB ( <1%) committed,  1 nodes.
              Both:        1.04 GB reserved,      39.06 MB (  4%) committed. 

Chunk freelists:
   Non-Class:  592.00 KB
       Class:  48.00 KB
        Both:  640.00 KB

MaxMetaspaceSize: 17179869184.00 GB
CompressedClassSpaceSize: 1.00 GB
 - commit_granule_bytes: 65536.
 - commit_granule_words: 8192.
 - virtual_space_node_default_size: 1048576.
 - enlarge_chunks_in_place: 1.
 - new_chunks_are_fully_committed: 0.
 - uncommit_free_chunks: 1.
 - use_allocation_guard: 0.
 - handle_deallocations: 1.


Internal statistics:

num_allocs_failed_limit: 6.
num_arena_births: 166.
num_arena_deaths: 0.
num_vsnodes_births: 6.
num_vsnodes_deaths: 0.
num_space_committed: 623.
num_space_uncommitted: 0.
num_chunks_returned_to_freelist: 6.
num_chunks_taken_from_freelist: 1300.
num_chunk_merges: 6.
num_chunk_splits: 1109.
num_chunks_enlarged: 1002.
num_purges: 0.

CodeHeap 'non-profiled nmethods': size=120000Kb used=2703Kb max_used=2703Kb free=117296Kb
 bounds [0x0000011c4bc60000, 0x0000011c4bf10000, 0x0000011c53190000]
CodeHeap 'profiled nmethods': size=120000Kb used=7795Kb max_used=7795Kb free=112204Kb
 bounds [0x0000011c44730000, 0x0000011c44ed0000, 0x0000011c4bc60000]
CodeHeap 'non-nmethods': size=5760Kb used=2029Kb max_used=2062Kb free=3730Kb
 bounds [0x0000011c44190000, 0x0000011c44400000, 0x0000011c44730000]
 total_blobs=5248 nmethods=3728 adapters=1432
 compilation: enabled
              stopped_count=0, restarted_count=0
 full_count=0

Compilation events (20 events):
Event: 690.886 Thread 0x0000011c5f107a60 4336       3       jdk.internal.loader.AbstractClassLoaderValue::<init> (5 bytes)
Event: 690.886 Thread 0x0000011c5f107a60 nmethod 4336 0x0000011c44eca890 code [0x0000011c44ecaa40, 0x0000011c44ecab98]
Event: 690.886 Thread 0x0000011c5f107a60 4337       3       jdk.internal.loader.AbstractClassLoaderValue::sub (10 bytes)
Event: 690.887 Thread 0x0000011c5f107a60 nmethod 4337 0x0000011c44ecac90 code [0x0000011c44ecae40, 0x0000011c44ecb198]
Event: 690.887 Thread 0x0000011c5f107a60 4338       3       jdk.internal.loader.AbstractClassLoaderValue$Sub::<init> (15 bytes)
Event: 690.887 Thread 0x0000011c5f0f8ca0 4339       4       sun.reflect.annotation.AnnotationInvocationHandler::invoke (178 bytes)
Event: 690.887 Thread 0x0000011c5f107a60 nmethod 4338 0x0000011c44ecb310 code [0x0000011c44ecb4c0, 0x0000011c44ecb758]
Event: 690.887 Thread 0x0000011c5f107a60 4340   !   3       jdk.proxy2.$Proxy2::link (29 bytes)
Event: 690.887 Thread 0x0000011c5f107a60 nmethod 4340 0x0000011c44ecb810 code [0x0000011c44ecb9e0, 0x0000011c44ecbdb8]
Event: 690.904 Thread 0x0000011c5f0f8ca0 nmethod 4339 0x0000011c4bef9b90 code [0x0000011c4bef9de0, 0x0000011c4befb068]
Event: 690.911 Thread 0x0000011c5f0f8ca0 4341       4       sun.nio.fs.WindowsPathParser::normalize (233 bytes)
Event: 690.934 Thread 0x0000011c5f107a60 4343   !   3       jdk.proxy2.$Proxy2::compiler (29 bytes)
Event: 690.934 Thread 0x0000011c5f107a60 nmethod 4343 0x0000011c44ecbf90 code [0x0000011c44ecc160, 0x0000011c44ecc538]
Event: 690.935 Thread 0x0000011c5f107a60 4344   !   3       jdk.proxy2.$Proxy2::define (29 bytes)
Event: 690.935 Thread 0x0000011c5f107a60 nmethod 4344 0x0000011c44ecc710 code [0x0000011c44ecc8e0, 0x0000011c44ecccb8]
Event: 690.944 Thread 0x0000011c5f0f8ca0 nmethod 4341 0x0000011c4befbf10 code [0x0000011c4befc1a0, 0x0000011c4befe000]
Event: 690.958 Thread 0x0000011c5f0f8ca0 4345       4       java.util.ArrayList::toArray (57 bytes)
Event: 690.962 Thread 0x0000011c5f0f8ca0 nmethod 4345 0x0000011c4beff290 code [0x0000011c4beff420, 0x0000011c4beff9d8]
Event: 690.962 Thread 0x0000011c5f0f8ca0 4346       4       sun.net.util.URLUtil::urlNoFragString (114 bytes)
Event: 691.017 Thread 0x0000011c5f0f8ca0 nmethod 4346 0x0000011c4beffb90 code [0x0000011c4beffe20, 0x0000011c4bf02a98]

GC Heap History (18 events):
Event: 0.519 GC heap before
{Heap before GC invocations=0 (full 0):
 garbage-first heap   total 260096K, used 20480K [0x0000000703800000, 0x0000000800000000)
  region size 2048K, 10 young (20480K), 0 survivors (0K)
 Metaspace       used 740K, committed 960K, reserved 1056768K
  class space    used 18K, committed 128K, reserved 1048576K
}
Event: 0.524 GC heap after
{Heap after GC invocations=1 (full 0):
 garbage-first heap   total 260096K, used 16951K [0x0000000703800000, 0x0000000800000000)
  region size 2048K, 2 young (4096K), 2 survivors (4096K)
 Metaspace       used 740K, committed 960K, reserved 1056768K
  class space    used 18K, committed 128K, reserved 1048576K
}
Event: 0.838 GC heap before
{Heap before GC invocations=1 (full 0):
 garbage-first heap   total 260096K, used 39479K [0x0000000703800000, 0x0000000800000000)
  region size 2048K, 7 young (14336K), 2 survivors (4096K)
 Metaspace       used 1668K, committed 1792K, reserved 1056768K
  class space    used 113K, committed 192K, reserved 1048576K
}
Event: 0.840 GC heap after
{Heap after GC invocations=2 (full 0):
 garbage-first heap   total 260096K, used 30842K [0x0000000703800000, 0x0000000800000000)
  region size 2048K, 1 young (2048K), 1 survivors (2048K)
 Metaspace       used 1668K, committed 1792K, reserved 1056768K
  class space    used 113K, committed 192K, reserved 1048576K
}
Event: 1.098 GC heap before
{Heap before GC invocations=2 (full 0):
 garbage-first heap   total 260096K, used 59514K [0x0000000703800000, 0x0000000800000000)
  region size 2048K, 15 young (30720K), 1 survivors (2048K)
 Metaspace       used 2884K, committed 3008K, reserved 1056768K
  class space    used 188K, committed 256K, reserved 1048576K
}
Event: 1.099 GC heap after
{Heap after GC invocations=3 (full 0):
 garbage-first heap   total 260096K, used 29980K [0x0000000703800000, 0x0000000800000000)
  region size 2048K, 1 young (2048K), 1 survivors (2048K)
 Metaspace       used 2884K, committed 3008K, reserved 1056768K
  class space    used 188K, committed 256K, reserved 1048576K
}
Event: 2.621 GC heap before
{Heap before GC invocations=3 (full 0):
 garbage-first heap   total 260096K, used 187676K [0x0000000703800000, 0x0000000800000000)
  region size 2048K, 76 young (155648K), 1 survivors (2048K)
 Metaspace       used 7226K, committed 7424K, reserved 1064960K
  class space    used 245K, committed 320K, reserved 1048576K
}
Event: 2.623 GC heap after
{Heap after GC invocations=4 (full 0):
 garbage-first heap   total 260096K, used 30674K [0x0000000703800000, 0x0000000800000000)
  region size 2048K, 1 young (2048K), 1 survivors (2048K)
 Metaspace       used 7226K, committed 7424K, reserved 1064960K
  class space    used 245K, committed 320K, reserved 1048576K
}
Event: 3.677 GC heap before
{Heap before GC invocations=4 (full 0):
 garbage-first heap   total 260096K, used 184274K [0x0000000703800000, 0x0000000800000000)
  region size 2048K, 76 young (155648K), 1 survivors (2048K)
 Metaspace       used 7229K, committed 7424K, reserved 1064960K
  class space    used 245K, committed 320K, reserved 1048576K
}
Event: 3.679 GC heap after
{Heap after GC invocations=5 (full 0):
 garbage-first heap   total 260096K, used 30710K [0x0000000703800000, 0x0000000800000000)
  region size 2048K, 1 young (2048K), 1 survivors (2048K)
 Metaspace       used 7229K, committed 7424K, reserved 1064960K
  class space    used 245K, committed 320K, reserved 1048576K
}
Event: 5.424 GC heap before
{Heap before GC invocations=5 (full 0):
 garbage-first heap   total 260096K, used 194550K [0x0000000703800000, 0x0000000800000000)
  region size 2048K, 76 young (155648K), 1 survivors (2048K)
 Metaspace       used 16158K, committed 16320K, reserved 1064960K
  class space    used 1532K, committed 1600K, reserved 1048576K
}
Event: 5.427 GC heap after
{Heap after GC invocations=6 (full 0):
 garbage-first heap   total 260096K, used 45288K [0x0000000703800000, 0x0000000800000000)
  region size 2048K, 3 young (6144K), 3 survivors (6144K)
 Metaspace       used 16158K, committed 16320K, reserved 1064960K
  class space    used 1532K, committed 1600K, reserved 1048576K
}
Event: 5.891 GC heap before
{Heap before GC invocations=6 (full 0):
 garbage-first heap   total 260096K, used 88296K [0x0000000703800000, 0x0000000800000000)
  region size 2048K, 26 young (53248K), 3 survivors (6144K)
 Metaspace       used 21113K, committed 21248K, reserved 1073152K
  class space    used 2020K, committed 2112K, reserved 1048576K
}
Event: 5.895 GC heap after
{Heap after GC invocations=7 (full 0):
 garbage-first heap   total 260096K, used 48786K [0x0000000703800000, 0x0000000800000000)
  region size 2048K, 4 young (8192K), 4 survivors (8192K)
 Metaspace       used 21113K, committed 21248K, reserved 1073152K
  class space    used 2020K, committed 2112K, reserved 1048576K
}
Event: 22.402 GC heap before
{Heap before GC invocations=8 (full 0):
 garbage-first heap   total 178176K, used 130706K [0x0000000703800000, 0x0000000800000000)
  region size 2048K, 42 young (86016K), 4 survivors (8192K)
 Metaspace       used 35412K, committed 35648K, reserved 1081344K
  class space    used 3576K, committed 3712K, reserved 1048576K
}
Event: 22.409 GC heap after
{Heap after GC invocations=9 (full 0):
 garbage-first heap   total 178176K, used 57108K [0x0000000703800000, 0x0000000800000000)
  region size 2048K, 6 young (12288K), 6 survivors (12288K)
 Metaspace       used 35412K, committed 35648K, reserved 1081344K
  class space    used 3576K, committed 3712K, reserved 1048576K
}
Event: 419.460 GC heap before
{Heap before GC invocations=10 (full 0):
 garbage-first heap   total 178176K, used 139028K [0x0000000703800000, 0x0000000800000000)
  region size 2048K, 46 young (94208K), 6 survivors (12288K)
 Metaspace       used 38024K, committed 38272K, reserved 1089536K
  class space    used 3796K, committed 3904K, reserved 1048576K
}
Event: 419.478 GC heap after
{Heap after GC invocations=11 (full 0):
 garbage-first heap   total 178176K, used 73749K [0x0000000703800000, 0x0000000800000000)
  region size 2048K, 6 young (12288K), 6 survivors (12288K)
 Metaspace       used 38024K, committed 38272K, reserved 1089536K
  class space    used 3796K, committed 3904K, reserved 1048576K
}

Deoptimization events (20 events):
Event: 179.070 Thread 0x0000011c3ca4b680 DEOPT PACKING pc=0x0000011c4bcded8c sp=0x00000014b4dfe6c0
Event: 179.070 Thread 0x0000011c3ca4b680 DEOPT UNPACKING pc=0x0000011c441dd72e sp=0x00000014b4dfe620 mode 2
Event: 209.520 Thread 0x0000011c3ca4b680 DEOPT PACKING pc=0x0000011c44d19948 sp=0x00000014b4dfec80
Event: 209.520 Thread 0x0000011c3ca4b680 DEOPT UNPACKING pc=0x0000011c441ddece sp=0x00000014b4dfe150 mode 0
Event: 302.693 Thread 0x0000011c3ca4b680 DEOPT PACKING pc=0x0000011c44d1270b sp=0x00000014b4dfdec0
Event: 302.693 Thread 0x0000011c3ca4b680 DEOPT UNPACKING pc=0x0000011c441ddece sp=0x00000014b4dfd3d0 mode 0
Event: 419.490 Thread 0x0000011c5f0e2860 Uncommon trap: trap_request=0xffffff45 fr.pc=0x0000011c4bec7df8 relative=0x00000000000004b8
Event: 419.490 Thread 0x0000011c5f0e2860 Uncommon trap: reason=unstable_if action=reinterpret pc=0x0000011c4bec7df8 method=java.lang.ref.ReferenceQueue.enqueue(Ljava/lang/ref/Reference;)Z @ 94 c2
Event: 419.490 Thread 0x0000011c5f0e2860 DEOPT PACKING pc=0x0000011c4bec7df8 sp=0x00000014b54fed50
Event: 419.490 Thread 0x0000011c5f0e2860 DEOPT UNPACKING pc=0x0000011c441dd72e sp=0x00000014b54fed08 mode 2
Event: 690.663 Thread 0x0000011c60d95b20 Uncommon trap: trap_request=0xffffffdc fr.pc=0x0000011c4bcdd854 relative=0x00000000000002b4
Event: 690.663 Thread 0x0000011c60d95b20 Uncommon trap: reason=class_check action=make_not_entrant pc=0x0000011c4bcdd854 method=java.util.ArrayList.toArray([Ljava/lang/Object;)[Ljava/lang/Object; @ 21 c2
Event: 690.663 Thread 0x0000011c60d95b20 DEOPT PACKING pc=0x0000011c4bcdd854 sp=0x00000014b81f9c80
Event: 690.663 Thread 0x0000011c60d95b20 DEOPT UNPACKING pc=0x0000011c441dd72e sp=0x00000014b81f9c50 mode 2
Event: 690.663 Thread 0x0000011c60d95b20 Uncommon trap: trap_request=0xffffffcc fr.pc=0x0000011c4bd5c9e8 relative=0x00000000000001c8
Event: 690.663 Thread 0x0000011c60d95b20 Uncommon trap: reason=intrinsic_or_type_checked_inlining action=make_not_entrant pc=0x0000011c4bd5c9e8 method=java.util.Arrays.copyOf([Ljava/lang/Object;ILjava/lang/Class;)[Ljava/lang/Object; @ 35 c2
Event: 690.663 Thread 0x0000011c60d95b20 DEOPT PACKING pc=0x0000011c4bd5c9e8 sp=0x00000014b81f9c10
Event: 690.663 Thread 0x0000011c60d95b20 DEOPT UNPACKING pc=0x0000011c441dd72e sp=0x00000014b81f9bb8 mode 2
Event: 690.911 Thread 0x0000011c60d95b20 DEOPT PACKING pc=0x0000011c44bde28c sp=0x00000014b81fd320
Event: 690.911 Thread 0x0000011c60d95b20 DEOPT UNPACKING pc=0x0000011c441ddece sp=0x00000014b81fc8a0 mode 0

Classes unloaded (0 events):
No events

Classes redefined (0 events):
No events

Internal exceptions (20 events):
Event: 5.744 Thread 0x0000011c3ca4b680 Exception <a 'java/lang/NoSuchMethodError'{0x0000000710e4fbd0}: 'java.lang.Object java.lang.invoke.DirectMethodHandle$Holder.invokeStaticInit(java.lang.Object, int, int, int, int)'> (0x0000000710e4fbd0) 
thrown [t:\workspace\open\src\hotspot\share\interpreter\linkResolver.cpp, line 790]
Event: 5.781 Thread 0x0000011c3ca4b680 Exception <a 'java/lang/NoSuchMethodError'{0x0000000710e995a8}: 'java.lang.Object java.lang.invoke.DirectMethodHandle$Holder.invokeStaticInit(java.lang.Object, java.lang.Object, int, int, int, int)'> (0x0000000710e995a8) 
thrown [t:\workspace\open\src\hotspot\share\interpreter\linkResolver.cpp, line 790]
Event: 6.107 Thread 0x0000011c3ca4b680 Exception <a 'java/lang/NoSuchMethodError'{0x000000070d1f9040}: 'java.lang.Object java.lang.invoke.DirectMethodHandle$Holder.invokeStaticInit(java.lang.Object, java.lang.Object, java.lang.Object)'> (0x000000070d1f9040) 
thrown [t:\workspace\open\src\hotspot\share\interpreter\linkResolver.cpp, line 790]
Event: 6.110 Thread 0x0000011c3ca4b680 Exception <a 'java/lang/NoSuchMethodError'{0x000000070ce1e0e8}: 'int java.lang.invoke.DirectMethodHandle$Holder.invokeSpecial(java.lang.Object, java.lang.Object, java.lang.Object)'> (0x000000070ce1e0e8) 
thrown [t:\workspace\open\src\hotspot\share\interpreter\linkResolver.cpp, line 790]
Event: 6.183 Thread 0x0000011c3ca4b680 Exception <a 'java/io/FileNotFoundException'{0x000000070cd0d958}> (0x000000070cd0d958) 
thrown [t:\workspace\open\src\hotspot\share\prims\jni.cpp, line 579]
Event: 6.226 Thread 0x0000011c3ca4b680 Exception <a 'java/lang/NoSuchMethodError'{0x000000070cb2b3b0}: 'java.lang.Object java.lang.invoke.DirectMethodHandle$Holder.newInvokeSpecial(java.lang.Object, java.lang.Object, java.lang.Object, java.lang.Object, java.lang.Object, java.lang.Object, java.lang.Object, java.lang.Object, java.lang.Object, java.lang.Object)'> (0x000000070cb2b3b0) 
thrown [t:\workspace\open\src\hotspot\share\interpreter\linkResolver.cpp, line 790]
Event: 6.227 Thread 0x0000011c3ca4b680 Exception <a 'java/lang/NoSuchMethodError'{0x000000070cb30880}: 'java.lang.Object java.lang.invoke.DirectMethodHandle$Holder.invokeSpecial(java.lang.Object, java.lang.Object, java.lang.Object, java.lang.Object, java.lang.Object, java.lang.Object, java.lang.Object, java.lang.Object, java.lang.Object, java.lang.Object, java.lang.Object)'> (0x000000070cb30880) 
thrown [t:\workspace\open\src\hotspot\share\interpreter\linkResolver.cpp, line 790]
Event: 6.227 Thread 0x0000011c3ca4b680 Exception <a 'java/lang/NoSuchMethodError'{0x000000070cb35238}: 'java.lang.Object java.lang.invoke.Invokers$Holder.linkToTargetMethod(java.lang.Object, java.lang.Object, java.lang.Object, java.lang.Object, java.lang.Object, java.lang.Object, java.lang.Object, java.lang.Object, java.lang.Object, java.lang.Object)'> (0x000000070cb35238) 
thrown [t:\workspace\open\src\hotspot\share\interpreter\linkResolver.cpp, line 790]
Event: 6.231 Thread 0x0000011c3ca4b680 Exception <a 'java/lang/NoSuchMethodError'{0x000000070cb69ab8}: 'java.lang.Object java.lang.invoke.DirectMethodHandle$Holder.newInvokeSpecial(java.lang.Object, java.lang.Object, java.lang.Object, java.lang.Object, java.lang.Object, java.lang.Object, java.lang.Object, java.lang.Object, java.lang.Object, java.lang.Object, java.lang.Object, java.lang.Object)'> (0x000000070cb69ab8) 
thrown [t:\workspace\open\src\hotspot\share\interpreter\linkResolver.cpp, line 790]
Event: 6.231 Thread 0x0000011c3ca4b680 Exception <a 'java/lang/NoSuchMethodError'{0x000000070cb6e9f0}: 'java.lang.Object java.lang.invoke.DirectMethodHandle$Holder.invokeSpecial(java.lang.Object, java.lang.Object, java.lang.Object, java.lang.Object, java.lang.Object, java.lang.Object, java.lang.Object, java.lang.Object, java.lang.Object, java.lang.Object, java.lang.Object, java.lang.Object, java.lang.Object)'> (0x000000070cb6e9f0) 
thrown [t:\workspace\open\src\hotspot\share\interpreter\linkResolver.cpp, line 790]
Event: 6.232 Thread 0x0000011c3ca4b680 Exception <a 'java/lang/NoSuchMethodError'{0x000000070cb736c8}: 'java.lang.Object java.lang.invoke.Invokers$Holder.linkToTargetMethod(java.lang.Object, java.lang.Object, java.lang.Object, java.lang.Object, java.lang.Object, java.lang.Object, java.lang.Object, java.lang.Object, java.lang.Object, java.lang.Object, java.lang.Object, java.lang.Object)'> (0x000000070cb736c8) 
thrown [t:\workspace\open\src\hotspot\share\interpreter\linkResolver.cpp, line 790]
Event: 6.239 Thread 0x0000011c60d965c0 Exception <a 'java/lang/NoSuchMethodError'{0x000000070c840a48}: 'int java.lang.invoke.DirectMethodHandle$Holder.invokeStaticInit(java.lang.Object, java.lang.Object, java.lang.Object)'> (0x000000070c840a48) 
thrown [t:\workspace\open\src\hotspot\share\interpreter\linkResolver.cpp, line 790]
Event: 6.363 Thread 0x0000011c60d965c0 Exception <a 'java/lang/NoSuchMethodError'{0x000000070c549b98}: 'void java.lang.invoke.DirectMethodHandle$Holder.invokeStatic(java.lang.Object, java.lang.Object, java.lang.Object)'> (0x000000070c549b98) 
thrown [t:\workspace\open\src\hotspot\share\interpreter\linkResolver.cpp, line 790]
Event: 6.440 Thread 0x0000011c60d965c0 Exception <a 'java/lang/NoSuchMethodError'{0x000000070be0b280}: 'java.lang.Object java.lang.invoke.DirectMethodHandle$Holder.invokeVirtual(java.lang.Object, java.lang.Object, java.lang.Object)'> (0x000000070be0b280) 
thrown [t:\workspace\open\src\hotspot\share\interpreter\linkResolver.cpp, line 790]
Event: 6.488 Thread 0x0000011c60d965c0 Exception <a 'java/io/FileNotFoundException'{0x000000070bfdc010}> (0x000000070bfdc010) 
thrown [t:\workspace\open\src\hotspot\share\prims\jni.cpp, line 579]
Event: 6.624 Thread 0x0000011c60d965c0 Exception <a 'java/lang/NoSuchMethodError'{0x000000070b808d10}: 'void java.lang.invoke.DirectMethodHandle$Holder.invokeSpecial(java.lang.Object, java.lang.Object, java.lang.Object, java.lang.Object, java.lang.Object)'> (0x000000070b808d10) 
thrown [t:\workspace\open\src\hotspot\share\interpreter\linkResolver.cpp, line 790]
Event: 6.633 Thread 0x0000011c60d965c0 Exception <a 'java/lang/NoSuchMethodError'{0x000000070b85a720}: 'void java.lang.invoke.DirectMethodHandle$Holder.invokeStatic(java.lang.Object, java.lang.Object, java.lang.Object, java.lang.Object)'> (0x000000070b85a720) 
thrown [t:\workspace\open\src\hotspot\share\interpreter\linkResolver.cpp, line 790]
Event: 6.663 Thread 0x0000011c3ca4b680 Exception <a 'java/lang/NoSuchMethodError'{0x000000070b6841f8}: static Lorg/deeplearning4j/ui/model/storage/BaseCollectionStatsStorage$SessionTypeId;.<clinit>()V> (0x000000070b6841f8) 
thrown [t:\workspace\open\src\hotspot\share\prims\jni.cpp, line 1210]
Event: 6.666 Thread 0x0000011c3ca4b680 Exception <a 'java/lang/NoSuchMethodError'{0x000000070b698158}: static Lorg/deeplearning4j/ui/model/storage/BaseCollectionStatsStorage$SessionTypeWorkerId;.<clinit>()V> (0x000000070b698158) 
thrown [t:\workspace\open\src\hotspot\share\prims\jni.cpp, line 1210]
Event: 22.460 Thread 0x0000011c3ca4b680 Exception <a 'java/lang/NoSuchMethodError'{0x000000071070ee00}: 'java.lang.Object java.lang.invoke.DirectMethodHandle$Holder.newInvokeSpecial(java.lang.Object, java.lang.Object, java.lang.Object, java.lang.Object, java.lang.Object)'> (0x000000071070ee00) 
thrown [t:\workspace\open\src\hotspot\share\interpreter\linkResolver.cpp, line 790]

Events (20 events):
Event: 607.893 Executing  VM operation: Cleanup
Event: 607.893 Executing  VM operation: Cleanup done
Event: 620.732 loading class java/util/DualPivotQuicksort$Sorter
Event: 620.734 loading class java/util/DualPivotQuicksort$Sorter done
Event: 629.085 Executing  VM operation: Cleanup
Event: 629.085 Executing  VM operation: Cleanup done
Event: 633.101 Executing  VM operation: Cleanup
Event: 633.101 Executing  VM operation: Cleanup done
Event: 634.113 Executing  VM operation: Cleanup
Event: 634.113 Executing  VM operation: Cleanup done
Event: 643.179 Executing  VM operation: Cleanup
Event: 643.179 Executing  VM operation: Cleanup done
Event: 676.503 Executing  VM operation: Cleanup
Event: 676.503 Executing  VM operation: Cleanup done
Event: 677.516 Executing  VM operation: Cleanup
Event: 677.516 Executing  VM operation: Cleanup done
Event: 690.636 Executing  VM operation: Cleanup
Event: 690.636 Executing  VM operation: Cleanup done
Event: 690.741 Loaded shared library C:\Users\bsc_49_16\.javacpp\cache\leptonica-1.80.0-1.5.5-windows-x86_64.jar\org\bytedeco\leptonica\windows-x86_64\liblept-5.dll
Event: 690.865 Loaded shared library C:\Users\bsc_49_16\.javacpp\cache\leptonica-1.80.0-1.5.5-windows-x86_64.jar\org\bytedeco\leptonica\windows-x86_64\jnilept.dll


Dynamic libraries:
0x00007ff6626d0000 - 0x00007ff6626e0000 	C:\Program Files\Java\jdk-16\bin\java.exe
0x00007ffd3a450000 - 0x00007ffd3a645000 	C:\WINDOWS\SYSTEM32\ntdll.dll
0x00007ffd3a2a0000 - 0x00007ffd3a35e000 	C:\WINDOWS\System32\KERNEL32.DLL
0x00007ffd37f90000 - 0x00007ffd38258000 	C:\WINDOWS\System32\KERNELBASE.dll
0x00007ffd37b60000 - 0x00007ffd37c60000 	C:\WINDOWS\System32\ucrtbase.dll
0x00007ffd34e90000 - 0x00007ffd34ea8000 	C:\Program Files\Java\jdk-16\bin\jli.dll
0x00007ffd39c40000 - 0x00007ffd39cee000 	C:\WINDOWS\System32\ADVAPI32.dll
0x00007ffd39cf0000 - 0x00007ffd39d8e000 	C:\WINDOWS\System32\msvcrt.dll
0x00007ffd34eb0000 - 0x00007ffd34ec9000 	C:\Program Files\Java\jdk-16\bin\VCRUNTIME140.dll
0x00007ffd39e40000 - 0x00007ffd39edc000 	C:\WINDOWS\System32\sechost.dll
0x00007ffd387a0000 - 0x00007ffd388c5000 	C:\WINDOWS\System32\RPCRT4.dll
0x00007ffd384a0000 - 0x00007ffd38641000 	C:\WINDOWS\System32\USER32.dll
0x00007ffd37f60000 - 0x00007ffd37f82000 	C:\WINDOWS\System32\win32u.dll
0x00007ffd39290000 - 0x00007ffd392bb000 	C:\WINDOWS\System32\GDI32.dll
0x00007ffd37c60000 - 0x00007ffd37d6d000 	C:\WINDOWS\System32\gdi32full.dll
0x00007ffd382b0000 - 0x00007ffd3834d000 	C:\WINDOWS\System32\msvcp_win.dll
0x00007ffd363f0000 - 0x00007ffd363fa000 	C:\WINDOWS\SYSTEM32\VERSION.dll
0x00007ffd0a0e0000 - 0x00007ffd0a37a000 	C:\WINDOWS\WinSxS\amd64_microsoft.windows.common-controls_6595b64144ccf1df_6.0.19041.1110_none_60b5254171f9507e\COMCTL32.dll
0x00007ffd392c0000 - 0x00007ffd392f0000 	C:\WINDOWS\System32\IMM32.DLL
0x00007ffd34e70000 - 0x00007ffd34e7c000 	C:\Program Files\Java\jdk-16\bin\vcruntime140_1.dll
0x00007ffd0b890000 - 0x00007ffd0b921000 	C:\Program Files\Java\jdk-16\bin\msvcp140.dll
0x00007ffccf630000 - 0x00007ffcd01db000 	C:\Program Files\Java\jdk-16\bin\server\jvm.dll
0x00007ffd392f0000 - 0x00007ffd392f8000 	C:\WINDOWS\System32\PSAPI.DLL
0x00007ffd0f170000 - 0x00007ffd0f179000 	C:\WINDOWS\SYSTEM32\WSOCK32.dll
0x00007ffd39420000 - 0x00007ffd3948b000 	C:\WINDOWS\System32\WS2_32.dll
0x00007ffd0c8b0000 - 0x00007ffd0c8d7000 	C:\WINDOWS\SYSTEM32\WINMM.dll
0x00007ffd363d0000 - 0x00007ffd363e2000 	C:\WINDOWS\SYSTEM32\kernel.appcore.dll
0x00007ffd34e60000 - 0x00007ffd34e6a000 	C:\Program Files\Java\jdk-16\bin\jimage.dll
0x00007ffd2b5e0000 - 0x00007ffd2b7c4000 	C:\WINDOWS\SYSTEM32\DBGHELP.DLL
0x00007ffd2b540000 - 0x00007ffd2b56c000 	C:\WINDOWS\SYSTEM32\dbgcore.DLL
0x00007ffd37ed0000 - 0x00007ffd37f52000 	C:\WINDOWS\System32\bcryptPrimitives.dll
0x00007ffcfd560000 - 0x00007ffcfd56e000 	C:\Program Files\Java\jdk-16\bin\instrument.dll
0x00007ffd32570000 - 0x00007ffd32595000 	C:\Program Files\Java\jdk-16\bin\java.dll
0x00007ffd38b40000 - 0x00007ffd39284000 	C:\WINDOWS\System32\SHELL32.dll
0x00007ffd35c00000 - 0x00007ffd36395000 	C:\WINDOWS\SYSTEM32\windows.storage.dll
0x00007ffd39f40000 - 0x00007ffd3a295000 	C:\WINDOWS\System32\combase.dll
0x00007ffd374d0000 - 0x00007ffd374fe000 	C:\WINDOWS\SYSTEM32\Wldp.dll
0x00007ffd3a360000 - 0x00007ffd3a40d000 	C:\WINDOWS\System32\SHCORE.dll
0x00007ffd39ee0000 - 0x00007ffd39f35000 	C:\WINDOWS\System32\shlwapi.dll
0x00007ffd37aa0000 - 0x00007ffd37abf000 	C:\WINDOWS\SYSTEM32\profapi.dll
0x00007ffd10910000 - 0x00007ffd10928000 	C:\Program Files\Java\jdk-16\bin\zip.dll
0x00007ffd2b440000 - 0x00007ffd2b459000 	C:\Program Files\Java\jdk-16\bin\net.dll
0x00007ffd2d730000 - 0x00007ffd2d83c000 	C:\WINDOWS\SYSTEM32\WINHTTP.dll
0x00007ffd372b0000 - 0x00007ffd3731a000 	C:\WINDOWS\system32\mswsock.dll
0x00007ffd10930000 - 0x00007ffd10943000 	C:\Program Files\Java\jdk-16\bin\nio.dll
0x00007ffcfc8c0000 - 0x00007ffcfc8da000 	E:\intelj\IntelliJ IDEA 2021.3.1\bin\breakgen64.dll
0x00007ffd108e0000 - 0x00007ffd108f0000 	C:\Program Files\Java\jdk-16\bin\verify.dll
0x0000011c3c9e0000 - 0x0000011c3c9e3000 	C:\Users\bsc_49_16\.javacpp\cache\javacpp-1.5.5-windows-x86_64.jar\org\bytedeco\javacpp\windows-x86_64\api-ms-win-crt-locale-l1-1-0.dll
0x0000011c3c9f0000 - 0x0000011c3c9f4000 	C:\Users\bsc_49_16\.javacpp\cache\javacpp-1.5.5-windows-x86_64.jar\org\bytedeco\javacpp\windows-x86_64\api-ms-win-crt-string-l1-1-0.dll
0x0000011c5f210000 - 0x0000011c5f214000 	C:\Users\bsc_49_16\.javacpp\cache\javacpp-1.5.5-windows-x86_64.jar\org\bytedeco\javacpp\windows-x86_64\api-ms-win-crt-stdio-l1-1-0.dll
0x0000011c5f220000 - 0x0000011c5f225000 	C:\Users\bsc_49_16\.javacpp\cache\javacpp-1.5.5-windows-x86_64.jar\org\bytedeco\javacpp\windows-x86_64\api-ms-win-crt-math-l1-1-0.dll
0x0000011c5f230000 - 0x0000011c5f233000 	C:\Users\bsc_49_16\.javacpp\cache\javacpp-1.5.5-windows-x86_64.jar\org\bytedeco\javacpp\windows-x86_64\api-ms-win-crt-heap-l1-1-0.dll
0x0000011c5f240000 - 0x0000011c5f244000 	C:\Users\bsc_49_16\.javacpp\cache\javacpp-1.5.5-windows-x86_64.jar\org\bytedeco\javacpp\windows-x86_64\api-ms-win-crt-runtime-l1-1-0.dll
0x0000011c5f250000 - 0x0000011c5f254000 	C:\Users\bsc_49_16\.javacpp\cache\javacpp-1.5.5-windows-x86_64.jar\org\bytedeco\javacpp\windows-x86_64\api-ms-win-crt-convert-l1-1-0.dll
0x0000011c5f260000 - 0x0000011c5f263000 	C:\Users\bsc_49_16\.javacpp\cache\javacpp-1.5.5-windows-x86_64.jar\org\bytedeco\javacpp\windows-x86_64\api-ms-win-crt-environment-l1-1-0.dll
0x0000011c5f270000 - 0x0000011c5f273000 	C:\Users\bsc_49_16\.javacpp\cache\javacpp-1.5.5-windows-x86_64.jar\org\bytedeco\javacpp\windows-x86_64\api-ms-win-crt-time-l1-1-0.dll
0x0000011c5f280000 - 0x0000011c5f283000 	C:\Users\bsc_49_16\.javacpp\cache\javacpp-1.5.5-windows-x86_64.jar\org\bytedeco\javacpp\windows-x86_64\api-ms-win-crt-filesystem-l1-1-0.dll
0x0000011c5f290000 - 0x0000011c5f293000 	C:\Users\bsc_49_16\.javacpp\cache\javacpp-1.5.5-windows-x86_64.jar\org\bytedeco\javacpp\windows-x86_64\api-ms-win-crt-utility-l1-1-0.dll
0x0000011c5f2a0000 - 0x0000011c5f2a5000 	C:\Users\bsc_49_16\.javacpp\cache\javacpp-1.5.5-windows-x86_64.jar\org\bytedeco\javacpp\windows-x86_64\api-ms-win-crt-multibyte-l1-1-0.dll
0x0000011c5f2b0000 - 0x0000011c5f2b3000 	C:\Users\bsc_49_16\.javacpp\cache\javacpp-1.5.5-windows-x86_64.jar\org\bytedeco\javacpp\windows-x86_64\api-ms-win-core-string-l1-1-0.dll
0x0000011c5f2c0000 - 0x0000011c5f2c3000 	C:\Users\bsc_49_16\.javacpp\cache\javacpp-1.5.5-windows-x86_64.jar\org\bytedeco\javacpp\windows-x86_64\api-ms-win-core-errorhandling-l1-1-0.dll
0x0000011c5f2d0000 - 0x0000011c5f2d3000 	C:\Users\bsc_49_16\.javacpp\cache\javacpp-1.5.5-windows-x86_64.jar\org\bytedeco\javacpp\windows-x86_64\api-ms-win-core-timezone-l1-1-0.dll
0x0000011c5f2e0000 - 0x0000011c5f2e4000 	C:\Users\bsc_49_16\.javacpp\cache\javacpp-1.5.5-windows-x86_64.jar\org\bytedeco\javacpp\windows-x86_64\api-ms-win-core-file-l1-1-0.dll
0x0000011c5f2f0000 - 0x0000011c5f2f3000 	C:\Users\bsc_49_16\.javacpp\cache\javacpp-1.5.5-windows-x86_64.jar\org\bytedeco\javacpp\windows-x86_64\api-ms-win-core-namedpipe-l1-1-0.dll
0x0000011c5f300000 - 0x0000011c5f303000 	C:\Users\bsc_49_16\.javacpp\cache\javacpp-1.5.5-windows-x86_64.jar\org\bytedeco\javacpp\windows-x86_64\api-ms-win-core-handle-l1-1-0.dll
0x0000011c5f310000 - 0x0000011c5f313000 	C:\Users\bsc_49_16\.javacpp\cache\javacpp-1.5.5-windows-x86_64.jar\org\bytedeco\javacpp\windows-x86_64\api-ms-win-core-file-l2-1-0.dll
0x0000011c5f320000 - 0x0000011c5f323000 	C:\Users\bsc_49_16\.javacpp\cache\javacpp-1.5.5-windows-x86_64.jar\org\bytedeco\javacpp\windows-x86_64\api-ms-win-core-heap-l1-1-0.dll
0x0000011c5f330000 - 0x0000011c5f333000 	C:\Users\bsc_49_16\.javacpp\cache\javacpp-1.5.5-windows-x86_64.jar\org\bytedeco\javacpp\windows-x86_64\api-ms-win-core-libraryloader-l1-1-0.dll
0x0000011c5f340000 - 0x0000011c5f343000 	C:\Users\bsc_49_16\.javacpp\cache\javacpp-1.5.5-windows-x86_64.jar\org\bytedeco\javacpp\windows-x86_64\api-ms-win-core-synch-l1-1-0.dll
0x0000011c5f350000 - 0x0000011c5f353000 	C:\Users\bsc_49_16\.javacpp\cache\javacpp-1.5.5-windows-x86_64.jar\org\bytedeco\javacpp\windows-x86_64\api-ms-win-core-processthreads-l1-1-0.dll
0x0000011c5f360000 - 0x0000011c5f363000 	C:\Users\bsc_49_16\.javacpp\cache\javacpp-1.5.5-windows-x86_64.jar\org\bytedeco\javacpp\windows-x86_64\api-ms-win-core-processenvironment-l1-1-0.dll
0x0000011c5f370000 - 0x0000011c5f373000 	C:\Users\bsc_49_16\.javacpp\cache\javacpp-1.5.5-windows-x86_64.jar\org\bytedeco\javacpp\windows-x86_64\api-ms-win-core-datetime-l1-1-0.dll
0x0000011c5f380000 - 0x0000011c5f383000 	C:\Users\bsc_49_16\.javacpp\cache\javacpp-1.5.5-windows-x86_64.jar\org\bytedeco\javacpp\windows-x86_64\api-ms-win-core-localization-l1-2-0.dll
0x0000011c5f390000 - 0x0000011c5f393000 	C:\Users\bsc_49_16\.javacpp\cache\javacpp-1.5.5-windows-x86_64.jar\org\bytedeco\javacpp\windows-x86_64\api-ms-win-core-sysinfo-l1-1-0.dll
0x0000011c5f3a0000 - 0x0000011c5f3a3000 	C:\Users\bsc_49_16\.javacpp\cache\javacpp-1.5.5-windows-x86_64.jar\org\bytedeco\javacpp\windows-x86_64\api-ms-win-core-synch-l1-2-0.dll
0x0000011c5f3b0000 - 0x0000011c5f3b3000 	C:\Users\bsc_49_16\.javacpp\cache\javacpp-1.5.5-windows-x86_64.jar\org\bytedeco\javacpp\windows-x86_64\api-ms-win-core-console-l1-1-0.dll
0x0000011c5f3c0000 - 0x0000011c5f3c3000 	C:\Users\bsc_49_16\.javacpp\cache\javacpp-1.5.5-windows-x86_64.jar\org\bytedeco\javacpp\windows-x86_64\api-ms-win-core-debug-l1-1-0.dll
0x0000011c5f3d0000 - 0x0000011c5f3d3000 	C:\Users\bsc_49_16\.javacpp\cache\javacpp-1.5.5-windows-x86_64.jar\org\bytedeco\javacpp\windows-x86_64\api-ms-win-core-rtlsupport-l1-1-0.dll
0x0000011c5f3e0000 - 0x0000011c5f3e3000 	C:\Users\bsc_49_16\.javacpp\cache\javacpp-1.5.5-windows-x86_64.jar\org\bytedeco\javacpp\windows-x86_64\api-ms-win-core-processthreads-l1-1-1.dll
0x0000011c5f3f0000 - 0x0000011c5f3f3000 	C:\Users\bsc_49_16\.javacpp\cache\javacpp-1.5.5-windows-x86_64.jar\org\bytedeco\javacpp\windows-x86_64\api-ms-win-core-file-l1-2-0.dll
0x0000011c627a0000 - 0x0000011c627a3000 	C:\Users\bsc_49_16\.javacpp\cache\javacpp-1.5.5-windows-x86_64.jar\org\bytedeco\javacpp\windows-x86_64\api-ms-win-core-profile-l1-1-0.dll
0x0000011c627b0000 - 0x0000011c627b3000 	C:\Users\bsc_49_16\.javacpp\cache\javacpp-1.5.5-windows-x86_64.jar\org\bytedeco\javacpp\windows-x86_64\api-ms-win-core-memory-l1-1-0.dll
0x0000011c627c0000 - 0x0000011c627c3000 	C:\Users\bsc_49_16\.javacpp\cache\javacpp-1.5.5-windows-x86_64.jar\org\bytedeco\javacpp\windows-x86_64\api-ms-win-core-util-l1-1-0.dll
0x0000011c627d0000 - 0x0000011c627d3000 	C:\Users\bsc_49_16\.javacpp\cache\javacpp-1.5.5-windows-x86_64.jar\org\bytedeco\javacpp\windows-x86_64\api-ms-win-core-interlocked-l1-1-0.dll
0x00007ffcdced0000 - 0x00007ffcdcfca000 	C:\Users\bsc_49_16\.javacpp\cache\javacpp-1.5.5-windows-x86_64.jar\org\bytedeco\javacpp\windows-x86_64\ucrtbase.dll
0x00007ffcfb2c0000 - 0x00007ffcfb2d5000 	C:\Users\bsc_49_16\.javacpp\cache\javacpp-1.5.5-windows-x86_64.jar\org\bytedeco\javacpp\windows-x86_64\vcruntime140.dll
0x00007ffcfd510000 - 0x00007ffcfd51c000 	C:\Users\bsc_49_16\.javacpp\cache\javacpp-1.5.5-windows-x86_64.jar\org\bytedeco\javacpp\windows-x86_64\vcruntime140_1.dll
0x00007ffcf9950000 - 0x00007ffcf99eb000 	C:\Users\bsc_49_16\.javacpp\cache\javacpp-1.5.5-windows-x86_64.jar\org\bytedeco\javacpp\windows-x86_64\msvcp140.dll
0x00007ffcfc8b0000 - 0x00007ffcfc8b9000 	C:\Users\bsc_49_16\.javacpp\cache\javacpp-1.5.5-windows-x86_64.jar\org\bytedeco\javacpp\windows-x86_64\msvcp140_1.dll
0x00007ffcf7d80000 - 0x00007ffcf7dd1000 	C:\Users\bsc_49_16\.javacpp\cache\javacpp-1.5.5-windows-x86_64.jar\org\bytedeco\javacpp\windows-x86_64\concrt140.dll
0x00007ffcf0200000 - 0x00007ffcf0227000 	C:\Users\bsc_49_16\.javacpp\cache\javacpp-1.5.5-windows-x86_64.jar\org\bytedeco\javacpp\windows-x86_64\vcomp140.dll
0x00007ffcfba70000 - 0x00007ffcfba7e000 	C:\Users\bsc_49_16\.javacpp\cache\javacpp-1.5.5-windows-x86_64.jar\org\bytedeco\javacpp\windows-x86_64\jnijavacpp.dll
0x000000006d7c0000 - 0x000000006f2cd000 	C:\Users\bsc_49_16\.javacpp\cache\openblas-0.3.13-1.5.5-windows-x86_64.jar\org\bytedeco\openblas\windows-x86_64\libopenblas_nolapack.dll
0x00007ffcf01a0000 - 0x00007ffcf01fd000 	C:\Users\bsc_49_16\.javacpp\cache\openblas-0.3.13-1.5.5-windows-x86_64.jar\org\bytedeco\openblas\windows-x86_64\jniopenblas_nolapack.dll
0x0000000000710000 - 0x000000000221d000 	C:\Users\bsc_49_16\.javacpp\cache\openblas-0.3.13-1.5.5-windows-x86_64.jar\org\bytedeco\openblas\windows-x86_64\libopenblas.dll
0x00007ffcce230000 - 0x00007ffccf624000 	C:\Users\bsc_49_16\.javacpp\cache\openblas-0.3.13-1.5.5-windows-x86_64.jar\org\bytedeco\openblas\windows-x86_64\jniopenblas.dll
0x00007ffcd6d80000 - 0x00007ffcd71e3000 	C:\Users\bsc_49_16\.javacpp\cache\opencv-4.5.1-1.5.5-windows-x86_64.jar\org\bytedeco\opencv\windows-x86_64\opencv_core451.dll
0x00007ffccdb10000 - 0x00007ffcce228000 	C:\Users\bsc_49_16\.javacpp\cache\opencv-4.5.1-1.5.5-windows-x86_64.jar\org\bytedeco\opencv\windows-x86_64\opencv_imgproc451.dll
0x00007ffcdc800000 - 0x00007ffcdca83000 	C:\Users\bsc_49_16\.javacpp\cache\opencv-4.5.1-1.5.5-windows-x86_64.jar\org\bytedeco\opencv\windows-x86_64\jniopencv_core.dll
0x00007ffcf9930000 - 0x00007ffcf9946000 	C:\Users\bsc_49_16\.javacpp\cache\nd4j-native-1.0.0-M1.1-windows-x86_64.jar\org\nd4j\nativeblas\windows-x86_64\libwinpthread-1.dll
0x00007ffcf7d60000 - 0x00007ffcf7d7c000 	C:\Users\bsc_49_16\.javacpp\cache\nd4j-native-1.0.0-M1.1-windows-x86_64.jar\org\nd4j\nativeblas\windows-x86_64\libgcc_s_seh-1.dll
0x00007ffcf0150000 - 0x00007ffcf0192000 	C:\Users\bsc_49_16\.javacpp\cache\nd4j-native-1.0.0-M1.1-windows-x86_64.jar\org\nd4j\nativeblas\windows-x86_64\libgomp-1.dll
0x00007ffcd1ab0000 - 0x00007ffcd1c5e000 	C:\Users\bsc_49_16\.javacpp\cache\nd4j-native-1.0.0-M1.1-windows-x86_64.jar\org\nd4j\nativeblas\windows-x86_64\libstdc++-6.dll
0x00007ffcada30000 - 0x00007ffcbd27f000 	C:\Users\bsc_49_16\.javacpp\cache\nd4j-native-1.0.0-M1.1-windows-x86_64.jar\org\nd4j\nativeblas\windows-x86_64\libnd4jcpu.dll
0x00007ffccd850000 - 0x00007ffccdb01000 	C:\Users\bsc_49_16\.javacpp\cache\nd4j-native-1.0.0-M1.1-windows-x86_64.jar\org\nd4j\nativeblas\windows-x86_64\jnind4jcpu.dll
0x00007ffd37510000 - 0x00007ffd37528000 	C:\WINDOWS\SYSTEM32\CRYPTSP.dll
0x00007ffd36be0000 - 0x00007ffd36c14000 	C:\WINDOWS\system32\rsaenh.dll
0x00007ffd38350000 - 0x00007ffd38377000 	C:\WINDOWS\System32\bcrypt.dll
0x00007ffd37a60000 - 0x00007ffd37a8e000 	C:\WINDOWS\SYSTEM32\USERENV.dll
0x00007ffd37440000 - 0x00007ffd3744c000 	C:\WINDOWS\SYSTEM32\CRYPTBASE.dll
0x00007ffd36f70000 - 0x00007ffd36fab000 	C:\WINDOWS\SYSTEM32\IPHLPAPI.DLL
0x00007ffd39e10000 - 0x00007ffd39e18000 	C:\WINDOWS\System32\NSI.dll
0x00007ffd326a0000 - 0x00007ffd326b7000 	C:\WINDOWS\SYSTEM32\dhcpcsvc6.DLL
0x00007ffd32680000 - 0x00007ffd3269d000 	C:\WINDOWS\SYSTEM32\dhcpcsvc.DLL
0x00007ffd36fb0000 - 0x00007ffd3707b000 	C:\WINDOWS\SYSTEM32\DNSAPI.dll
0x0000000066f40000 - 0x0000000066f6d000 	C:\Users\bsc_49_16\AppData\Local\Temp\liblz4-java2570325088242204036.so
0x00007ffd108d0000 - 0x00007ffd108d9000 	C:\Program Files\Java\jdk-16\bin\management.dll
0x00007ffd10770000 - 0x00007ffd1077b000 	C:\Program Files\Java\jdk-16\bin\management_ext.dll
0x00007ffd0f390000 - 0x00007ffd0f39e000 	C:\Program Files\Java\jdk-16\bin\sunmscapi.dll
0x00007ffd37d70000 - 0x00007ffd37ec6000 	C:\WINDOWS\System32\CRYPT32.dll
0x00007ffd37620000 - 0x00007ffd37647000 	C:\WINDOWS\SYSTEM32\ncrypt.dll
0x00007ffd375e0000 - 0x00007ffd3761b000 	C:\WINDOWS\SYSTEM32\NTASN1.dll
0x00007ffd0b880000 - 0x00007ffd0b887000 	C:\WINDOWS\system32\wshunix.dll
0x00007ffd11c20000 - 0x00007ffd11c37000 	C:\WINDOWS\system32\napinsp.dll
0x00007ffd00500000 - 0x00007ffd0051b000 	C:\WINDOWS\system32\pnrpnsp.dll
0x00007ffd329c0000 - 0x00007ffd329d5000 	C:\WINDOWS\system32\wshbth.dll
0x00007ffd34d20000 - 0x00007ffd34d3d000 	C:\WINDOWS\system32\NLAapi.dll
0x00007ffd004e0000 - 0x00007ffd004f2000 	C:\WINDOWS\System32\winrnr.dll

dbghelp: loaded successfully - version: 4.0.5 - missing functions: none
symbol engine: initialized successfully - sym options: 0x614 - pdb path: .;C:\Program Files\Java\jdk-16\bin;C:\WINDOWS\SYSTEM32;C:\WINDOWS\WinSxS\amd64_microsoft.windows.common-controls_6595b64144ccf1df_6.0.19041.1110_none_60b5254171f9507e;C:\Program Files\Java\jdk-16\bin\server;E:\intelj\IntelliJ IDEA 2021.3.1\bin;C:\Users\bsc_49_16\.javacpp\cache\javacpp-1.5.5-windows-x86_64.jar\org\bytedeco\javacpp\windows-x86_64;C:\Users\bsc_49_16\.javacpp\cache\openblas-0.3.13-1.5.5-windows-x86_64.jar\org\bytedeco\openblas\windows-x86_64;C:\Users\bsc_49_16\.javacpp\cache\opencv-4.5.1-1.5.5-windows-x86_64.jar\org\bytedeco\opencv\windows-x86_64;C:\Users\bsc_49_16\.javacpp\cache\nd4j-native-1.0.0-M1.1-windows-x86_64.jar\org\nd4j\nativeblas\windows-x86_64;C:\Users\bsc_49_16\AppData\Local\Temp;C:\Users\bsc_49_16\.javacpp\cache\leptonica-1.80.0-1.5.5-windows-x86_64.jar\org\bytedeco\leptonica\windows-x86_64

VM Arguments:
jvm_args: -javaagent:E:\intelj\IntelliJ IDEA 2021.3.1\lib\idea_rt.jar=63226:E:\intelj\IntelliJ IDEA 2021.3.1\bin -Dfile.encoding=UTF-8 
java_command: MaizeDiseaseDetectionModel
java_class_path (initial): E:\projects\New folder\example-maize-model\target\classes;C:\Users\bsc_49_16\.m2\repository\org\nd4j\nd4j-native\1.0.0-M1.1\nd4j-native-1.0.0-M1.1.jar;C:\Users\bsc_49_16\.m2\repository\org\nd4j\nd4j-native\1.0.0-M1.1\nd4j-native-1.0.0-M1.1-windows-x86_64.jar;C:\Users\bsc_49_16\.m2\repository\org\bytedeco\javacpp\1.5.5\javacpp-1.5.5.jar;C:\Users\bsc_49_16\.m2\repository\org\bytedeco\javacpp\1.5.5\javacpp-1.5.5-windows-x86_64.jar;C:\Users\bsc_49_16\.m2\repository\org\bytedeco\openblas\0.3.13-1.5.5\openblas-0.3.13-1.5.5.jar;C:\Users\bsc_49_16\.m2\repository\org\bytedeco\openblas\0.3.13-1.5.5\openblas-0.3.13-1.5.5-windows-x86_64.jar;C:\Users\bsc_49_16\.m2\repository\org\nd4j\nd4j-api\1.0.0-M1.1\nd4j-api-1.0.0-M1.1.jar;C:\Users\bsc_49_16\.m2\repository\com\jakewharton\byteunits\byteunits\0.9.1\byteunits-0.9.1.jar;C:\Users\bsc_49_16\.m2\repository\org\apache\commons\commons-collections4\4.1\commons-collections4-4.1.jar;C:\Users\bsc_49_16\.m2\repository\com\google\flatbuffers\flatbuffers-java\1.10.0\flatbuffers-java-1.10.0.jar;C:\Users\bsc_49_16\.m2\repository\org\nd4j\protobuf\1.0.0-M1.1\protobuf-1.0.0-M1.1.jar;C:\Users\bsc_49_16\.m2\repository\commons-net\commons-net\3.1\commons-net-3.1.jar;C:\Users\bsc_49_16\.m2\repository\net\ericaro\neoitertools\1.0.0\neoitertools-1.0.0.jar;C:\Users\bsc_49_16\.m2\repository\org\nd4j\nd4j-native-api\1.0.0-M1.1\nd4j-native-api-1.0.0-M1.1.jar;C:\Users\bsc_49_16\.m2\repository\org\nd4j\nd4j-native-preset\1.0.0-M1.1\nd4j-native-preset-1.0.0-M1.1.jar;C:\Users\bsc_49_16\.m2\repository\org\nd4j\nd4j-native-preset\1.0.0-M1.1\nd4j-native-preset-1.0.0-M1.1-windows-x86_64.jar;C:\Users\bsc_49_16\.m2\repository\org\datavec\datavec-api\1.0.0-M1.1\datavec-api-1.0.0-M1.1.jar;C:\Users\bsc_49_16\.m2\repository\org\apache\commons\commons-lang3\3.6\commons-lang3-3.6.jar;C:\Users\bsc_49_16\.m2\repository\commons-io\commons-io\2.5\commons-io-2.5.jar;C:\Users\bsc_49_16\.m2\repository\commons-codec\commons-codec\1.10\commons-codec
Launcher Type: SUN_STANDARD

[Global flags]
     intx CICompilerCount                          = 3                                         {product} {ergonomic}
     uint ConcGCThreads                            = 2                                         {product} {ergonomic}
     uint G1ConcRefinementThreads                  = 6                                         {product} {ergonomic}
   size_t G1HeapRegionSize                         = 2097152                                   {product} {ergonomic}
    uintx GCDrainStackTargetSize                   = 64                                        {product} {ergonomic}
   size_t InitialHeapSize                          = 266338304                                 {product} {ergonomic}
   size_t MarkStackSize                            = 4194304                                   {product} {ergonomic}
   size_t MaxHeapSize                              = 4236247040                                {product} {ergonomic}
   size_t MaxNewSize                               = 2541748224                                {product} {ergonomic}
   size_t MinHeapDeltaBytes                        = 2097152                                   {product} {ergonomic}
   size_t MinHeapSize                              = 8388608                                   {product} {ergonomic}
    uintx NonNMethodCodeHeapSize                   = 5832780                                {pd product} {ergonomic}
    uintx NonProfiledCodeHeapSize                  = 122912730                              {pd product} {ergonomic}
    uintx ProfiledCodeHeapSize                     = 122912730                              {pd product} {ergonomic}
    uintx ReservedCodeCacheSize                    = 251658240                              {pd product} {ergonomic}
     bool SegmentedCodeCache                       = true                                      {product} {ergonomic}
   size_t SoftMaxHeapSize                          = 4236247040                             {manageable} {ergonomic}
     bool UseCompressedClassPointers               = true                           {product lp64_product} {ergonomic}
     bool UseCompressedOops                        = true                           {product lp64_product} {ergonomic}
     bool UseG1GC                                  = true                                      {product} {ergonomic}
     bool UseLargePagesIndividualAllocation        = false                                  {pd product} {ergonomic}

Logging:
Log output configuration:
 #0: stdout all=warning uptime,level,tags
 #1: stderr all=off uptime,level,tags

Environment Variables:
PATH=C:\Program Files (x86)\MiKTeX 2.9\miktex\bin;C:\WINDOWS\system32;C:\WINDOWS;C:\WINDOWS\System32\Wbem;C:\WINDOWS\System32\WindowsPowerShell\v1.0\;C:\WINDOWS\System32\OpenSSH\;C:\Program Files\Git\cmd;C:\Program Files\MATLAB\MATLAB Production Server\R2015a\runtime\win64;C:\Program Files\MATLAB\MATLAB Production Server\R2015a\bin;C:\Program Files\MATLAB\MATLAB Production Server\R2015a\polyspace\bin;C:\Program Files\Gradle\gradle-6.5-all\gradle-6.5\bin;C:\Users\HP\.jdks\corretto-1.8.0_302\bin;C:\Program Files\nodejs\;C:\Program Files\Java\jdk-16\bin;;C:\Program Files\Docker\Docker\resources\bin;C:\ProgramData\DockerDesktop\version-bin;C:\Users\bsc_49_16\AppData\Local\Microsoft\WindowsApps;;E:\intelj\IntelliJ IDEA 2021.3.1\bin;
USERNAME=BSC_49_16
OS=Windows_NT
PROCESSOR_IDENTIFIER=Intel64 Family 6 Model 158 Stepping 10, GenuineIntel



---------------  S Y S T E M  ---------------

OS:
 Windows 10 , 64 bit Build 19041 (10.0.19041.1466)
OS uptime: 0 days 2:26 hours
Hyper-V role detected

CPU: total 6 (initial active 6) (6 cores per cpu, 1 threads per core) family 6 model 158 stepping 10 microcode 0xd6, cx8, cmov, fxsr, mmx, 3dnowpref, sse, sse2, sse3, ssse3, sse4.1, sse4.2, popcnt, lzcnt, tsc, tscinvbit, avx, avx2, aes, erms, clmul, bmi1, bmi2, rtm, adx, fma, vzeroupper, clflush, clflushopt, hv

Memory: 4k page, system-wide physical 16158M (3162M free)
TotalPageFile size 18718M (AvailPageFile size 3251M)
current process WorkingSet (physical memory assigned to process): 5512M, peak: 5657M
current process commit charge ("private bytes"): 6744M, peak: 6777M

vm_info: Java HotSpot(TM) 64-Bit Server VM (16+36-2231) for windows-amd64 JRE (16+36-2231), built on Feb  8 2021 11:43:10 by "mach5one" with MS VC++ 16.7 (VS2019)

END.
