#
# A fatal error has been detected by the Java Runtime Environment:
#
#  EXCEPTION_ACCESS_VIOLATION (0xc0000005) at pc=0x00007ffe46304f69, pid=552, tid=13864
#
# JRE version: Java(TM) SE Runtime Environment (16.0+36) (build 16+36-2231)
# Java VM: Java HotSpot(TM) 64-Bit Server VM (16+36-2231, mixed mode, sharing, tiered, compressed oops, g1 gc, windows-amd64)
# Problematic frame:
# C  [KERNELBASE.dll+0x34f69]
#
# No core dump will be written. Minidumps are not enabled by default on client versions of Windows
#
# If you would like to submit a bug report, please visit:
#   https://bugreport.java.com/bugreport/crash.jsp
# The crash happened outside the Java Virtual Machine in native code.
# See problematic frame for where to report the bug.
#

---------------  S U M M A R Y ------------

Command Line: -javaagent:D:\Programs\IntelliJ IDEA 2020.3.2\lib\idea_rt.jar=55318:D:\Programs\IntelliJ IDEA 2020.3.2\bin -Dfile.encoding=UTF-8 MaizeDiseaseDetectionModel

Host: Intel(R) Core(TM) i5-9500T CPU @ 2.20GHz, 6 cores, 15G,  Windows 10 , 64 bit Build 19041 (10.0.19041.1348)
Time: Tue Jan  4 23:21:47 2022 South Africa Standard Time elapsed time: 1018.831227 seconds (0d 0h 16m 58s)

---------------  T H R E A D  ---------------

Current thread (0x00000202ca757ae0):  JavaThread "ADSI prefetch thread" daemon [_thread_in_native, id=13864, stack(0x000000e450800000,0x000000e450900000)]

Stack: [0x000000e450800000,0x000000e450900000],  sp=0x000000e4508fbeb0,  free space=1007k
Native frames: (J=compiled Java code, j=interpreted, Vv=VM code, C=native code)
C  [KERNELBASE.dll+0x34f69]
C  [vcruntime140_1.dll+0x2753]
C  [ntdll.dll+0xa1456]
C  [opencv_core451.dll+0x1e65eb]

Java frames: (J=compiled Java code, j=interpreted, Vv=VM code)
j  org.bytedeco.opencv.global.opencv_imgproc.cvtColor(Lorg/bytedeco/opencv/opencv_core/Mat;Lorg/bytedeco/opencv/opencv_core/Mat;I)V+0
J 2113 c1 org.datavec.image.loader.NativeImageLoader.transformImage(Lorg/bytedeco/opencv/opencv_core/Mat;Lorg/nd4j/linalg/api/ndarray/INDArray;)Lorg/nd4j/linalg/api/ndarray/INDArray; (459 bytes) @ 0x00000202ae8de614 [0x00000202ae8dd6c0+0x0000000000000f54]
J 2263 c1 org.datavec.image.loader.NativeImageLoader.asMatrixView(Ljava/io/InputStream;Lorg/nd4j/linalg/api/ndarray/INDArray;)V (94 bytes) @ 0x00000202ae925b94 [0x00000202ae925880+0x0000000000000314]
J 2262 c1 org.datavec.image.loader.NativeImageLoader.asMatrixView(Ljava/io/File;Lorg/nd4j/linalg/api/ndarray/INDArray;)V (107 bytes) @ 0x00000202ae924fbc [0x00000202ae924dc0+0x00000000000001fc]
j  org.datavec.image.recordreader.BaseImageRecordReader.next(I)Ljava/util/List;+416
j  org.deeplearning4j.datasets.datavec.RecordReaderMultiDataSetIterator.next(I)Lorg/nd4j/linalg/dataset/api/MultiDataSet;+126
j  org.deeplearning4j.datasets.datavec.RecordReaderDataSetIterator.next(I)Lorg/nd4j/linalg/dataset/DataSet;+64
j  org.deeplearning4j.datasets.datavec.RecordReaderDataSetIterator.next()Lorg/nd4j/linalg/dataset/DataSet;+5
j  org.deeplearning4j.datasets.datavec.RecordReaderDataSetIterator.next()Ljava/lang/Object;+1
j  org.nd4j.linalg.dataset.AsyncDataSetIterator$AsyncPrefetchThread.run()V+108
v  ~StubRoutines::call_stub

siginfo: EXCEPTION_ACCESS_VIOLATION (0xc0000005), reading address 0x000002035222b990


Register to memory mapping:

RIP=0x00007ffe46304f69 KERNELBASE.dll
RAX=0x000000e4508fb740 is pointing into the stack for thread: 0x00000202ca757ae0
RBX=0x000000e4508fda70 is pointing into the stack for thread: 0x00000202ca757ae0
RCX=0x000000e4508fb7a9 is pointing into the stack for thread: 0x00000202ca757ae0
RDX=0x00000202ca30a980 points into unknown readable memory: 0x726f001cc778036f | 6f 03 78 c7 1c 00 6f 72
RSP=0x000000e4508fbeb0 is pointing into the stack for thread: 0x00000202ca757ae0
RBP=0x000000e4508fc590 is pointing into the stack for thread: 0x00000202ca757ae0
RSI=0x000000e4508fe2c0 is pointing into the stack for thread: 0x00000202ca757ae0
RDI=0x000000e4508fcd30 is pointing into the stack for thread: 0x00000202ca757ae0
R8 =0x00000202c98e1bc0 points into unknown readable memory: 0x4a28002393e60001 | 01 00 e6 93 23 00 28 4a
R9 =0x0 is NULL
R10=0x00000202ae8dd62c is at entry_point+-148 in (nmethod*)0x00000202ae8dd210
R11=0x00000202ae8dd6c0 is at entry_point+0 in (nmethod*)0x00000202ae8dd210
R12=0x0 is NULL
R13=0x000000e4508fc018 is pointing into the stack for thread: 0x00000202ca757ae0
R14=0x000000e4508fcd30 is pointing into the stack for thread: 0x00000202ca757ae0
R15=0x000000e4508fce98 is pointing into the stack for thread: 0x00000202ca757ae0


Registers:
RAX=0x000000e4508fb740, RBX=0x000000e4508fda70, RCX=0x000000e4508fb7a9, RDX=0x00000202ca30a980
RSP=0x000000e4508fbeb0, RBP=0x000000e4508fc590, RSI=0x000000e4508fe2c0, RDI=0x000000e4508fcd30
R8 =0x00000202c98e1bc0, R9 =0x0000000000000000, R10=0x00000202ae8dd62c, R11=0x00000202ae8dd6c0
R12=0x0000000000000000, R13=0x000000e4508fc018, R14=0x000000e4508fcd30, R15=0x000000e4508fce98
RIP=0x00007ffe46304f69, EFLAGS=0x0000000000000202

Top of Stack: (sp=0x000000e4508fbeb0)
0x000000e4508fbeb0:   0000b80d00000000 000000e4508fda70
0x000000e4508fbec0:   000000e4508fe2c0 00007ffe438d6220
0x000000e4508fbed0:   00000001c0000005 0000000000000000
0x000000e4508fbee0:   00007ffe46304f69 0000000000000002
0x000000e4508fbef0:   0000000000000000 000002035222b990
0x000000e4508fbf00:   0000000000000006 000000e4508fc590
0x000000e4508fbf10:   0000c825ebf3a295 0000000000000000
0x000000e4508fbf20:   000000e4508fda70 00007ffe43863499
0x000000e4508fbf30:   0000020200000000 00000202c98e2e50
0x000000e4508fbf40:   000000e4508fda70 000000e4508fe2c0
0x000000e4508fbf50:   000000e4508fcd30 00007ffe438633d9
0x000000e4508fbf60:   000000e4508fda70 000000e4508fe2c0
0x000000e4508fbf70:   0000b80d9491da7c 00000202cb040b60
0x000000e4508fbf80:   000000e4508fda70 00007ffe43862753
0x000000e4508fbf90:   00007ffdd58270e0 000000e4508fce98
0x000000e4508fbfa0:   000000e400000100 0000000000000003 

Instructions: (pc=0x00007ffe46304f69)
0x00007ffe46304e69:   d8 21 00 00 41 0f 44 c0 89 43 24 8b 41 18 89 43
0x00007ffe46304e79:   28 65 48 8b 04 25 60 00 00 00 48 8b 48 20 39 79
0x00007ffe46304e89:   08 7c 36 41 b9 40 00 00 00 48 89 7c 24 20 4c 8d
0x00007ffe46304e99:   44 24 30 48 83 c9 ff 41 8d 51 e5 48 ff 15 7d 9d
0x00007ffe46304ea9:   18 00 0f 1f 44 00 00 85 c0 0f 88 7f ef 06 00 81
0x00007ffe46304eb9:   7c 24 54 33 00 03 00 72 0f 48 8b 9c 24 80 00 00
0x00007ffe46304ec9:   00 48 83 c4 70 5f c3 cc 89 7b 2c eb ec cc cc cc
0x00007ffe46304ed9:   cc cc cc cc cc cc cc 65 48 8b 04 25 30 00 00 00
0x00007ffe46304ee9:   8b 40 68 c3 cc cc cc cc cc cc cc cc cc cc cc cc
0x00007ffe46304ef9:   cc cc cc cc cc cc cc 48 81 ec d8 00 00 00 48 8b
0x00007ffe46304f09:   05 62 5f 25 00 48 33 c4 48 89 84 24 c0 00 00 00
0x00007ffe46304f19:   48 83 64 24 28 00 48 8d 05 da ff ff ff 83 e2 01
0x00007ffe46304f29:   89 4c 24 20 89 54 24 24 48 89 44 24 30 4d 85 c9
0x00007ffe46304f39:   74 4c b8 0f 00 00 00 48 8d 4c 24 40 44 3b c0 49
0x00007ffe46304f49:   8b d1 44 0f 47 c0 44 89 44 24 38 49 c1 e0 03 e8
0x00007ffe46304f59:   1a d5 05 00 48 8d 4c 24 20 48 ff 15 9f 9d 18 00
0x00007ffe46304f69:   0f 1f 44 00 00 48 8b 8c 24 c0 00 00 00 48 33 cc
0x00007ffe46304f79:   e8 52 97 05 00 48 81 c4 d8 00 00 00 c3 cc 83 64
0x00007ffe46304f89:   24 38 00 eb cf cc cc cc cc cc cc cc cc cc cc cc
0x00007ffe46304f99:   cc cc cc cc cc cc cc 40 53 48 83 ec 30 48 8b d1
0x00007ffe46304fa9:   48 8d 4c 24 20 e8 e5 cc ff ff 85 c0 74 26 48 8b
0x00007ffe46304fb9:   4c 24 28 e8 8f 6f ff ff 48 8d 4c 24 20 8b d8 48
0x00007ffe46304fc9:   ff 15 91 95 18 00 0f 1f 44 00 00 8b c3 48 83 c4
0x00007ffe46304fd9:   30 5b c3 cc 83 c8 ff eb f4 cc cc cc cc cc cc cc
0x00007ffe46304fe9:   cc cc cc cc cc cc cc 48 8b c4 48 89 58 10 48 89
0x00007ffe46304ff9:   70 18 57 48 83 ec 60 0f 57 c0 0f 11 40 b8 48 8d
0x00007ffe46305009:   35 b2 f5 18 00 33 db 48 85 c9 48 0f 45 f1 48 8b
0x00007ffe46305019:   d6 48 8d 48 c8 48 ff 15 c3 9b 18 00 0f 1f 44 00
0x00007ffe46305029:   00 8b f8 89 44 24 70 85 c0 78 1f 41 b0 01 48 8d
0x00007ffe46305039:   54 24 30 48 8d 4c 24 20 48 ff 15 40 95 18 00 0f
0x00007ffe46305049:   1f 44 00 00 8b f8 89 44 24 70 85 ff 0f 88 e9 ed
0x00007ffe46305059:   06 00 48 83 c8 ff 48 8b c8 48 ff c1 66 39 1c 4e 


Stack slot to memory mapping:
stack at sp + 0 slots: 0x0000b80d00000000 is an unknown value
stack at sp + 1 slots: 0x000000e4508fda70 is pointing into the stack for thread: 0x00000202ca757ae0
stack at sp + 2 slots: 0x000000e4508fe2c0 is pointing into the stack for thread: 0x00000202ca757ae0
stack at sp + 3 slots: 0x00007ffe438d6220 VCRUNTIME140.dll
stack at sp + 4 slots: 0x00000001c0000005 is an unknown value
stack at sp + 5 slots: 0x0 is NULL
stack at sp + 6 slots: 0x00007ffe46304f69 KERNELBASE.dll
stack at sp + 7 slots: 0x0000000000000002 is an unknown value


---------------  P R O C E S S  ---------------

Threads class SMR info:
_java_thread_list=0x00000202cb14ab10, length=17, elements={
0x00000202a675b060, 0x00000202c8df00a0, 0x00000202c8df0e70, 0x00000202c8dfb6d0,
0x00000202c8dff200, 0x00000202c8e01b20, 0x00000202c8e02430, 0x00000202c8e03120,
0x00000202c98427f0, 0x00000202c8e1ea80, 0x00000202c9a24ed0, 0x00000202ca31c370,
0x00000202c9e17fa0, 0x00000202ca72ea50, 0x00000202cb430620, 0x00000202cb0a5560,
0x00000202ca757ae0
}

Java Threads: ( => current thread )
  0x00000202a675b060 JavaThread "main" [_thread_in_native, id=6296, stack(0x000000e44db00000,0x000000e44dc00000)]
  0x00000202c8df00a0 JavaThread "Reference Handler" daemon [_thread_blocked, id=10380, stack(0x000000e44e200000,0x000000e44e300000)]
  0x00000202c8df0e70 JavaThread "Finalizer" daemon [_thread_blocked, id=8148, stack(0x000000e44e300000,0x000000e44e400000)]
  0x00000202c8dfb6d0 JavaThread "Signal Dispatcher" daemon [_thread_blocked, id=7276, stack(0x000000e44e400000,0x000000e44e500000)]
  0x00000202c8dff200 JavaThread "Attach Listener" daemon [_thread_blocked, id=10208, stack(0x000000e44e500000,0x000000e44e600000)]
  0x00000202c8e01b20 JavaThread "Service Thread" daemon [_thread_blocked, id=7548, stack(0x000000e44e600000,0x000000e44e700000)]
  0x00000202c8e02430 JavaThread "Monitor Deflation Thread" daemon [_thread_blocked, id=5832, stack(0x000000e44e700000,0x000000e44e800000)]
  0x00000202c8e03120 JavaThread "C2 CompilerThread0" daemon [_thread_blocked, id=5708, stack(0x000000e44e800000,0x000000e44e900000)]
  0x00000202c98427f0 JavaThread "C1 CompilerThread0" daemon [_thread_blocked, id=7636, stack(0x000000e44e900000,0x000000e44ea00000)]
  0x00000202c8e1ea80 JavaThread "Sweeper thread" daemon [_thread_blocked, id=3856, stack(0x000000e44ea00000,0x000000e44eb00000)]
  0x00000202c9a24ed0 JavaThread "Common-Cleaner" daemon [_thread_blocked, id=7676, stack(0x000000e44eb00000,0x000000e44ec00000)]
  0x00000202ca31c370 JavaThread "Monitor Ctrl-Break" daemon [_thread_in_native, id=11608, stack(0x000000e44f200000,0x000000e44f300000)]
  0x00000202c9e17fa0 JavaThread "Notification Thread" daemon [_thread_blocked, id=11624, stack(0x000000e44f300000,0x000000e44f400000)]
  0x00000202ca72ea50 JavaThread "JavaCPP Deallocator" daemon [_thread_blocked, id=5148, stack(0x000000e44f500000,0x000000e44f600000)]
  0x00000202cb430620 JavaThread "DeallocatorServiceThread_0" daemon [_thread_blocked, id=10888, stack(0x000000e44ec00000,0x000000e44ed00000)]
  0x00000202cb0a5560 JavaThread "DeallocatorServiceThread_1" daemon [_thread_blocked, id=3788, stack(0x000000e450000000,0x000000e450100000)]
=>0x00000202ca757ae0 JavaThread "ADSI prefetch thread" daemon [_thread_in_native, id=13864, stack(0x000000e450800000,0x000000e450900000)]

Other Threads:
  0x00000202c8decdb0 VMThread "VM Thread" [stack: 0x000000e44e100000,0x000000e44e200000] [id=5264]
  0x00000202c9e5af10 WatcherThread [stack: 0x000000e44f400000,0x000000e44f500000] [id=2396]
  0x00000202a67aaaf0 GCTaskThread "GC Thread#0" [stack: 0x000000e44dc00000,0x000000e44dd00000] [id=1956]
  0x00000202ca00e950 GCTaskThread "GC Thread#1" [stack: 0x000000e44ed00000,0x000000e44ee00000] [id=8600]
  0x00000202ca51c810 GCTaskThread "GC Thread#2" [stack: 0x000000e44ee00000,0x000000e44ef00000] [id=8908]
  0x00000202ca4897f0 GCTaskThread "GC Thread#3" [stack: 0x000000e44ef00000,0x000000e44f000000] [id=3448]
  0x00000202ca5adcd0 GCTaskThread "GC Thread#4" [stack: 0x000000e44f000000,0x000000e44f100000] [id=4164]
  0x00000202ca5adfe0 GCTaskThread "GC Thread#5" [stack: 0x000000e44f100000,0x000000e44f200000] [id=6396]
  0x00000202a67bc6d0 ConcurrentGCThread "G1 Main Marker" [stack: 0x000000e44dd00000,0x000000e44de00000] [id=9660]
  0x00000202a67bd050 ConcurrentGCThread "G1 Conc#0" [stack: 0x000000e44de00000,0x000000e44df00000] [id=13052]
  0x00000202c8ca3bb0 ConcurrentGCThread "G1 Refine#0" [stack: 0x000000e44df00000,0x000000e44e000000] [id=8780]
  0x00000202c8ca4540 ConcurrentGCThread "G1 Service" [stack: 0x000000e44e000000,0x000000e44e100000] [id=5796]

Threads with active compile tasks:

VM state: not at safepoint (normal execution)

VM Mutex/Monitor currently owned by a thread: None

Heap address: 0x0000000703800000, size: 4040 MB, Compressed Oops mode: Zero based, Oop shift amount: 3
CDS archive(s) mapped at: [0x0000000800000000-0x0000000800bb0000-0x0000000800bb0000), size 12255232, SharedBaseAddress: 0x0000000800000000, ArchiveRelocationMode: 0.
Compressed class space mapped at: 0x0000000800c00000-0x0000000840c00000, reserved size: 1073741824
Narrow klass base: 0x0000000800000000, Narrow klass shift: 3, Narrow klass range: 0x100000000

GC Precious Log:
 CPUs: 6 total, 6 available
 Memory: 16158M
 Large Page Support: Disabled
 NUMA Support: Disabled
 Compressed Oops: Enabled (Zero based)
 Heap Region Size: 2M
 Heap Min Capacity: 8M
 Heap Initial Capacity: 254M
 Heap Max Capacity: 4040M
 Pre-touch: Disabled
 Parallel Workers: 6
 Concurrent Workers: 2
 Concurrent Refinement Workers: 6
 Periodic GC: Disabled

Heap:
 garbage-first heap   total 260096K, used 147520K [0x0000000703800000, 0x0000000800000000)
  region size 2048K, 52 young (106496K), 2 survivors (4096K)
 Metaspace       used 20906K, committed 21056K, reserved 1073152K
  class space    used 1813K, committed 1920K, reserved 1048576K

Heap Regions: E=young(eden), S=young(survivor), O=old, HS=humongous(starts), HC=humongous(continues), CS=collection set, F=free, OA=open archive, CA=closed archive, TAMS=top-at-mark-start (previous, next)
|   0|0x0000000703800000, 0x0000000703a00000, 0x0000000703a00000|100%|HS|  |TAMS 0x0000000703800000, 0x0000000703800000| Complete 
|   1|0x0000000703a00000, 0x0000000703c00000, 0x0000000703c00000|100%| O|  |TAMS 0x0000000703a00000, 0x0000000703a00000| Untracked 
|   2|0x0000000703c00000, 0x0000000703e00000, 0x0000000703e00000|100%| O|  |TAMS 0x0000000703c00000, 0x0000000703c00000| Untracked 
|   3|0x0000000703e00000, 0x0000000704000000, 0x0000000704000000|100%| O|  |TAMS 0x0000000703e00000, 0x0000000703e00000| Untracked 
|   4|0x0000000704000000, 0x0000000704200000, 0x0000000704200000|100%| O|  |TAMS 0x0000000704000000, 0x0000000704000000| Untracked 
|   5|0x0000000704200000, 0x0000000704400000, 0x0000000704400000|100%| O|  |TAMS 0x0000000704200000, 0x0000000704200000| Untracked 
|   6|0x0000000704400000, 0x0000000704600000, 0x0000000704600000|100%|HS|  |TAMS 0x0000000704400000, 0x0000000704400000| Complete 
|   7|0x0000000704600000, 0x0000000704800000, 0x0000000704800000|100%|HC|  |TAMS 0x0000000704600000, 0x0000000704600000| Complete 
|   8|0x0000000704800000, 0x0000000704a00000, 0x0000000704a00000|100%|HC|  |TAMS 0x0000000704800000, 0x0000000704800000| Complete 
|   9|0x0000000704a00000, 0x0000000704c00000, 0x0000000704c00000|100%|HC|  |TAMS 0x0000000704a00000, 0x0000000704a00000| Complete 
|  10|0x0000000704c00000, 0x0000000704e00000, 0x0000000704e00000|100%|HC|  |TAMS 0x0000000704c00000, 0x0000000704c00000| Complete 
|  11|0x0000000704e00000, 0x0000000705000000, 0x0000000705000000|100%|HS|  |TAMS 0x0000000704e00000, 0x0000000704e00000| Complete 
|  12|0x0000000705000000, 0x0000000705200000, 0x0000000705200000|100%| O|  |TAMS 0x0000000705000000, 0x0000000705000000| Untracked 
|  13|0x0000000705200000, 0x0000000705290600, 0x0000000705400000| 28%| O|  |TAMS 0x0000000705200000, 0x0000000705200000| Untracked 
|  14|0x0000000705400000, 0x0000000705600000, 0x0000000705600000|100%|HS|  |TAMS 0x0000000705400000, 0x0000000705400000| Complete 
|  15|0x0000000705600000, 0x0000000705800000, 0x0000000705800000|100%|HC|  |TAMS 0x0000000705600000, 0x0000000705600000| Complete 
|  16|0x0000000705800000, 0x0000000705a00000, 0x0000000705a00000|100%|HC|  |TAMS 0x0000000705800000, 0x0000000705800000| Complete 
|  17|0x0000000705a00000, 0x0000000705c00000, 0x0000000705c00000|100%|HC|  |TAMS 0x0000000705a00000, 0x0000000705a00000| Complete 
|  18|0x0000000705c00000, 0x0000000705e00000, 0x0000000705e00000|100%|HC|  |TAMS 0x0000000705c00000, 0x0000000705c00000| Complete 
|  19|0x0000000705e00000, 0x0000000706000000, 0x0000000706000000|100%|HS|  |TAMS 0x0000000705e00000, 0x0000000705e00000| Complete 
|  20|0x0000000706000000, 0x0000000706200000, 0x0000000706200000|100%|HS|  |TAMS 0x0000000706000000, 0x0000000706000000| Complete 
|  21|0x0000000706200000, 0x0000000706400000, 0x0000000706400000|100%|HS|  |TAMS 0x0000000706200000, 0x0000000706200000| Complete 
|  22|0x0000000706400000, 0x0000000706600000, 0x0000000706600000|100%|HC|  |TAMS 0x0000000706400000, 0x0000000706400000| Complete 
|  23|0x0000000706600000, 0x0000000706600000, 0x0000000706800000|  0%| F|  |TAMS 0x0000000706600000, 0x0000000706600000| Untracked 
|  24|0x0000000706800000, 0x0000000706800000, 0x0000000706a00000|  0%| F|  |TAMS 0x0000000706800000, 0x0000000706800000| Untracked 
|  25|0x0000000706a00000, 0x0000000706a00000, 0x0000000706c00000|  0%| F|  |TAMS 0x0000000706a00000, 0x0000000706a00000| Untracked 
|  26|0x0000000706c00000, 0x0000000706c00000, 0x0000000706e00000|  0%| F|  |TAMS 0x0000000706c00000, 0x0000000706c00000| Untracked 
|  27|0x0000000706e00000, 0x0000000706e00000, 0x0000000707000000|  0%| F|  |TAMS 0x0000000706e00000, 0x0000000706e00000| Untracked 
|  28|0x0000000707000000, 0x0000000707000000, 0x0000000707200000|  0%| F|  |TAMS 0x0000000707000000, 0x0000000707000000| Untracked 
|  29|0x0000000707200000, 0x0000000707200000, 0x0000000707400000|  0%| F|  |TAMS 0x0000000707200000, 0x0000000707200000| Untracked 
|  30|0x0000000707400000, 0x0000000707400000, 0x0000000707600000|  0%| F|  |TAMS 0x0000000707400000, 0x0000000707400000| Untracked 
|  31|0x0000000707600000, 0x0000000707600000, 0x0000000707800000|  0%| F|  |TAMS 0x0000000707600000, 0x0000000707600000| Untracked 
|  32|0x0000000707800000, 0x0000000707800000, 0x0000000707a00000|  0%| F|  |TAMS 0x0000000707800000, 0x0000000707800000| Untracked 
|  33|0x0000000707a00000, 0x0000000707a00000, 0x0000000707c00000|  0%| F|  |TAMS 0x0000000707a00000, 0x0000000707a00000| Untracked 
|  34|0x0000000707c00000, 0x0000000707c00000, 0x0000000707e00000|  0%| F|  |TAMS 0x0000000707c00000, 0x0000000707c00000| Untracked 
|  35|0x0000000707e00000, 0x0000000707e00000, 0x0000000708000000|  0%| F|  |TAMS 0x0000000707e00000, 0x0000000707e00000| Untracked 
|  36|0x0000000708000000, 0x0000000708000000, 0x0000000708200000|  0%| F|  |TAMS 0x0000000708000000, 0x0000000708000000| Untracked 
|  37|0x0000000708200000, 0x0000000708200000, 0x0000000708400000|  0%| F|  |TAMS 0x0000000708200000, 0x0000000708200000| Untracked 
|  38|0x0000000708400000, 0x0000000708400000, 0x0000000708600000|  0%| F|  |TAMS 0x0000000708400000, 0x0000000708400000| Untracked 
|  39|0x0000000708600000, 0x0000000708600000, 0x0000000708800000|  0%| F|  |TAMS 0x0000000708600000, 0x0000000708600000| Untracked 
|  40|0x0000000708800000, 0x0000000708800000, 0x0000000708a00000|  0%| F|  |TAMS 0x0000000708800000, 0x0000000708800000| Untracked 
|  41|0x0000000708a00000, 0x0000000708a00000, 0x0000000708c00000|  0%| F|  |TAMS 0x0000000708a00000, 0x0000000708a00000| Untracked 
|  42|0x0000000708c00000, 0x0000000708c00000, 0x0000000708e00000|  0%| F|  |TAMS 0x0000000708c00000, 0x0000000708c00000| Untracked 
|  43|0x0000000708e00000, 0x0000000708e00000, 0x0000000709000000|  0%| F|  |TAMS 0x0000000708e00000, 0x0000000708e00000| Untracked 
|  44|0x0000000709000000, 0x0000000709000000, 0x0000000709200000|  0%| F|  |TAMS 0x0000000709000000, 0x0000000709000000| Untracked 
|  45|0x0000000709200000, 0x0000000709200000, 0x0000000709400000|  0%| F|  |TAMS 0x0000000709200000, 0x0000000709200000| Untracked 
|  46|0x0000000709400000, 0x0000000709400000, 0x0000000709600000|  0%| F|  |TAMS 0x0000000709400000, 0x0000000709400000| Untracked 
|  47|0x0000000709600000, 0x0000000709600000, 0x0000000709800000|  0%| F|  |TAMS 0x0000000709600000, 0x0000000709600000| Untracked 
|  48|0x0000000709800000, 0x0000000709800000, 0x0000000709a00000|  0%| F|  |TAMS 0x0000000709800000, 0x0000000709800000| Untracked 
|  49|0x0000000709a00000, 0x0000000709b7fb60, 0x0000000709c00000| 74%| S|CS|TAMS 0x0000000709a00000, 0x0000000709a00000| Complete 
|  50|0x0000000709c00000, 0x0000000709e00000, 0x0000000709e00000|100%| S|CS|TAMS 0x0000000709c00000, 0x0000000709c00000| Complete 
|  51|0x0000000709e00000, 0x0000000709e00000, 0x000000070a000000|  0%| F|  |TAMS 0x0000000709e00000, 0x0000000709e00000| Untracked 
|  52|0x000000070a000000, 0x000000070a000000, 0x000000070a200000|  0%| F|  |TAMS 0x000000070a000000, 0x000000070a000000| Untracked 
|  53|0x000000070a200000, 0x000000070a200000, 0x000000070a400000|  0%| F|  |TAMS 0x000000070a200000, 0x000000070a200000| Untracked 
|  54|0x000000070a400000, 0x000000070a400000, 0x000000070a600000|  0%| F|  |TAMS 0x000000070a400000, 0x000000070a400000| Untracked 
|  55|0x000000070a600000, 0x000000070a600000, 0x000000070a800000|  0%| F|  |TAMS 0x000000070a600000, 0x000000070a600000| Untracked 
|  56|0x000000070a800000, 0x000000070a800000, 0x000000070aa00000|  0%| F|  |TAMS 0x000000070a800000, 0x000000070a800000| Untracked 
|  57|0x000000070aa00000, 0x000000070aa00000, 0x000000070ac00000|  0%| F|  |TAMS 0x000000070aa00000, 0x000000070aa00000| Untracked 
|  58|0x000000070ac00000, 0x000000070ac00000, 0x000000070ae00000|  0%| F|  |TAMS 0x000000070ac00000, 0x000000070ac00000| Untracked 
|  59|0x000000070ae00000, 0x000000070ae00000, 0x000000070b000000|  0%| F|  |TAMS 0x000000070ae00000, 0x000000070ae00000| Untracked 
|  60|0x000000070b000000, 0x000000070b000000, 0x000000070b200000|  0%| F|  |TAMS 0x000000070b000000, 0x000000070b000000| Untracked 
|  61|0x000000070b200000, 0x000000070b200000, 0x000000070b400000|  0%| F|  |TAMS 0x000000070b200000, 0x000000070b200000| Untracked 
|  62|0x000000070b400000, 0x000000070b400000, 0x000000070b600000|  0%| F|  |TAMS 0x000000070b400000, 0x000000070b400000| Untracked 
|  63|0x000000070b600000, 0x000000070b600000, 0x000000070b800000|  0%| F|  |TAMS 0x000000070b600000, 0x000000070b600000| Untracked 
|  64|0x000000070b800000, 0x000000070b800000, 0x000000070ba00000|  0%| F|  |TAMS 0x000000070b800000, 0x000000070b800000| Untracked 
|  65|0x000000070ba00000, 0x000000070ba00000, 0x000000070bc00000|  0%| F|  |TAMS 0x000000070ba00000, 0x000000070ba00000| Untracked 
|  66|0x000000070bc00000, 0x000000070bc00000, 0x000000070be00000|  0%| F|  |TAMS 0x000000070bc00000, 0x000000070bc00000| Untracked 
|  67|0x000000070be00000, 0x000000070be00000, 0x000000070c000000|  0%| F|  |TAMS 0x000000070be00000, 0x000000070be00000| Untracked 
|  68|0x000000070c000000, 0x000000070c000000, 0x000000070c200000|  0%| F|  |TAMS 0x000000070c000000, 0x000000070c000000| Untracked 
|  69|0x000000070c200000, 0x000000070c200000, 0x000000070c400000|  0%| F|  |TAMS 0x000000070c200000, 0x000000070c200000| Untracked 
|  70|0x000000070c400000, 0x000000070c400000, 0x000000070c600000|  0%| F|  |TAMS 0x000000070c400000, 0x000000070c400000| Untracked 
|  71|0x000000070c600000, 0x000000070c600000, 0x000000070c800000|  0%| F|  |TAMS 0x000000070c600000, 0x000000070c600000| Untracked 
|  72|0x000000070c800000, 0x000000070c800000, 0x000000070ca00000|  0%| F|  |TAMS 0x000000070c800000, 0x000000070c800000| Untracked 
|  73|0x000000070ca00000, 0x000000070ca00000, 0x000000070cc00000|  0%| F|  |TAMS 0x000000070ca00000, 0x000000070ca00000| Untracked 
|  74|0x000000070cc00000, 0x000000070cc00000, 0x000000070ce00000|  0%| F|  |TAMS 0x000000070cc00000, 0x000000070cc00000| Untracked 
|  75|0x000000070ce00000, 0x000000070ce00000, 0x000000070d000000|  0%| F|  |TAMS 0x000000070ce00000, 0x000000070ce00000| Untracked 
|  76|0x000000070d000000, 0x000000070d000000, 0x000000070d200000|  0%| F|  |TAMS 0x000000070d000000, 0x000000070d000000| Untracked 
|  77|0x000000070d200000, 0x000000070d300800, 0x000000070d400000| 50%| E|  |TAMS 0x000000070d200000, 0x000000070d200000| Complete 
|  78|0x000000070d400000, 0x000000070d600000, 0x000000070d600000|100%| E|CS|TAMS 0x000000070d400000, 0x000000070d400000| Complete 
|  79|0x000000070d600000, 0x000000070d800000, 0x000000070d800000|100%| E|CS|TAMS 0x000000070d600000, 0x000000070d600000| Complete 
|  80|0x000000070d800000, 0x000000070da00000, 0x000000070da00000|100%| E|CS|TAMS 0x000000070d800000, 0x000000070d800000| Complete 
|  81|0x000000070da00000, 0x000000070dc00000, 0x000000070dc00000|100%| E|  |TAMS 0x000000070da00000, 0x000000070da00000| Complete 
|  82|0x000000070dc00000, 0x000000070de00000, 0x000000070de00000|100%| E|CS|TAMS 0x000000070dc00000, 0x000000070dc00000| Complete 
|  83|0x000000070de00000, 0x000000070e000000, 0x000000070e000000|100%| E|CS|TAMS 0x000000070de00000, 0x000000070de00000| Complete 
|  84|0x000000070e000000, 0x000000070e200000, 0x000000070e200000|100%| E|CS|TAMS 0x000000070e000000, 0x000000070e000000| Complete 
|  85|0x000000070e200000, 0x000000070e400000, 0x000000070e400000|100%| E|CS|TAMS 0x000000070e200000, 0x000000070e200000| Complete 
|  86|0x000000070e400000, 0x000000070e600000, 0x000000070e600000|100%| E|CS|TAMS 0x000000070e400000, 0x000000070e400000| Complete 
|  87|0x000000070e600000, 0x000000070e800000, 0x000000070e800000|100%| E|CS|TAMS 0x000000070e600000, 0x000000070e600000| Complete 
|  88|0x000000070e800000, 0x000000070ea00000, 0x000000070ea00000|100%| E|CS|TAMS 0x000000070e800000, 0x000000070e800000| Complete 
|  89|0x000000070ea00000, 0x000000070ec00000, 0x000000070ec00000|100%| E|CS|TAMS 0x000000070ea00000, 0x000000070ea00000| Complete 
|  90|0x000000070ec00000, 0x000000070ee00000, 0x000000070ee00000|100%| E|CS|TAMS 0x000000070ec00000, 0x000000070ec00000| Complete 
|  91|0x000000070ee00000, 0x000000070f000000, 0x000000070f000000|100%| E|CS|TAMS 0x000000070ee00000, 0x000000070ee00000| Complete 
|  92|0x000000070f000000, 0x000000070f200000, 0x000000070f200000|100%| E|CS|TAMS 0x000000070f000000, 0x000000070f000000| Complete 
|  93|0x000000070f200000, 0x000000070f400000, 0x000000070f400000|100%| E|CS|TAMS 0x000000070f200000, 0x000000070f200000| Complete 
|  94|0x000000070f400000, 0x000000070f600000, 0x000000070f600000|100%| E|CS|TAMS 0x000000070f400000, 0x000000070f400000| Complete 
|  95|0x000000070f600000, 0x000000070f800000, 0x000000070f800000|100%| E|CS|TAMS 0x000000070f600000, 0x000000070f600000| Complete 
|  96|0x000000070f800000, 0x000000070fa00000, 0x000000070fa00000|100%| E|CS|TAMS 0x000000070f800000, 0x000000070f800000| Complete 
|  97|0x000000070fa00000, 0x000000070fc00000, 0x000000070fc00000|100%| E|CS|TAMS 0x000000070fa00000, 0x000000070fa00000| Complete 
|  98|0x000000070fc00000, 0x000000070fe00000, 0x000000070fe00000|100%| E|CS|TAMS 0x000000070fc00000, 0x000000070fc00000| Complete 
|  99|0x000000070fe00000, 0x0000000710000000, 0x0000000710000000|100%| E|CS|TAMS 0x000000070fe00000, 0x000000070fe00000| Complete 
| 100|0x0000000710000000, 0x0000000710200000, 0x0000000710200000|100%| E|CS|TAMS 0x0000000710000000, 0x0000000710000000| Complete 
| 101|0x0000000710200000, 0x0000000710400000, 0x0000000710400000|100%| E|CS|TAMS 0x0000000710200000, 0x0000000710200000| Complete 
| 102|0x0000000710400000, 0x0000000710600000, 0x0000000710600000|100%| E|CS|TAMS 0x0000000710400000, 0x0000000710400000| Complete 
| 103|0x0000000710600000, 0x0000000710800000, 0x0000000710800000|100%| E|CS|TAMS 0x0000000710600000, 0x0000000710600000| Complete 
| 104|0x0000000710800000, 0x0000000710a00000, 0x0000000710a00000|100%| E|CS|TAMS 0x0000000710800000, 0x0000000710800000| Complete 
| 105|0x0000000710a00000, 0x0000000710c00000, 0x0000000710c00000|100%| E|CS|TAMS 0x0000000710a00000, 0x0000000710a00000| Complete 
| 106|0x0000000710c00000, 0x0000000710e00000, 0x0000000710e00000|100%| E|CS|TAMS 0x0000000710c00000, 0x0000000710c00000| Complete 
| 107|0x0000000710e00000, 0x0000000711000000, 0x0000000711000000|100%| E|CS|TAMS 0x0000000710e00000, 0x0000000710e00000| Complete 
| 108|0x0000000711000000, 0x0000000711200000, 0x0000000711200000|100%| E|CS|TAMS 0x0000000711000000, 0x0000000711000000| Complete 
| 109|0x0000000711200000, 0x0000000711400000, 0x0000000711400000|100%| E|CS|TAMS 0x0000000711200000, 0x0000000711200000| Complete 
| 110|0x0000000711400000, 0x0000000711600000, 0x0000000711600000|100%| E|CS|TAMS 0x0000000711400000, 0x0000000711400000| Complete 
| 111|0x0000000711600000, 0x0000000711800000, 0x0000000711800000|100%| E|CS|TAMS 0x0000000711600000, 0x0000000711600000| Complete 
| 112|0x0000000711800000, 0x0000000711a00000, 0x0000000711a00000|100%| E|CS|TAMS 0x0000000711800000, 0x0000000711800000| Complete 
| 113|0x0000000711a00000, 0x0000000711c00000, 0x0000000711c00000|100%| E|CS|TAMS 0x0000000711a00000, 0x0000000711a00000| Complete 
| 114|0x0000000711c00000, 0x0000000711e00000, 0x0000000711e00000|100%| E|CS|TAMS 0x0000000711c00000, 0x0000000711c00000| Complete 
| 115|0x0000000711e00000, 0x0000000712000000, 0x0000000712000000|100%| E|CS|TAMS 0x0000000711e00000, 0x0000000711e00000| Complete 
| 116|0x0000000712000000, 0x0000000712200000, 0x0000000712200000|100%| E|CS|TAMS 0x0000000712000000, 0x0000000712000000| Complete 
| 117|0x0000000712200000, 0x0000000712400000, 0x0000000712400000|100%| E|CS|TAMS 0x0000000712200000, 0x0000000712200000| Complete 
| 118|0x0000000712400000, 0x0000000712600000, 0x0000000712600000|100%| E|CS|TAMS 0x0000000712400000, 0x0000000712400000| Complete 
| 119|0x0000000712600000, 0x0000000712800000, 0x0000000712800000|100%| E|CS|TAMS 0x0000000712600000, 0x0000000712600000| Complete 
| 120|0x0000000712800000, 0x0000000712a00000, 0x0000000712a00000|100%| E|CS|TAMS 0x0000000712800000, 0x0000000712800000| Complete 
| 121|0x0000000712a00000, 0x0000000712c00000, 0x0000000712c00000|100%| E|CS|TAMS 0x0000000712a00000, 0x0000000712a00000| Complete 
| 122|0x0000000712c00000, 0x0000000712e00000, 0x0000000712e00000|100%| E|CS|TAMS 0x0000000712c00000, 0x0000000712c00000| Complete 
| 123|0x0000000712e00000, 0x0000000713000000, 0x0000000713000000|100%| E|CS|TAMS 0x0000000712e00000, 0x0000000712e00000| Complete 
| 124|0x0000000713000000, 0x0000000713200000, 0x0000000713200000|100%| E|CS|TAMS 0x0000000713000000, 0x0000000713000000| Complete 
| 125|0x0000000713200000, 0x0000000713400000, 0x0000000713400000|100%| E|CS|TAMS 0x0000000713200000, 0x0000000713200000| Complete 
| 126|0x0000000713400000, 0x0000000713600000, 0x0000000713600000|100%| E|CS|TAMS 0x0000000713400000, 0x0000000713400000| Complete 

Card table byte_map: [0x00000202bd7a0000,0x00000202bdf90000] _byte_map_base: 0x00000202b9f84000

Marking Bits (Prev, Next): (CMBitMap*) 0x00000202a67ac080, (CMBitMap*) 0x00000202a67ac0c0
 Prev Bits: [0x00000202be780000, 0x00000202c26a0000)
 Next Bits: [0x00000202c26a0000, 0x00000202c65c0000)

Polling page: 0x00000202a5f10000

Metaspace:

Usage:
  Non-class:     18.65 MB used.
      Class:      1.77 MB used.
       Both:     20.42 MB used.

Virtual space:
  Non-class space:       24.00 MB reserved,      18.69 MB ( 78%) committed,  3 nodes.
      Class space:        1.00 GB reserved,       1.88 MB ( <1%) committed,  1 nodes.
              Both:        1.02 GB reserved,      20.56 MB (  2%) committed. 

Chunk freelists:
   Non-Class:  848.00 KB
       Class:  1.98 MB
        Both:  2.81 MB

MaxMetaspaceSize: 17179869184.00 GB
CompressedClassSpaceSize: 1.00 GB
 - commit_granule_bytes: 65536.
 - commit_granule_words: 8192.
 - virtual_space_node_default_size: 1048576.
 - enlarge_chunks_in_place: 1.
 - new_chunks_are_fully_committed: 0.
 - uncommit_free_chunks: 1.
 - use_allocation_guard: 0.
 - handle_deallocations: 1.


Internal statistics:

num_allocs_failed_limit: 0.
num_arena_births: 42.
num_arena_deaths: 0.
num_vsnodes_births: 4.
num_vsnodes_deaths: 0.
num_space_committed: 327.
num_space_uncommitted: 0.
num_chunks_returned_to_freelist: 0.
num_chunks_taken_from_freelist: 616.
num_chunk_merges: 0.
num_chunk_splits: 549.
num_chunks_enlarged: 514.
num_purges: 0.

CodeHeap 'non-profiled nmethods': size=120000Kb used=2387Kb max_used=2387Kb free=117612Kb
 bounds [0x00000202b5970000, 0x00000202b5be0000, 0x00000202bcea0000]
CodeHeap 'profiled nmethods': size=120000Kb used=6993Kb max_used=6993Kb free=113006Kb
 bounds [0x00000202ae440000, 0x00000202aeb20000, 0x00000202b5970000]
CodeHeap 'non-nmethods': size=5760Kb used=1951Kb max_used=1972Kb free=3808Kb
 bounds [0x00000202adea0000, 0x00000202ae110000, 0x00000202ae440000]
 total_blobs=4319 nmethods=2901 adapters=1330
 compilation: enabled
              stopped_count=0, restarted_count=0
 full_count=0

Compilation events (20 events):
Event: 1018.540 Thread 0x00000202c98427f0 2909       1       java.time.temporal.ChronoField::range (5 bytes)
Event: 1018.540 Thread 0x00000202c98427f0 nmethod 2909 0x00000202b5bc1b90 code [0x00000202b5bc1d20, 0x00000202b5bc1df8]
Event: 1018.543 Thread 0x00000202c8e03120 2910       4       java.util.zip.ZipCoder$UTF8ZipCoder::hasTrailingSlash (20 bytes)
Event: 1018.544 Thread 0x00000202c8e03120 nmethod 2910 0x00000202b5bc1e90 code [0x00000202b5bc2020, 0x00000202b5bc20f8]
Event: 1018.682 Thread 0x00000202c8e03120 2911       4       jdk.internal.loader.NativeLibraries$NativeLibraryImpl::find (6 bytes)
Event: 1018.682 Thread 0x00000202c8e03120 nmethod 2911 0x00000202b5bc2210 code [0x00000202b5bc23a0, 0x00000202b5bc2448]
Event: 1018.688 Thread 0x00000202c8e03120 2912       4       java.util.HashMap$HashIterator::hasNext (13 bytes)
Event: 1018.688 Thread 0x00000202c8e03120 nmethod 2912 0x00000202b5bc2510 code [0x00000202b5bc2680, 0x00000202b5bc2718]
Event: 1018.689 Thread 0x00000202c98427f0 2914   !   3       jdk.proxy2.$Proxy2::link (29 bytes)
Event: 1018.689 Thread 0x00000202c8e03120 2913       4       sun.reflect.annotation.AnnotationInvocationHandler::invoke (178 bytes)
Event: 1018.689 Thread 0x00000202c98427f0 nmethod 2914 0x00000202aeb10710 code [0x00000202aeb108e0, 0x00000202aeb10cb8]
Event: 1018.707 Thread 0x00000202c8e03120 nmethod 2913 0x00000202b5bc2810 code [0x00000202b5bc2a60, 0x00000202b5bc3c98]
Event: 1018.733 Thread 0x00000202c98427f0 2915       3       org.bytedeco.javacpp.ClassProperties::addAll (199 bytes)
Event: 1018.735 Thread 0x00000202c98427f0 nmethod 2915 0x00000202aeb10e90 code [0x00000202aeb112a0, 0x00000202aeb12dc8]
Event: 1018.735 Thread 0x00000202c98427f0 2916   !   3       jdk.proxy2.$Proxy2::compiler (29 bytes)
Event: 1018.735 Thread 0x00000202c98427f0 nmethod 2916 0x00000202aeb13590 code [0x00000202aeb13760, 0x00000202aeb13b38]
Event: 1018.735 Thread 0x00000202c98427f0 2917   !   3       jdk.proxy2.$Proxy2::define (29 bytes)
Event: 1018.735 Thread 0x00000202c98427f0 nmethod 2917 0x00000202aeb13d10 code [0x00000202aeb13ee0, 0x00000202aeb142b8]
Event: 1018.781 Thread 0x00000202c8e03120 2918       4       java.util.ArrayList::toArray (57 bytes)
Event: 1018.784 Thread 0x00000202c8e03120 nmethod 2918 0x00000202b5bc4610 code [0x00000202b5bc47a0, 0x00000202b5bc4d58]

GC Heap History (12 events):
Event: 0.391 GC heap before
{Heap before GC invocations=0 (full 0):
 garbage-first heap   total 260096K, used 20480K [0x0000000703800000, 0x0000000800000000)
  region size 2048K, 10 young (20480K), 0 survivors (0K)
 Metaspace       used 738K, committed 960K, reserved 1056768K
  class space    used 18K, committed 128K, reserved 1048576K
}
Event: 0.395 GC heap after
{Heap after GC invocations=1 (full 0):
 garbage-first heap   total 260096K, used 14817K [0x0000000703800000, 0x0000000800000000)
  region size 2048K, 2 young (4096K), 2 survivors (4096K)
 Metaspace       used 738K, committed 960K, reserved 1056768K
  class space    used 18K, committed 128K, reserved 1048576K
}
Event: 0.541 GC heap before
{Heap before GC invocations=1 (full 0):
 garbage-first heap   total 260096K, used 37345K [0x0000000703800000, 0x0000000800000000)
  region size 2048K, 7 young (14336K), 2 survivors (4096K)
 Metaspace       used 1684K, committed 1792K, reserved 1056768K
  class space    used 112K, committed 192K, reserved 1048576K
}
Event: 0.543 GC heap after
{Heap after GC invocations=2 (full 0):
 garbage-first heap   total 260096K, used 29249K [0x0000000703800000, 0x0000000800000000)
  region size 2048K, 1 young (2048K), 1 survivors (2048K)
 Metaspace       used 1684K, committed 1792K, reserved 1056768K
  class space    used 112K, committed 192K, reserved 1048576K
}
Event: 0.778 GC heap before
{Heap before GC invocations=2 (full 0):
 garbage-first heap   total 260096K, used 55873K [0x0000000703800000, 0x0000000800000000)
  region size 2048K, 15 young (30720K), 1 survivors (2048K)
 Metaspace       used 2891K, committed 3072K, reserved 1056768K
  class space    used 187K, committed 256K, reserved 1048576K
}
Event: 0.779 GC heap after
{Heap after GC invocations=3 (full 0):
 garbage-first heap   total 260096K, used 28438K [0x0000000703800000, 0x0000000800000000)
  region size 2048K, 1 young (2048K), 1 survivors (2048K)
 Metaspace       used 2891K, committed 3072K, reserved 1056768K
  class space    used 187K, committed 256K, reserved 1048576K
}
Event: 2.007 GC heap before
{Heap before GC invocations=3 (full 0):
 garbage-first heap   total 260096K, used 188182K [0x0000000703800000, 0x0000000800000000)
  region size 2048K, 76 young (155648K), 1 survivors (2048K)
 Metaspace       used 7231K, committed 7424K, reserved 1064960K
  class space    used 244K, committed 320K, reserved 1048576K
}
Event: 2.008 GC heap after
{Heap after GC invocations=4 (full 0):
 garbage-first heap   total 260096K, used 29058K [0x0000000703800000, 0x0000000800000000)
  region size 2048K, 1 young (2048K), 1 survivors (2048K)
 Metaspace       used 7231K, committed 7424K, reserved 1064960K
  class space    used 244K, committed 320K, reserved 1048576K
}
Event: 2.899 GC heap before
{Heap before GC invocations=4 (full 0):
 garbage-first heap   total 260096K, used 182658K [0x0000000703800000, 0x0000000800000000)
  region size 2048K, 76 young (155648K), 1 survivors (2048K)
 Metaspace       used 7241K, committed 7424K, reserved 1064960K
  class space    used 244K, committed 320K, reserved 1048576K
}
Event: 2.900 GC heap after
{Heap after GC invocations=5 (full 0):
 garbage-first heap   total 260096K, used 29120K [0x0000000703800000, 0x0000000800000000)
  region size 2048K, 1 young (2048K), 1 survivors (2048K)
 Metaspace       used 7241K, committed 7424K, reserved 1064960K
  class space    used 244K, committed 320K, reserved 1048576K
}
Event: 5.768 GC heap before
{Heap before GC invocations=5 (full 0):
 garbage-first heap   total 260096K, used 195008K [0x0000000703800000, 0x0000000800000000)
  region size 2048K, 76 young (155648K), 1 survivors (2048K)
 Metaspace       used 17103K, committed 17280K, reserved 1064960K
  class space    used 1600K, committed 1664K, reserved 1048576K
}
Event: 5.771 GC heap after
{Heap after GC invocations=6 (full 0):
 garbage-first heap   total 260096K, used 43072K [0x0000000703800000, 0x0000000800000000)
  region size 2048K, 2 young (4096K), 2 survivors (4096K)
 Metaspace       used 17103K, committed 17280K, reserved 1064960K
  class space    used 1600K, committed 1664K, reserved 1048576K
}

Deoptimization events (20 events):
Event: 867.833 Thread 0x00000202a675b060 Uncommon trap: trap_request=0xffffffbe fr.pc=0x00000202b5bb43b0 relative=0x00000000000033b0
Event: 867.833 Thread 0x00000202a675b060 Uncommon trap: reason=profile_predicate action=maybe_recompile pc=0x00000202b5bb43b0 method=org.nd4j.linalg.api.shape.Shape.newShapeNoCopy(Lorg/nd4j/linalg/api/ndarray/INDArray;[JZ)Lorg/nd4j/linalg/api/ndarray/INDArray; @ 41 c2
Event: 867.833 Thread 0x00000202a675b060 DEOPT PACKING pc=0x00000202b5bb43b0 sp=0x000000e44dbfe6c0
Event: 867.833 Thread 0x00000202a675b060 DEOPT UNPACKING pc=0x00000202adeed72e sp=0x000000e44dbfe638 mode 2
Event: 870.667 Thread 0x00000202a675b060 Uncommon trap: trap_request=0xffffffbe fr.pc=0x00000202b5bb43b0 relative=0x00000000000033b0
Event: 870.667 Thread 0x00000202a675b060 Uncommon trap: reason=profile_predicate action=maybe_recompile pc=0x00000202b5bb43b0 method=org.nd4j.linalg.api.shape.Shape.newShapeNoCopy(Lorg/nd4j/linalg/api/ndarray/INDArray;[JZ)Lorg/nd4j/linalg/api/ndarray/INDArray; @ 41 c2
Event: 870.667 Thread 0x00000202a675b060 DEOPT PACKING pc=0x00000202b5bb43b0 sp=0x000000e44dbfe6b0
Event: 870.667 Thread 0x00000202a675b060 DEOPT UNPACKING pc=0x00000202adeed72e sp=0x000000e44dbfe640 mode 2
Event: 1018.425 Thread 0x00000202ca757ae0 Uncommon trap: trap_request=0xffffff45 fr.pc=0x00000202b5bad8d4 relative=0x00000000000002b4
Event: 1018.425 Thread 0x00000202ca757ae0 Uncommon trap: reason=unstable_if action=reinterpret pc=0x00000202b5bad8d4 method=java.lang.ThreadLocal$ThreadLocalMap.set(Ljava/lang/ThreadLocal;Ljava/lang/Object;)V @ 28 c2
Event: 1018.425 Thread 0x00000202ca757ae0 DEOPT PACKING pc=0x00000202b5bad8d4 sp=0x000000e4508f9890
Event: 1018.425 Thread 0x00000202ca757ae0 DEOPT UNPACKING pc=0x00000202adeed72e sp=0x000000e4508f97c0 mode 2
Event: 1018.533 Thread 0x00000202ca757ae0 Uncommon trap: trap_request=0xffffffdc fr.pc=0x00000202b5babdd4 relative=0x00000000000002b4
Event: 1018.533 Thread 0x00000202ca757ae0 Uncommon trap: reason=class_check action=make_not_entrant pc=0x00000202b5babdd4 method=java.util.ArrayList.toArray([Ljava/lang/Object;)[Ljava/lang/Object; @ 21 c2
Event: 1018.533 Thread 0x00000202ca757ae0 DEOPT PACKING pc=0x00000202b5babdd4 sp=0x000000e4508f9c00
Event: 1018.533 Thread 0x00000202ca757ae0 DEOPT UNPACKING pc=0x00000202adeed72e sp=0x000000e4508f9bd0 mode 2
Event: 1018.533 Thread 0x00000202ca757ae0 Uncommon trap: trap_request=0xffffffcc fr.pc=0x00000202b5b7ac68 relative=0x00000000000001c8
Event: 1018.533 Thread 0x00000202ca757ae0 Uncommon trap: reason=intrinsic_or_type_checked_inlining action=make_not_entrant pc=0x00000202b5b7ac68 method=java.util.Arrays.copyOf([Ljava/lang/Object;ILjava/lang/Class;)[Ljava/lang/Object; @ 35 c2
Event: 1018.533 Thread 0x00000202ca757ae0 DEOPT PACKING pc=0x00000202b5b7ac68 sp=0x000000e4508f9b90
Event: 1018.533 Thread 0x00000202ca757ae0 DEOPT UNPACKING pc=0x00000202adeed72e sp=0x000000e4508f9b38 mode 2

Classes unloaded (0 events):
No events

Classes redefined (0 events):
No events

Internal exceptions (13 events):
Event: 0.410 Thread 0x00000202ca31c370 Exception <a 'java/lang/NoSuchMethodError'{0x0000000713504930}: 'java.lang.Object java.lang.invoke.DirectMethodHandle$Holder.invokeStatic(java.lang.Object)'> (0x0000000713504930) 
thrown [t:\workspace\open\src\hotspot\share\interpreter\linkResolver.cpp, line 790]
Event: 0.410 Thread 0x00000202ca31c370 Exception <a 'java/lang/NoSuchMethodError'{0x0000000713508240}: 'java.lang.Object java.lang.invoke.DirectMethodHandle$Holder.invokeStaticInit(java.lang.Object)'> (0x0000000713508240) 
thrown [t:\workspace\open\src\hotspot\share\interpreter\linkResolver.cpp, line 790]
Event: 0.418 Thread 0x00000202ca31c370 Exception <a 'java/lang/NoSuchMethodError'{0x0000000713236f48}: 'void java.lang.invoke.DirectMethodHandle$Holder.invokeStatic(java.lang.Object, java.lang.Object)'> (0x0000000713236f48) 
thrown [t:\workspace\open\src\hotspot\share\interpreter\linkResolver.cpp, line 790]
Event: 0.439 Thread 0x00000202a675b060 Exception <a 'java/lang/NoSuchMethodError'{0x00000007132bca88}: 'void java.lang.invoke.DirectMethodHandle$Holder.invokeSpecial(java.lang.Object, java.lang.Object, java.lang.Object)'> (0x00000007132bca88) 
thrown [t:\workspace\open\src\hotspot\share\interpreter\linkResolver.cpp, line 790]
Event: 0.617 Thread 0x00000202a675b060 Exception <a 'java/lang/NoSuchMethodError'{0x0000000711ea7d18}: 'int java.lang.invoke.DirectMethodHandle$Holder.invokeStaticInit(java.lang.Object, java.lang.Object, java.lang.Object, java.lang.Object)'> (0x0000000711ea7d18) 
thrown [t:\workspace\open\src\hotspot\share\interpreter\linkResolver.cpp, line 790]
Event: 0.621 Thread 0x00000202a675b060 Exception <a 'java/lang/NoSuchMethodError'{0x0000000711eb26f8}: 'java.lang.Object java.lang.invoke.DirectMethodHandle$Holder.invokeInterface(java.lang.Object, java.lang.Object)'> (0x0000000711eb26f8) 
thrown [t:\workspace\open\src\hotspot\share\interpreter\linkResolver.cpp, line 790]
Event: 0.621 Thread 0x00000202a675b060 Exception <a 'java/lang/IncompatibleClassChangeError'{0x0000000711eb5f70}: Found class java.lang.Object, but interface was expected> (0x0000000711eb5f70) 
thrown [t:\workspace\open\src\hotspot\share\interpreter\linkResolver.cpp, line 857]
Event: 0.622 Thread 0x00000202a675b060 Exception <a 'java/lang/NoSuchMethodError'{0x0000000711eb9028}: 'void java.lang.invoke.DirectMethodHandle$Holder.invokeStaticInit(java.lang.Object, java.lang.Object)'> (0x0000000711eb9028) 
thrown [t:\workspace\open\src\hotspot\share\interpreter\linkResolver.cpp, line 790]
Event: 0.623 Thread 0x00000202a675b060 Exception <a 'java/lang/NoSuchMethodError'{0x0000000711ebefb0}: 'int java.lang.invoke.DirectMethodHandle$Holder.invokeStaticInit(java.lang.Object, java.lang.Object)'> (0x0000000711ebefb0) 
thrown [t:\workspace\open\src\hotspot\share\interpreter\linkResolver.cpp, line 790]
Event: 1.021 Thread 0x00000202a675b060 Exception <a 'sun/nio/fs/WindowsException'{0x0000000712591cb8}> (0x0000000712591cb8) 
thrown [t:\workspace\open\src\hotspot\share\prims\jni.cpp, line 579]
Event: 1.022 Thread 0x00000202a675b060 Exception <a 'sun/nio/fs/WindowsException'{0x0000000712591ce8}> (0x0000000712591ce8) 
thrown [t:\workspace\open\src\hotspot\share\prims\jni.cpp, line 579]
Event: 5.578 Thread 0x00000202a675b060 Exception <a 'java/lang/NoSuchMethodError'{0x000000070a459770}: 'java.lang.Object java.lang.invoke.DirectMethodHandle$Holder.invokeStaticInit(java.lang.Object, int, int, int, int)'> (0x000000070a459770) 
thrown [t:\workspace\open\src\hotspot\share\interpreter\linkResolver.cpp, line 790]
Event: 5.612 Thread 0x00000202a675b060 Exception <a 'java/lang/NoSuchMethodError'{0x000000070a476678}: 'java.lang.Object java.lang.invoke.DirectMethodHandle$Holder.invokeStaticInit(java.lang.Object, java.lang.Object, int, int, int, int)'> (0x000000070a476678) 
thrown [t:\workspace\open\src\hotspot\share\interpreter\linkResolver.cpp, line 790]

Events (20 events):
Event: 720.420 Executing  VM operation: Cleanup
Event: 720.420 Executing  VM operation: Cleanup done
Event: 725.496 Executing  VM operation: Cleanup
Event: 725.496 Executing  VM operation: Cleanup done
Event: 743.718 Executing  VM operation: Cleanup
Event: 743.718 Executing  VM operation: Cleanup done
Event: 756.888 Executing  VM operation: Cleanup
Event: 756.906 Executing  VM operation: Cleanup done
Event: 794.352 Executing  VM operation: Cleanup
Event: 794.352 Executing  VM operation: Cleanup done
Event: 813.604 Executing  VM operation: Cleanup
Event: 813.604 Executing  VM operation: Cleanup done
Event: 851.223 loading class java/util/DualPivotQuicksort$Sorter
Event: 851.225 loading class java/util/DualPivotQuicksort$Sorter done
Event: 957.417 Executing  VM operation: Cleanup
Event: 957.417 Executing  VM operation: Cleanup done
Event: 960.457 Executing  VM operation: Cleanup
Event: 960.457 Executing  VM operation: Cleanup done
Event: 1018.600 Loaded shared library C:\Users\bsc_49_16\.javacpp\cache\leptonica-1.80.0-1.5.5-windows-x86_64.jar\org\bytedeco\leptonica\windows-x86_64\liblept-5.dll
Event: 1018.656 Loaded shared library C:\Users\bsc_49_16\.javacpp\cache\leptonica-1.80.0-1.5.5-windows-x86_64.jar\org\bytedeco\leptonica\windows-x86_64\jnilept.dll


Dynamic libraries:
0x00007ff6de790000 - 0x00007ff6de7a0000 	C:\Program Files\Java\jdk-16\bin\java.exe
0x00007ffe48910000 - 0x00007ffe48b05000 	C:\WINDOWS\SYSTEM32\ntdll.dll
0x00007ffe46bb0000 - 0x00007ffe46c6e000 	C:\WINDOWS\System32\KERNEL32.DLL
0x00007ffe462d0000 - 0x00007ffe46598000 	C:\WINDOWS\System32\KERNELBASE.dll
0x00007ffe465a0000 - 0x00007ffe466a0000 	C:\WINDOWS\System32\ucrtbase.dll
0x00007ffe43870000 - 0x00007ffe43888000 	C:\Program Files\Java\jdk-16\bin\jli.dll
0x00007ffe438d0000 - 0x00007ffe438e9000 	C:\Program Files\Java\jdk-16\bin\VCRUNTIME140.dll
0x00007ffe46a20000 - 0x00007ffe46acc000 	C:\WINDOWS\System32\ADVAPI32.dll
0x00007ffe48180000 - 0x00007ffe4821e000 	C:\WINDOWS\System32\msvcrt.dll
0x00007ffe480e0000 - 0x00007ffe4817b000 	C:\WINDOWS\System32\sechost.dll
0x00007ffe46cd0000 - 0x00007ffe46dfa000 	C:\WINDOWS\System32\RPCRT4.dll
0x00007ffe47eb0000 - 0x00007ffe48051000 	C:\WINDOWS\System32\USER32.dll
0x00007ffe46730000 - 0x00007ffe46752000 	C:\WINDOWS\System32\win32u.dll
0x00007ffe19a80000 - 0x00007ffe19d1a000 	C:\WINDOWS\WinSxS\amd64_microsoft.windows.common-controls_6595b64144ccf1df_6.0.19041.1110_none_60b5254171f9507e\COMCTL32.dll
0x00007ffe48490000 - 0x00007ffe484bb000 	C:\WINDOWS\System32\GDI32.dll
0x00007ffe46810000 - 0x00007ffe4691d000 	C:\WINDOWS\System32\gdi32full.dll
0x00007ffe46020000 - 0x00007ffe460bd000 	C:\WINDOWS\System32\msvcp_win.dll
0x00007ffe3f590000 - 0x00007ffe3f59a000 	C:\WINDOWS\SYSTEM32\VERSION.dll
0x00007ffe46970000 - 0x00007ffe469a0000 	C:\WINDOWS\System32\IMM32.DLL
0x00007ffe43860000 - 0x00007ffe4386c000 	C:\Program Files\Java\jdk-16\bin\vcruntime140_1.dll
0x00007ffe0d550000 - 0x00007ffe0d5e1000 	C:\Program Files\Java\jdk-16\bin\msvcp140.dll
0x00007ffdd13e0000 - 0x00007ffdd1f8b000 	C:\Program Files\Java\jdk-16\bin\server\jvm.dll
0x00007ffe46950000 - 0x00007ffe46958000 	C:\WINDOWS\System32\PSAPI.DLL
0x00007ffe43890000 - 0x00007ffe43899000 	C:\WINDOWS\SYSTEM32\WSOCK32.dll
0x00007ffe1c300000 - 0x00007ffe1c327000 	C:\WINDOWS\SYSTEM32\WINMM.dll
0x00007ffe48300000 - 0x00007ffe4836b000 	C:\WINDOWS\System32\WS2_32.dll
0x00007ffe43f30000 - 0x00007ffe43f42000 	C:\WINDOWS\SYSTEM32\kernel.appcore.dll
0x00007ffe43850000 - 0x00007ffe4385a000 	C:\Program Files\Java\jdk-16\bin\jimage.dll
0x00007ffe39740000 - 0x00007ffe39924000 	C:\WINDOWS\SYSTEM32\DBGHELP.DLL
0x00007ffe39d40000 - 0x00007ffe39d6c000 	C:\WINDOWS\SYSTEM32\dbgcore.DLL
0x00007ffe466a0000 - 0x00007ffe46722000 	C:\WINDOWS\System32\bcryptPrimitives.dll
0x00007ffe40150000 - 0x00007ffe4015e000 	C:\Program Files\Java\jdk-16\bin\instrument.dll
0x00007ffe3bd20000 - 0x00007ffe3bd45000 	C:\Program Files\Java\jdk-16\bin\java.dll
0x00007ffe47700000 - 0x00007ffe47e44000 	C:\WINDOWS\System32\SHELL32.dll
0x00007ffe44130000 - 0x00007ffe448c4000 	C:\WINDOWS\SYSTEM32\windows.storage.dll
0x00007ffe48570000 - 0x00007ffe488c5000 	C:\WINDOWS\System32\combase.dll
0x00007ffe45a70000 - 0x00007ffe45a9e000 	C:\WINDOWS\SYSTEM32\Wldp.dll
0x00007ffe46e00000 - 0x00007ffe46ead000 	C:\WINDOWS\System32\SHCORE.dll
0x00007ffe476a0000 - 0x00007ffe476f5000 	C:\WINDOWS\System32\shlwapi.dll
0x00007ffe45f60000 - 0x00007ffe45f7f000 	C:\WINDOWS\SYSTEM32\profapi.dll
0x00007ffe1e5f0000 - 0x00007ffe1e608000 	C:\Program Files\Java\jdk-16\bin\zip.dll
0x00007ffe1e760000 - 0x00007ffe1e779000 	C:\Program Files\Java\jdk-16\bin\net.dll
0x00007ffe3c3d0000 - 0x00007ffe3c4dc000 	C:\WINDOWS\SYSTEM32\WINHTTP.dll
0x00007ffe457d0000 - 0x00007ffe4583a000 	C:\WINDOWS\system32\mswsock.dll
0x00007ffe1e630000 - 0x00007ffe1e643000 	C:\Program Files\Java\jdk-16\bin\nio.dll
0x00007ffe11140000 - 0x00007ffe1115a000 	D:\Programs\IntelliJ IDEA 2020.3.2\bin\breakgen64.dll
0x00007ffe437b0000 - 0x00007ffe437c0000 	C:\Program Files\Java\jdk-16\bin\verify.dll
0x00000202c8f40000 - 0x00000202c8f43000 	C:\Users\bsc_49_16\.javacpp\cache\javacpp-1.5.5-windows-x86_64.jar\org\bytedeco\javacpp\windows-x86_64\api-ms-win-crt-locale-l1-1-0.dll
0x00000202c8f50000 - 0x00000202c8f54000 	C:\Users\bsc_49_16\.javacpp\cache\javacpp-1.5.5-windows-x86_64.jar\org\bytedeco\javacpp\windows-x86_64\api-ms-win-crt-string-l1-1-0.dll
0x00000202c8f60000 - 0x00000202c8f64000 	C:\Users\bsc_49_16\.javacpp\cache\javacpp-1.5.5-windows-x86_64.jar\org\bytedeco\javacpp\windows-x86_64\api-ms-win-crt-stdio-l1-1-0.dll
0x00000202c8f70000 - 0x00000202c8f75000 	C:\Users\bsc_49_16\.javacpp\cache\javacpp-1.5.5-windows-x86_64.jar\org\bytedeco\javacpp\windows-x86_64\api-ms-win-crt-math-l1-1-0.dll
0x00000202c8f80000 - 0x00000202c8f83000 	C:\Users\bsc_49_16\.javacpp\cache\javacpp-1.5.5-windows-x86_64.jar\org\bytedeco\javacpp\windows-x86_64\api-ms-win-crt-heap-l1-1-0.dll
0x00000202c8f90000 - 0x00000202c8f94000 	C:\Users\bsc_49_16\.javacpp\cache\javacpp-1.5.5-windows-x86_64.jar\org\bytedeco\javacpp\windows-x86_64\api-ms-win-crt-runtime-l1-1-0.dll
0x00000202c8fa0000 - 0x00000202c8fa4000 	C:\Users\bsc_49_16\.javacpp\cache\javacpp-1.5.5-windows-x86_64.jar\org\bytedeco\javacpp\windows-x86_64\api-ms-win-crt-convert-l1-1-0.dll
0x00000202c8fb0000 - 0x00000202c8fb3000 	C:\Users\bsc_49_16\.javacpp\cache\javacpp-1.5.5-windows-x86_64.jar\org\bytedeco\javacpp\windows-x86_64\api-ms-win-crt-environment-l1-1-0.dll
0x00000202c8fc0000 - 0x00000202c8fc3000 	C:\Users\bsc_49_16\.javacpp\cache\javacpp-1.5.5-windows-x86_64.jar\org\bytedeco\javacpp\windows-x86_64\api-ms-win-crt-time-l1-1-0.dll
0x00000202c8fd0000 - 0x00000202c8fd3000 	C:\Users\bsc_49_16\.javacpp\cache\javacpp-1.5.5-windows-x86_64.jar\org\bytedeco\javacpp\windows-x86_64\api-ms-win-crt-filesystem-l1-1-0.dll
0x00000202c8fe0000 - 0x00000202c8fe3000 	C:\Users\bsc_49_16\.javacpp\cache\javacpp-1.5.5-windows-x86_64.jar\org\bytedeco\javacpp\windows-x86_64\api-ms-win-crt-utility-l1-1-0.dll
0x00000202c8ff0000 - 0x00000202c8ff5000 	C:\Users\bsc_49_16\.javacpp\cache\javacpp-1.5.5-windows-x86_64.jar\org\bytedeco\javacpp\windows-x86_64\api-ms-win-crt-multibyte-l1-1-0.dll
0x00000202cc3a0000 - 0x00000202cc3a3000 	C:\Users\bsc_49_16\.javacpp\cache\javacpp-1.5.5-windows-x86_64.jar\org\bytedeco\javacpp\windows-x86_64\api-ms-win-core-string-l1-1-0.dll
0x00000202cc3b0000 - 0x00000202cc3b3000 	C:\Users\bsc_49_16\.javacpp\cache\javacpp-1.5.5-windows-x86_64.jar\org\bytedeco\javacpp\windows-x86_64\api-ms-win-core-errorhandling-l1-1-0.dll
0x00000202cc3c0000 - 0x00000202cc3c3000 	C:\Users\bsc_49_16\.javacpp\cache\javacpp-1.5.5-windows-x86_64.jar\org\bytedeco\javacpp\windows-x86_64\api-ms-win-core-timezone-l1-1-0.dll
0x00000202cc3d0000 - 0x00000202cc3d4000 	C:\Users\bsc_49_16\.javacpp\cache\javacpp-1.5.5-windows-x86_64.jar\org\bytedeco\javacpp\windows-x86_64\api-ms-win-core-file-l1-1-0.dll
0x00000202cc3e0000 - 0x00000202cc3e3000 	C:\Users\bsc_49_16\.javacpp\cache\javacpp-1.5.5-windows-x86_64.jar\org\bytedeco\javacpp\windows-x86_64\api-ms-win-core-namedpipe-l1-1-0.dll
0x00000202cc3f0000 - 0x00000202cc3f3000 	C:\Users\bsc_49_16\.javacpp\cache\javacpp-1.5.5-windows-x86_64.jar\org\bytedeco\javacpp\windows-x86_64\api-ms-win-core-handle-l1-1-0.dll
0x00000202cc400000 - 0x00000202cc403000 	C:\Users\bsc_49_16\.javacpp\cache\javacpp-1.5.5-windows-x86_64.jar\org\bytedeco\javacpp\windows-x86_64\api-ms-win-core-file-l2-1-0.dll
0x00000202cc410000 - 0x00000202cc413000 	C:\Users\bsc_49_16\.javacpp\cache\javacpp-1.5.5-windows-x86_64.jar\org\bytedeco\javacpp\windows-x86_64\api-ms-win-core-heap-l1-1-0.dll
0x00000202cc560000 - 0x00000202cc563000 	C:\Users\bsc_49_16\.javacpp\cache\javacpp-1.5.5-windows-x86_64.jar\org\bytedeco\javacpp\windows-x86_64\api-ms-win-core-libraryloader-l1-1-0.dll
0x00000202cc420000 - 0x00000202cc423000 	C:\Users\bsc_49_16\.javacpp\cache\javacpp-1.5.5-windows-x86_64.jar\org\bytedeco\javacpp\windows-x86_64\api-ms-win-core-synch-l1-1-0.dll
0x00000202cc430000 - 0x00000202cc433000 	C:\Users\bsc_49_16\.javacpp\cache\javacpp-1.5.5-windows-x86_64.jar\org\bytedeco\javacpp\windows-x86_64\api-ms-win-core-processthreads-l1-1-0.dll
0x00000202cc440000 - 0x00000202cc443000 	C:\Users\bsc_49_16\.javacpp\cache\javacpp-1.5.5-windows-x86_64.jar\org\bytedeco\javacpp\windows-x86_64\api-ms-win-core-processenvironment-l1-1-0.dll
0x00000202cc450000 - 0x00000202cc453000 	C:\Users\bsc_49_16\.javacpp\cache\javacpp-1.5.5-windows-x86_64.jar\org\bytedeco\javacpp\windows-x86_64\api-ms-win-core-datetime-l1-1-0.dll
0x00000202cc460000 - 0x00000202cc463000 	C:\Users\bsc_49_16\.javacpp\cache\javacpp-1.5.5-windows-x86_64.jar\org\bytedeco\javacpp\windows-x86_64\api-ms-win-core-localization-l1-2-0.dll
0x00000202cc470000 - 0x00000202cc473000 	C:\Users\bsc_49_16\.javacpp\cache\javacpp-1.5.5-windows-x86_64.jar\org\bytedeco\javacpp\windows-x86_64\api-ms-win-core-sysinfo-l1-1-0.dll
0x00000202cc480000 - 0x00000202cc483000 	C:\Users\bsc_49_16\.javacpp\cache\javacpp-1.5.5-windows-x86_64.jar\org\bytedeco\javacpp\windows-x86_64\api-ms-win-core-synch-l1-2-0.dll
0x00000202cc490000 - 0x00000202cc493000 	C:\Users\bsc_49_16\.javacpp\cache\javacpp-1.5.5-windows-x86_64.jar\org\bytedeco\javacpp\windows-x86_64\api-ms-win-core-console-l1-1-0.dll
0x00000202cc4a0000 - 0x00000202cc4a3000 	C:\Users\bsc_49_16\.javacpp\cache\javacpp-1.5.5-windows-x86_64.jar\org\bytedeco\javacpp\windows-x86_64\api-ms-win-core-debug-l1-1-0.dll
0x00000202cc4b0000 - 0x00000202cc4b3000 	C:\Users\bsc_49_16\.javacpp\cache\javacpp-1.5.5-windows-x86_64.jar\org\bytedeco\javacpp\windows-x86_64\api-ms-win-core-rtlsupport-l1-1-0.dll
0x00000202cc4c0000 - 0x00000202cc4c3000 	C:\Users\bsc_49_16\.javacpp\cache\javacpp-1.5.5-windows-x86_64.jar\org\bytedeco\javacpp\windows-x86_64\api-ms-win-core-processthreads-l1-1-1.dll
0x00000202cc4d0000 - 0x00000202cc4d3000 	C:\Users\bsc_49_16\.javacpp\cache\javacpp-1.5.5-windows-x86_64.jar\org\bytedeco\javacpp\windows-x86_64\api-ms-win-core-file-l1-2-0.dll
0x00000202cc4e0000 - 0x00000202cc4e3000 	C:\Users\bsc_49_16\.javacpp\cache\javacpp-1.5.5-windows-x86_64.jar\org\bytedeco\javacpp\windows-x86_64\api-ms-win-core-profile-l1-1-0.dll
0x00000202cc4f0000 - 0x00000202cc4f3000 	C:\Users\bsc_49_16\.javacpp\cache\javacpp-1.5.5-windows-x86_64.jar\org\bytedeco\javacpp\windows-x86_64\api-ms-win-core-memory-l1-1-0.dll
0x00000202cc500000 - 0x00000202cc503000 	C:\Users\bsc_49_16\.javacpp\cache\javacpp-1.5.5-windows-x86_64.jar\org\bytedeco\javacpp\windows-x86_64\api-ms-win-core-util-l1-1-0.dll
0x00000202cc510000 - 0x00000202cc513000 	C:\Users\bsc_49_16\.javacpp\cache\javacpp-1.5.5-windows-x86_64.jar\org\bytedeco\javacpp\windows-x86_64\api-ms-win-core-interlocked-l1-1-0.dll
0x00007ffdf38f0000 - 0x00007ffdf39ea000 	C:\Users\bsc_49_16\.javacpp\cache\javacpp-1.5.5-windows-x86_64.jar\org\bytedeco\javacpp\windows-x86_64\ucrtbase.dll
0x00007ffe11120000 - 0x00007ffe11135000 	C:\Users\bsc_49_16\.javacpp\cache\javacpp-1.5.5-windows-x86_64.jar\org\bytedeco\javacpp\windows-x86_64\vcruntime140.dll
0x00007ffe11b50000 - 0x00007ffe11b5c000 	C:\Users\bsc_49_16\.javacpp\cache\javacpp-1.5.5-windows-x86_64.jar\org\bytedeco\javacpp\windows-x86_64\vcruntime140_1.dll
0x00007ffe0c300000 - 0x00007ffe0c39b000 	C:\Users\bsc_49_16\.javacpp\cache\javacpp-1.5.5-windows-x86_64.jar\org\bytedeco\javacpp\windows-x86_64\msvcp140.dll
0x00007ffe11780000 - 0x00007ffe11789000 	C:\Users\bsc_49_16\.javacpp\cache\javacpp-1.5.5-windows-x86_64.jar\org\bytedeco\javacpp\windows-x86_64\msvcp140_1.dll
0x00007ffe0c670000 - 0x00007ffe0c6c1000 	C:\Users\bsc_49_16\.javacpp\cache\javacpp-1.5.5-windows-x86_64.jar\org\bytedeco\javacpp\windows-x86_64\concrt140.dll
0x00007ffe110f0000 - 0x00007ffe11117000 	C:\Users\bsc_49_16\.javacpp\cache\javacpp-1.5.5-windows-x86_64.jar\org\bytedeco\javacpp\windows-x86_64\vcomp140.dll
0x00007ffe11710000 - 0x00007ffe1171e000 	C:\Users\bsc_49_16\.javacpp\cache\javacpp-1.5.5-windows-x86_64.jar\org\bytedeco\javacpp\windows-x86_64\jnijavacpp.dll
0x000000006d7c0000 - 0x000000006f2cd000 	C:\Users\bsc_49_16\.javacpp\cache\openblas-0.3.13-1.5.5-windows-x86_64.jar\org\bytedeco\openblas\windows-x86_64\libopenblas_nolapack.dll
0x00007ffe04960000 - 0x00007ffe049bd000 	C:\Users\bsc_49_16\.javacpp\cache\openblas-0.3.13-1.5.5-windows-x86_64.jar\org\bytedeco\openblas\windows-x86_64\jniopenblas_nolapack.dll
0x0000000000450000 - 0x0000000001f5d000 	C:\Users\bsc_49_16\.javacpp\cache\openblas-0.3.13-1.5.5-windows-x86_64.jar\org\bytedeco\openblas\windows-x86_64\libopenblas.dll
0x00007ffdc8400000 - 0x00007ffdc97f4000 	C:\Users\bsc_49_16\.javacpp\cache\openblas-0.3.13-1.5.5-windows-x86_64.jar\org\bytedeco\openblas\windows-x86_64\jniopenblas.dll
0x00007ffdd5500000 - 0x00007ffdd5963000 	C:\Users\bsc_49_16\.javacpp\cache\opencv-4.5.1-1.5.5-windows-x86_64.jar\org\bytedeco\opencv\windows-x86_64\opencv_core451.dll
0x00007ffdc7ce0000 - 0x00007ffdc83f8000 	C:\Users\bsc_49_16\.javacpp\cache\opencv-4.5.1-1.5.5-windows-x86_64.jar\org\bytedeco\opencv\windows-x86_64\opencv_imgproc451.dll
0x00007ffdd5270000 - 0x00007ffdd54f3000 	C:\Users\bsc_49_16\.javacpp\cache\opencv-4.5.1-1.5.5-windows-x86_64.jar\org\bytedeco\opencv\windows-x86_64\jniopencv_core.dll
0x00007ffe0e2f0000 - 0x00007ffe0e306000 	C:\Users\bsc_49_16\.javacpp\cache\nd4j-native-1.0.0-M1.1-windows-x86_64.jar\org\nd4j\nativeblas\windows-x86_64\libwinpthread-1.dll
0x00007ffe0e2d0000 - 0x00007ffe0e2ec000 	C:\Users\bsc_49_16\.javacpp\cache\nd4j-native-1.0.0-M1.1-windows-x86_64.jar\org\nd4j\nativeblas\windows-x86_64\libgcc_s_seh-1.dll
0x00007ffe04b00000 - 0x00007ffe04b42000 	C:\Users\bsc_49_16\.javacpp\cache\nd4j-native-1.0.0-M1.1-windows-x86_64.jar\org\nd4j\nativeblas\windows-x86_64\libgomp-1.dll
0x00007ffdd50c0000 - 0x00007ffdd526e000 	C:\Users\bsc_49_16\.javacpp\cache\nd4j-native-1.0.0-M1.1-windows-x86_64.jar\org\nd4j\nativeblas\windows-x86_64\libstdc++-6.dll
0x00007ffdb8490000 - 0x00007ffdc7cdf000 	C:\Users\bsc_49_16\.javacpp\cache\nd4j-native-1.0.0-M1.1-windows-x86_64.jar\org\nd4j\nativeblas\windows-x86_64\libnd4jcpu.dll
0x00007ffdd4420000 - 0x00007ffdd46d1000 	C:\Users\bsc_49_16\.javacpp\cache\nd4j-native-1.0.0-M1.1-windows-x86_64.jar\org\nd4j\nativeblas\windows-x86_64\jnind4jcpu.dll
0x00007ffe459c0000 - 0x00007ffe459d8000 	C:\WINDOWS\SYSTEM32\CRYPTSP.dll
0x00007ffe450e0000 - 0x00007ffe45114000 	C:\WINDOWS\system32\rsaenh.dll
0x00007ffe46920000 - 0x00007ffe46947000 	C:\WINDOWS\System32\bcrypt.dll
0x00007ffe45f20000 - 0x00007ffe45f4e000 	C:\WINDOWS\SYSTEM32\USERENV.dll
0x00007ffe459e0000 - 0x00007ffe459ec000 	C:\WINDOWS\SYSTEM32\CRYPTBASE.dll
0x00007ffe45470000 - 0x00007ffe454ab000 	C:\WINDOWS\SYSTEM32\IPHLPAPI.DLL
0x00007ffe46ad0000 - 0x00007ffe46ad8000 	C:\WINDOWS\System32\NSI.dll
0x00007ffe3fff0000 - 0x00007ffe40007000 	C:\WINDOWS\SYSTEM32\dhcpcsvc6.DLL
0x00007ffe3ffd0000 - 0x00007ffe3ffed000 	C:\WINDOWS\SYSTEM32\dhcpcsvc.DLL
0x00007ffe454b0000 - 0x00007ffe4557b000 	C:\WINDOWS\SYSTEM32\DNSAPI.dll
0x00007ffdd42f0000 - 0x00007ffdd4411000 	C:\Users\bsc_49_16\.javacpp\cache\opencv-4.5.1-1.5.5-windows-x86_64.jar\org\bytedeco\opencv\windows-x86_64\jniopencv_imgproc.dll
0x00007ffdd0fc0000 - 0x00007ffdd13d8000 	C:\Users\bsc_49_16\.javacpp\cache\opencv-4.5.1-1.5.5-windows-x86_64.jar\org\bytedeco\opencv\windows-x86_64\opencv_imgcodecs451.dll
0x00007ffe0df70000 - 0x00007ffe0dfa0000 	C:\Users\bsc_49_16\.javacpp\cache\opencv-4.5.1-1.5.5-windows-x86_64.jar\org\bytedeco\opencv\windows-x86_64\jniopencv_imgcodecs.dll
0x00007ffddeea0000 - 0x00007ffddf372000 	C:\Users\bsc_49_16\.javacpp\cache\leptonica-1.80.0-1.5.5-windows-x86_64.jar\org\bytedeco\leptonica\windows-x86_64\liblept-5.dll
0x00007ffdcec80000 - 0x00007ffdcef5d000 	C:\Users\bsc_49_16\.javacpp\cache\leptonica-1.80.0-1.5.5-windows-x86_64.jar\org\bytedeco\leptonica\windows-x86_64\jnilept.dll

dbghelp: loaded successfully - version: 4.0.5 - missing functions: none
symbol engine: initialized successfully - sym options: 0x614 - pdb path: .;C:\Program Files\Java\jdk-16\bin;C:\WINDOWS\SYSTEM32;C:\WINDOWS\WinSxS\amd64_microsoft.windows.common-controls_6595b64144ccf1df_6.0.19041.1110_none_60b5254171f9507e;C:\Program Files\Java\jdk-16\bin\server;D:\Programs\IntelliJ IDEA 2020.3.2\bin;C:\Users\bsc_49_16\.javacpp\cache\javacpp-1.5.5-windows-x86_64.jar\org\bytedeco\javacpp\windows-x86_64;C:\Users\bsc_49_16\.javacpp\cache\openblas-0.3.13-1.5.5-windows-x86_64.jar\org\bytedeco\openblas\windows-x86_64;C:\Users\bsc_49_16\.javacpp\cache\opencv-4.5.1-1.5.5-windows-x86_64.jar\org\bytedeco\opencv\windows-x86_64;C:\Users\bsc_49_16\.javacpp\cache\nd4j-native-1.0.0-M1.1-windows-x86_64.jar\org\nd4j\nativeblas\windows-x86_64;C:\Users\bsc_49_16\.javacpp\cache\leptonica-1.80.0-1.5.5-windows-x86_64.jar\org\bytedeco\leptonica\windows-x86_64

VM Arguments:
jvm_args: -javaagent:D:\Programs\IntelliJ IDEA 2020.3.2\lib\idea_rt.jar=55318:D:\Programs\IntelliJ IDEA 2020.3.2\bin -Dfile.encoding=UTF-8 
java_command: MaizeDiseaseDetectionModel
java_class_path (initial): E:\projects\New folder\example-maize-model\target\classes;C:\Users\bsc_49_16\.m2\repository\org\nd4j\nd4j-native\1.0.0-M1.1\nd4j-native-1.0.0-M1.1.jar;C:\Users\bsc_49_16\.m2\repository\org\nd4j\nd4j-native\1.0.0-M1.1\nd4j-native-1.0.0-M1.1-windows-x86_64.jar;C:\Users\bsc_49_16\.m2\repository\org\bytedeco\javacpp\1.5.5\javacpp-1.5.5.jar;C:\Users\bsc_49_16\.m2\repository\org\bytedeco\javacpp\1.5.5\javacpp-1.5.5-windows-x86_64.jar;C:\Users\bsc_49_16\.m2\repository\org\bytedeco\openblas\0.3.13-1.5.5\openblas-0.3.13-1.5.5.jar;C:\Users\bsc_49_16\.m2\repository\org\bytedeco\openblas\0.3.13-1.5.5\openblas-0.3.13-1.5.5-windows-x86_64.jar;C:\Users\bsc_49_16\.m2\repository\org\nd4j\nd4j-api\1.0.0-M1.1\nd4j-api-1.0.0-M1.1.jar;C:\Users\bsc_49_16\.m2\repository\com\jakewharton\byteunits\byteunits\0.9.1\byteunits-0.9.1.jar;C:\Users\bsc_49_16\.m2\repository\org\apache\commons\commons-collections4\4.1\commons-collections4-4.1.jar;C:\Users\bsc_49_16\.m2\repository\com\google\flatbuffers\flatbuffers-java\1.10.0\flatbuffers-java-1.10.0.jar;C:\Users\bsc_49_16\.m2\repository\org\nd4j\protobuf\1.0.0-M1.1\protobuf-1.0.0-M1.1.jar;C:\Users\bsc_49_16\.m2\repository\commons-net\commons-net\3.1\commons-net-3.1.jar;C:\Users\bsc_49_16\.m2\repository\net\ericaro\neoitertools\1.0.0\neoitertools-1.0.0.jar;C:\Users\bsc_49_16\.m2\repository\org\nd4j\nd4j-native-api\1.0.0-M1.1\nd4j-native-api-1.0.0-M1.1.jar;C:\Users\bsc_49_16\.m2\repository\org\nd4j\nd4j-native-preset\1.0.0-M1.1\nd4j-native-preset-1.0.0-M1.1.jar;C:\Users\bsc_49_16\.m2\repository\org\nd4j\nd4j-native-preset\1.0.0-M1.1\nd4j-native-preset-1.0.0-M1.1-windows-x86_64.jar;C:\Users\bsc_49_16\.m2\repository\org\datavec\datavec-api\1.0.0-M1.1\datavec-api-1.0.0-M1.1.jar;C:\Users\bsc_49_16\.m2\repository\org\apache\commons\commons-lang3\3.6\commons-lang3-3.6.jar;C:\Users\bsc_49_16\.m2\repository\commons-io\commons-io\2.5\commons-io-2.5.jar;C:\Users\bsc_49_16\.m2\repository\commons-codec\commons-codec\1.10\commons-codec
Launcher Type: SUN_STANDARD

[Global flags]
     intx CICompilerCount                          = 3                                         {product} {ergonomic}
     uint ConcGCThreads                            = 2                                         {product} {ergonomic}
     uint G1ConcRefinementThreads                  = 6                                         {product} {ergonomic}
   size_t G1HeapRegionSize                         = 2097152                                   {product} {ergonomic}
    uintx GCDrainStackTargetSize                   = 64                                        {product} {ergonomic}
   size_t InitialHeapSize                          = 266338304                                 {product} {ergonomic}
   size_t MarkStackSize                            = 4194304                                   {product} {ergonomic}
   size_t MaxHeapSize                              = 4236247040                                {product} {ergonomic}
   size_t MaxNewSize                               = 2541748224                                {product} {ergonomic}
   size_t MinHeapDeltaBytes                        = 2097152                                   {product} {ergonomic}
   size_t MinHeapSize                              = 8388608                                   {product} {ergonomic}
    uintx NonNMethodCodeHeapSize                   = 5832780                                {pd product} {ergonomic}
    uintx NonProfiledCodeHeapSize                  = 122912730                              {pd product} {ergonomic}
    uintx ProfiledCodeHeapSize                     = 122912730                              {pd product} {ergonomic}
    uintx ReservedCodeCacheSize                    = 251658240                              {pd product} {ergonomic}
     bool SegmentedCodeCache                       = true                                      {product} {ergonomic}
   size_t SoftMaxHeapSize                          = 4236247040                             {manageable} {ergonomic}
     bool UseCompressedClassPointers               = true                           {product lp64_product} {ergonomic}
     bool UseCompressedOops                        = true                           {product lp64_product} {ergonomic}
     bool UseG1GC                                  = true                                      {product} {ergonomic}
     bool UseLargePagesIndividualAllocation        = false                                  {pd product} {ergonomic}

Logging:
Log output configuration:
 #0: stdout all=warning uptime,level,tags
 #1: stderr all=off uptime,level,tags

Environment Variables:
PATH=C:\Program Files (x86)\MiKTeX 2.9\miktex\bin;C:\WINDOWS\system32;C:\WINDOWS;C:\WINDOWS\System32\Wbem;C:\WINDOWS\System32\WindowsPowerShell\v1.0\;C:\WINDOWS\System32\OpenSSH\;C:\Program Files\Git\cmd;C:\Program Files\MATLAB\MATLAB Production Server\R2015a\runtime\win64;C:\Program Files\MATLAB\MATLAB Production Server\R2015a\bin;C:\Program Files\MATLAB\MATLAB Production Server\R2015a\polyspace\bin;C:\Program Files\Gradle\gradle-6.5-all\gradle-6.5\bin;C:\Users\HP\.jdks\corretto-1.8.0_302\bin;C:\Program Files\nodejs\;C:\Users\bsc_49_16\AppData\Local\Microsoft\WindowsApps;
USERNAME=BSC_49_16
OS=Windows_NT
PROCESSOR_IDENTIFIER=Intel64 Family 6 Model 158 Stepping 10, GenuineIntel



---------------  S Y S T E M  ---------------

OS:
 Windows 10 , 64 bit Build 19041 (10.0.19041.1348)
OS uptime: 0 days 13:49 hours

CPU: total 6 (initial active 6) (6 cores per cpu, 1 threads per core) family 6 model 158 stepping 10 microcode 0xd6, cx8, cmov, fxsr, mmx, 3dnowpref, sse, sse2, sse3, ssse3, sse4.1, sse4.2, popcnt, lzcnt, tsc, tscinvbit, avx, avx2, aes, erms, clmul, bmi1, bmi2, rtm, adx, fma, vzeroupper, clflush, clflushopt

Memory: 4k page, system-wide physical 16158M (1210M free)
TotalPageFile size 21706M (AvailPageFile size 2883M)
current process WorkingSet (physical memory assigned to process): 7682M, peak: 7716M
current process commit charge ("private bytes"): 9056M, peak: 9092M

vm_info: Java HotSpot(TM) 64-Bit Server VM (16+36-2231) for windows-amd64 JRE (16+36-2231), built on Feb  8 2021 11:43:10 by "mach5one" with MS VC++ 16.7 (VS2019)

END.
